#
# A fatal error has been detected by the Java Runtime Environment:
#
#  SIGSEGV (0xb) at pc=0x000000010f93cf8c, pid=8238, tid=12547
#
# JRE version: Java(TM) SE Runtime Environment (8.0_31-b13) (build 1.8.0_31-b13)
# Java VM: Java HotSpot(TM) 64-Bit Server VM (25.31-b07 mixed mode bsd-amd64 compressed oops)
# Problematic frame:
# V  [libjvm.dylib+0x13cf8c]  JavaThread::pd_last_frame()+0x90
#
# Failed to write core dump. Core dumps have been disabled. To enable core dumping, try "ulimit -c unlimited" before starting Java again
#
# If you would like to submit a bug report, please visit:
#   http://bugreport.java.com/bugreport/crash.jsp
#

---------------  T H R E A D  ---------------

Current thread (0x00007fddfb807800):  VMThread [stack: 0x000000012c074000,0x000000012c174000] [id=12547]

siginfo: si_signo: 11 (SIGSEGV), si_code: 1 (SEGV_MAPERR), si_addr: 0x0000000134fd2688

Registers:
RAX=0x0000000134fd26d8, RBX=0x000000012c173438, RCX=0x0000000134fd2690, RDX=0x0000000000000001
RSP=0x000000012c173410, RBP=0x000000012c173420, RSI=0x00007fddf94a4800, RDI=0x000000012c173438
R8 =0x0000000000000000, R9 =0x00007fff8dc09d60, R10=0x0000000000002000, R11=0x0000000000000246
R12=0x0000000110095899, R13=0x00007fddf8e01760, R14=0x000000012c173438, R15=0x0000000000000001
RIP=0x000000010f93cf8c, EFLAGS=0x0000000000010246, ERR=0x0000000000000004
  TRAPNO=0x000000000000000e

Top of Stack: (sp=0x000000012c173410)
0x000000012c173410:   000000012c173480 000000012c173480
0x000000012c173420:   000000012c173470 000000010fa3a77c
0x000000012c173430:   000000002c173460 0000000134fd2690
0x000000012c173440:   0000000000000000 000000000000002a
0x000000012c173450:   000000012c173820 0000000134fd26d8
0x000000012c173460:   0000000134fd2690 000000010ffeb3f0
0x000000012c173470:   000000012c173a80 000000010fd34742
0x000000012c173480:   0000000000000000 0000000000000000
0x000000012c173490:   0000000000000000 0000000000000002
0x000000012c1734a0:   0000000000000000 0000000000000000
0x000000012c1734b0:   0000000000000001 0000000000000001
0x000000012c1734c0:   0000000000000000 0000000000000000
0x000000012c1734d0:   0000000000000000 0000000100000000
0x000000012c1734e0:   000000012c173c20 5800000000000002
0x000000012c1734f0:   000000012c173940 0000000000000000
0x000000012c173500:   0000000000000000 000000000000000a
0x000000012c173510:   000000222c1738e0 000000010fde8d8e
0x000000012c173520:   00007fff7bc4d6b8 00000000ffffffff
0x000000012c173530:   0000000000000000 0000000000000000
0x000000012c173540:   000000012c173910 0000000100000000
0x000000012c173550:   0000000000000000 000000010fdac9e9
0x000000012c173560:   0000000000000000 0000000000000001
0x000000012c173570:   000000012c173940 000000012c173588
0x000000012c173580:   0000000000000000 000000010fde8a78
0x000000012c173590:   0000003000000010 000000012c173b70
0x000000012c1735a0:   000000012c173a90 58007fddfb807800
0x000000012c1735b0:   000000012c1736f8 000000000000000e
0x000000012c1735c0:   000000012c1735e0 0000000000000000
0x000000012c1735d0:   000000010fa71588 000000012c1736f8
0x000000012c1735e0:   000000012c173610 00007fddf8c08310
0x000000012c1735f0:   000000012c173628 0000000000000000
0x000000012c173600:   000000012c1736f8 580000000000000e 

Instructions: (pc=0x000000010f93cf8c)
0x000000010f93cf6c:   89 d8 5b 41 5e 5d c3 48 8b 86 d8 01 00 00 48 8b
0x000000010f93cf7c:   8e c8 01 00 00 49 89 0e 49 89 4e 28 49 89 46 20
0x000000010f93cf8c:   48 8b 79 f8 eb a1 55 48 89 e5 41 56 53 48 8b 1f
0x000000010f93cf9c:   ff c6 89 b3 60 02 00 00 48 8d 05 0d 0a 76 00 8b 

Register to memory mapping:

RAX=0x0000000134fd26d8 is pointing into the stack for thread: 0x00007fddf94a4800
RBX=0x000000012c173438 is an unknown value
RCX=0x0000000134fd2690 is pointing into the stack for thread: 0x00007fddf94a4800
RDX=0x0000000000000001 is an unknown value
RSP=0x000000012c173410 is an unknown value
RBP=0x000000012c173420 is an unknown value
RSI=0x00007fddf94a4800 is a thread
RDI=0x000000012c173438 is an unknown value
R8 =0x0000000000000000 is an unknown value
R9 =0x00007fff8dc09d60: zeroes+0 in /usr/lib/system/libsystem_c.dylib at 0x00007fff8db82000
R10=0x0000000000002000 is an unknown value
R11=0x0000000000000246 is an unknown value
R12=0x0000000110095899: PrintSafepointStatistics+0 in /Library/Java/JavaVirtualMachines/jdk1.8.0_31.jdk/Contents/Home/jre/lib/server/libjvm.dylib at 0x000000010f800000
R13=0x00007fddf8e01760 is an unknown value
R14=0x000000012c173438 is an unknown value
R15=0x0000000000000001 is an unknown value


Stack: [0x000000012c074000,0x000000012c174000],  sp=0x000000012c173410,  free space=1021k
Native frames: (J=compiled Java code, j=interpreted, Vv=VM code, C=native code)
V  [libjvm.dylib+0x13cf8c]  JavaThread::pd_last_frame()+0x90
V  [libjvm.dylib+0x23a77c]  StackFrameStream::StackFrameStream(JavaThread*, bool)+0x72
V  [libjvm.dylib+0x534742]  JavaThread::nmethods_do(CodeBlobClosure*)+0x32
V  [libjvm.dylib+0x5347a1]  Threads::nmethods_do(CodeBlobClosure*)+0x21
V  [libjvm.dylib+0x4b0f92]  SafepointSynchronize::do_cleanup_tasks()+0xaa
V  [libjvm.dylib+0x4b15b6]  SafepointSynchronize::begin()+0x3f4
V  [libjvm.dylib+0x57f9f1]  VMThread::loop()+0x319
V  [libjvm.dylib+0x57f31f]  VMThread::run()+0x79
V  [libjvm.dylib+0x45d772]  java_start(Thread*)+0xf6
C  [libsystem_pthread.dylib+0x405a]  _pthread_body+0x83
C  [libsystem_pthread.dylib+0x3fd7]  _pthread_body+0x0
C  [libsystem_pthread.dylib+0x13ed]  thread_start+0xd

VM_Operation (0x0000000130ec74f8): RevokeBias, mode: safepoint, requested by thread 0x00007fddfa423800


---------------  P R O C E S S  ---------------

Java Threads: ( => current thread )
  0x00007fddf94a4800 JavaThread "Thread-44" daemon [_thread_blocked, id=27907, stack(0x0000000134f54000,0x0000000134fd4000)]
  0x00007fddfa423800 JavaThread "orgicgcdccstoragefsstoragefilesystemffd-fuse" [_thread_blocked, id=25867, stack(0x0000000130dca000,0x0000000130eca000)]
  0x00007fddf919f800 JavaThread "jnr.ffi.util.ref.internal.Finalizer" daemon [_thread_blocked, id=25363, stack(0x0000000130bfe000,0x0000000130cfe000)]
  0x00007fddfbd07800 JavaThread "process reaper" daemon [_thread_blocked, id=23299, stack(0x000000012f0fc000,0x000000012f124000)]
  0x00007fddf902e800 JavaThread "Service Thread" daemon [_thread_blocked, id=22275, stack(0x000000012e4bb000,0x000000012e5bb000)]
  0x00007fddf9818000 JavaThread "C1 CompilerThread3" daemon [_thread_blocked, id=21763, stack(0x000000012e3b8000,0x000000012e4b8000)]
  0x00007fddfa00a000 JavaThread "C2 CompilerThread2" daemon [_thread_blocked, id=21251, stack(0x000000012e2b5000,0x000000012e3b5000)]
  0x00007fddf9817800 JavaThread "C2 CompilerThread1" daemon [_thread_blocked, id=20739, stack(0x000000012e1b2000,0x000000012e2b2000)]
  0x00007fddf9054800 JavaThread "C2 CompilerThread0" daemon [_thread_blocked, id=20227, stack(0x000000012e0af000,0x000000012e1af000)]
  0x00007fddfa801800 JavaThread "JDWP Command Reader" daemon [_thread_in_native, id=19715, stack(0x000000012dfac000,0x000000012e0ac000)]
  0x00007fddfb842000 JavaThread "JDWP Event Helper Thread" daemon [_thread_blocked, id=19203, stack(0x000000012dea9000,0x000000012dfa9000)]
  0x00007fddfb843000 JavaThread "JDWP Transport Listener: dt_socket" daemon [_thread_blocked, id=18691, stack(0x000000012dda6000,0x000000012dea6000)]
  0x00007fddfd002000 JavaThread "Signal Dispatcher" daemon [_thread_blocked, id=14615, stack(0x000000012dca3000,0x000000012dda3000)]
  0x00007fddf9053800 JavaThread "Finalizer" daemon [_thread_blocked, id=13571, stack(0x000000012c27a000,0x000000012c37a000)]
  0x00007fddf9053000 JavaThread "Reference Handler" daemon [_thread_blocked, id=13059, stack(0x000000012c177000,0x000000012c277000)]
  0x00007fddfa001800 JavaThread "main" [_thread_blocked, id=4867, stack(0x000000010e6e2000,0x000000010e7e2000)]

Other Threads:
=>0x00007fddfb807800 VMThread [stack: 0x000000012c074000,0x000000012c174000] [id=12547]
  0x00007fddf9036000 WatcherThread [stack: 0x000000012e5be000,0x000000012e6be000] [id=22787]

VM state:at safepoint (normal execution)

VM Mutex/Monitor currently owned by a thread:  ([mutex/lock_event])
[0x00007fddf8d20910] Safepoint_lock - owner thread: 0x00007fddfb807800
[0x00007fddf8d20990] Threads_lock - owner thread: 0x00007fddfb807800

Heap:
 PSYoungGen      total 134144K, used 84811K [0x000000076ab00000, 0x0000000775780000, 0x00000007c0000000)
  eden space 123392K, 60% used [0x000000076ab00000,0x000000076f353ab0,0x0000000772380000)
  from space 10752K, 99% used [0x0000000772b00000,0x000000077357f3c0,0x0000000773580000)
  to   space 26624K, 0% used [0x0000000773d80000,0x0000000773d80000,0x0000000775780000)
 ParOldGen       total 115200K, used 31466K [0x00000006c0000000, 0x00000006c7080000, 0x000000076ab00000)
  object space 115200K, 27% used [0x00000006c0000000,0x00000006c1ebab88,0x00000006c7080000)
 Metaspace       used 28158K, capacity 28502K, committed 28800K, reserved 1075200K
  class space    used 3519K, capacity 3627K, committed 3712K, reserved 1048576K

Card table byte_map: [0x000000011fb67000,0x0000000120368000] byte_map_base: 0x000000011c567000

Marking Bits: (ParMarkBitMap*) 0x000000011009e410
 Begin Bits: [0x00000001210d6000, 0x00000001250d6000)
 End Bits:   [0x00000001250d6000, 0x00000001290d6000)

Polling page: 0x000000010e7f2000

CodeCache: size=245760Kb used=8960Kb max_used=10413Kb free=236799Kb
 bounds [0x00000001107a7000, 0x0000000111207000, 0x000000011f7a7000]
 total_blobs=3118 nmethods=2565 adapters=475
 compilation: enabled

Compilation events (10 events):
Event: 40.374 Thread 0x00007fddf9818000 3084       3       jdk.internal.org.objectweb.asm.ByteVector::putInt (74 bytes)
Event: 40.375 Thread 0x00007fddf9818000 nmethod 3084 0x0000000110e53290 code [0x0000000110e53400, 0x0000000110e536a8]
Event: 40.375 Thread 0x00007fddf9818000 3083       3       java.lang.invoke.LambdaForm$Name::initIndex (26 bytes)
Event: 40.375 Thread 0x00007fddf9818000 nmethod 3083 0x00000001109ebfd0 code [0x00000001109ec140, 0x00000001109ec330]
Event: 40.375 Thread 0x00007fddf9818000 3085       1       java.lang.invoke.MethodTypeForm::basicType (5 bytes)
Event: 40.375 Thread 0x00007fddf9818000 nmethod 3085 0x0000000110ba8f10 code [0x0000000110ba9060, 0x0000000110ba9170]
Event: 40.379 Thread 0x00007fddf9818000 3086       3       java.util.stream.SortedOps$SizedRefSortingSink::accept (18 bytes)
Event: 40.379 Thread 0x00007fddf9818000 nmethod 3086 0x0000000110c37510 code [0x0000000110c37680, 0x0000000110c37930]
Event: 40.379 Thread 0x00007fddfa00a000 3087       4       java.util.stream.SortedOps$SizedRefSortingSink::accept (18 bytes)
Event: 40.380 Thread 0x00007fddfa00a000 nmethod 3087 0x0000000110a049d0 code [0x0000000110a04b20, 0x0000000110a04c58]

GC Heap History (10 events):
Event: 1.289 GC heap before
{Heap before GC invocations=2 (full 0):
 PSYoungGen      total 76288K, used 71917K [0x000000076ab00000, 0x0000000770000000, 0x00000007c0000000)
  eden space 65536K, 100% used [0x000000076ab00000,0x000000076eb00000,0x000000076eb00000)
  from space 10752K, 59% used [0x000000076eb00000,0x000000076f13b7c8,0x000000076f580000)
  to   space 10752K, 0% used [0x000000076f580000,0x000000076f580000,0x0000000770000000)
 ParOldGen       total 175104K, used 80K [0x00000006c0000000, 0x00000006cab00000, 0x000000076ab00000)
  object space 175104K, 0% used [0x00000006c0000000,0x00000006c0014010,0x00000006cab00000)
 Metaspace       used 17978K, capacity 18164K, committed 18560K, reserved 1064960K
  class space    used 2262K, capacity 2317K, committed 2432K, reserved 1048576K
Event: 1.298 GC heap after
Heap after GC invocations=2 (full 0):
 PSYoungGen      total 76288K, used 10736K [0x000000076ab00000, 0x0000000774000000, 0x00000007c0000000)
  eden space 65536K, 0% used [0x000000076ab00000,0x000000076ab00000,0x000000076eb00000)
  from space 10752K, 99% used [0x000000076f580000,0x000000076fffc0d0,0x0000000770000000)
  to   space 10752K, 0% used [0x000000076eb00000,0x000000076eb00000,0x000000076f580000)
 ParOldGen       total 175104K, used 1086K [0x00000006c0000000, 0x00000006cab00000, 0x000000076ab00000)
  object space 175104K, 0% used [0x00000006c0000000,0x00000006c010f9e0,0x00000006cab00000)
 Metaspace       used 17978K, capacity 18164K, committed 18560K, reserved 1064960K
  class space    used 2262K, capacity 2317K, committed 2432K, reserved 1048576K
}
Event: 1.543 GC heap before
{Heap before GC invocations=3 (full 0):
 PSYoungGen      total 76288K, used 45047K [0x000000076ab00000, 0x0000000774000000, 0x00000007c0000000)
  eden space 65536K, 52% used [0x000000076ab00000,0x000000076cc81c70,0x000000076eb00000)
  from space 10752K, 99% used [0x000000076f580000,0x000000076fffc0d0,0x0000000770000000)
  to   space 10752K, 0% used [0x000000076eb00000,0x000000076eb00000,0x000000076f580000)
 ParOldGen       total 175104K, used 1086K [0x00000006c0000000, 0x00000006cab00000, 0x000000076ab00000)
  object space 175104K, 0% used [0x00000006c0000000,0x00000006c010f9e0,0x00000006cab00000)
 Metaspace       used 20785K, capacity 21018K, committed 21296K, reserved 1069056K
  class space    used 2625K, capacity 2670K, committed 2688K, reserved 1048576K
Event: 1.551 GC heap after
Heap after GC invocations=3 (full 0):
 PSYoungGen      total 76288K, used 10721K [0x000000076ab00000, 0x0000000774000000, 0x00000007c0000000)
  eden space 65536K, 0% used [0x000000076ab00000,0x000000076ab00000,0x000000076eb00000)
  from space 10752K, 99% used [0x000000076eb00000,0x000000076f578728,0x000000076f580000)
  to   space 10752K, 0% used [0x0000000773580000,0x0000000773580000,0x0000000774000000)
 ParOldGen       total 175104K, used 2550K [0x00000006c0000000, 0x00000006cab00000, 0x000000076ab00000)
  object space 175104K, 1% used [0x00000006c0000000,0x00000006c027d9c8,0x00000006cab00000)
 Metaspace       used 20785K, capacity 21018K, committed 21296K, reserved 1069056K
  class space    used 2625K, capacity 2670K, committed 2688K, reserved 1048576K
}
Event: 1.551 GC heap before
{Heap before GC invocations=4 (full 1):
 PSYoungGen      total 76288K, used 10721K [0x000000076ab00000, 0x0000000774000000, 0x00000007c0000000)
  eden space 65536K, 0% used [0x000000076ab00000,0x000000076ab00000,0x000000076eb00000)
  from space 10752K, 99% used [0x000000076eb00000,0x000000076f578728,0x000000076f580000)
  to   space 10752K, 0% used [0x0000000773580000,0x0000000773580000,0x0000000774000000)
 ParOldGen       total 175104K, used 2550K [0x00000006c0000000, 0x00000006cab00000, 0x000000076ab00000)
  object space 175104K, 1% used [0x00000006c0000000,0x00000006c027d9c8,0x00000006cab00000)
 Metaspace       used 20785K, capacity 21018K, committed 21296K, reserved 1069056K
  class space    used 2625K, capacity 2670K, committed 2688K, reserved 1048576K
Event: 1.580 GC heap after
Heap after GC invocations=4 (full 1):
 PSYoungGen      total 76288K, used 0K [0x000000076ab00000, 0x0000000774000000, 0x00000007c0000000)
  eden space 65536K, 0% used [0x000000076ab00000,0x000000076ab00000,0x000000076eb00000)
  from space 10752K, 0% used [0x000000076eb00000,0x000000076eb00000,0x000000076f580000)
  to   space 10752K, 0% used [0x0000000773580000,0x0000000773580000,0x0000000774000000)
 ParOldGen       total 115200K, used 11828K [0x00000006c0000000, 0x00000006c7080000, 0x000000076ab00000)
  object space 115200K, 10% used [0x00000006c0000000,0x00000006c0b8d388,0x00000006c7080000)
 Metaspace       used 20784K, capacity 21016K, committed 21296K, reserved 1069056K
  class space    used 2625K, capacity 2669K, committed 2688K, reserved 1048576K
}
Event: 6.836 GC heap before
{Heap before GC invocations=5 (full 1):
 PSYoungGen      total 76288K, used 65536K [0x000000076ab00000, 0x0000000774000000, 0x00000007c0000000)
  eden space 65536K, 100% used [0x000000076ab00000,0x000000076eb00000,0x000000076eb00000)
  from space 10752K, 0% used [0x000000076eb00000,0x000000076eb00000,0x000000076f580000)
  to   space 10752K, 0% used [0x0000000773580000,0x0000000773580000,0x0000000774000000)
 ParOldGen       total 115200K, used 11828K [0x00000006c0000000, 0x00000006c7080000, 0x000000076ab00000)
  object space 115200K, 10% used [0x00000006c0000000,0x00000006c0b8d388,0x00000006c7080000)
 Metaspace       used 23509K, capacity 23836K, committed 24320K, reserved 1071104K
  class space    used 2893K, capacity 2976K, committed 3072K, reserved 1048576K
Event: 6.845 GC heap after
Heap after GC invocations=5 (full 1):
 PSYoungGen      total 102912K, used 10738K [0x000000076ab00000, 0x0000000774000000, 0x00000007c0000000)
  eden space 92160K, 0% used [0x000000076ab00000,0x000000076ab00000,0x0000000770500000)
  from space 10752K, 99% used [0x0000000773580000,0x0000000773ffcae8,0x0000000774000000)
  to   space 10752K, 0% used [0x0000000772b00000,0x0000000772b00000,0x0000000773580000)
 ParOldGen       total 115200K, used 16624K [0x00000006c0000000, 0x00000006c7080000, 0x000000076ab00000)
  object space 115200K, 14% used [0x00000006c0000000,0x00000006c103c0a0,0x00000006c7080000)
 Metaspace       used 23509K, capacity 23836K, committed 24320K, reserved 1071104K
  class space    used 2893K, capacity 2976K, committed 3072K, reserved 1048576K
}
Event: 22.200 GC heap before
{Heap before GC invocations=6 (full 1):
 PSYoungGen      total 102912K, used 102177K [0x000000076ab00000, 0x0000000774000000, 0x00000007c0000000)
  eden space 92160K, 99% used [0x000000076ab00000,0x000000077044bb58,0x0000000770500000)
  from space 10752K, 99% used [0x0000000773580000,0x0000000773ffcae8,0x0000000774000000)
  to   space 10752K, 0% used [0x0000000772b00000,0x0000000772b00000,0x0000000773580000)
 ParOldGen       total 115200K, used 16624K [0x00000006c0000000, 0x00000006c7080000, 0x000000076ab00000)
  object space 115200K, 14% used [0x00000006c0000000,0x00000006c103c0a0,0x00000006c7080000)
 Metaspace       used 27913K, capacity 28230K, committed 28416K, reserved 1075200K
  class space    used 3477K, capacity 3575K, committed 3584K, reserved 1048576K
Event: 22.215 GC heap after
Heap after GC invocations=6 (full 1):
 PSYoungGen      total 134144K, used 10748K [0x000000076ab00000, 0x0000000775780000, 0x00000007c0000000)
  eden space 123392K, 0% used [0x000000076ab00000,0x000000076ab00000,0x0000000772380000)
  from space 10752K, 99% used [0x0000000772b00000,0x000000077357f3c0,0x0000000773580000)
  to   space 26624K, 0% used [0x0000000773d80000,0x0000000773d80000,0x0000000775780000)
 ParOldGen       total 115200K, used 31466K [0x00000006c0000000, 0x00000006c7080000, 0x000000076ab00000)
  object space 115200K, 27% used [0x00000006c0000000,0x00000006c1ebab88,0x00000006c7080000)
 Metaspace       used 27913K, capacity 28230K, committed 28416K, reserved 1075200K
  class space    used 3477K, capacity 3575K, committed 3584K, reserved 1048576K
}

Deoptimization events (10 events):
Event: 8.762 Thread 0x00007fddfa001800 Uncommon trap: reason=predicate action=maybe_recompile pc=0x000000011111b018 method=java.util.TreeMap.put(Ljava/lang/Object;Ljava/lang/Object;)Ljava/lang/Object; @ 58
Event: 8.775 Thread 0x00007fddfa001800 Uncommon trap: reason=unreached action=reinterpret pc=0x0000000110e9f004 method=java.lang.ClassLoader.getClassLoadingLock(Ljava/lang/String;)Ljava/lang/Object; @ 6
Event: 8.888 Thread 0x00007fddfa423800 Uncommon trap: reason=null_check action=make_not_entrant pc=0x0000000110dc259c method=java.lang.StringCoding.deref(Ljava/lang/ThreadLocal;)Ljava/lang/Object; @ 4
Event: 9.638 Thread 0x00007fddfa001800 Uncommon trap: reason=unhandled action=none pc=0x00000001111e5284 method=java.net.URLClassLoader$1.run()Ljava/lang/Class; @ 72
Event: 9.640 Thread 0x00007fddfa001800 Uncommon trap: reason=unhandled action=none pc=0x00000001111e5284 method=java.net.URLClassLoader$1.run()Ljava/lang/Class; @ 72
Event: 9.640 Thread 0x00007fddfa001800 Uncommon trap: reason=unhandled action=none pc=0x00000001111e5284 method=java.net.URLClassLoader$1.run()Ljava/lang/Class; @ 72
Event: 13.856 Thread 0x00007fddf94a4800 Uncommon trap: reason=unhandled action=none pc=0x00000001111e5284 method=java.net.URLClassLoader$1.run()Ljava/lang/Class; @ 72
Event: 13.857 Thread 0x00007fddf94a4800 Uncommon trap: reason=unhandled action=none pc=0x00000001111e5284 method=java.net.URLClassLoader$1.run()Ljava/lang/Class; @ 72
Event: 13.860 Thread 0x00007fddf94a4800 Uncommon trap: reason=unhandled action=none pc=0x00000001111e5284 method=java.net.URLClassLoader$1.run()Ljava/lang/Class; @ 72
Event: 13.861 Thread 0x00007fddf94a4800 Uncommon trap: reason=unhandled action=none pc=0x00000001111e5284 method=java.net.URLClassLoader$1.run()Ljava/lang/Class; @ 72

Internal exceptions (10 events):
Event: 8.964 Thread 0x00007fddf94a4800 Exception <a 'java/security/PrivilegedActionException'> (0x000000076fadc640) thrown at [/Users/java_re/workspace/8-2-build-macosx-x86_64/jdk8u31/2394/hotspot/src/share/vm/prims/jvm.cpp, line 1312]
Event: 9.638 Thread 0x00007fddfa001800 Exception <a 'java/security/PrivilegedActionException'> (0x000000076e14b300) thrown at [/Users/java_re/workspace/8-2-build-macosx-x86_64/jdk8u31/2394/hotspot/src/share/vm/prims/jvm.cpp, line 1312]
Event: 9.640 Thread 0x00007fddfa001800 Exception <a 'java/security/PrivilegedActionException'> (0x000000076e155f88) thrown at [/Users/java_re/workspace/8-2-build-macosx-x86_64/jdk8u31/2394/hotspot/src/share/vm/prims/jvm.cpp, line 1312]
Event: 9.640 Thread 0x00007fddfa001800 Exception <a 'java/security/PrivilegedActionException'> (0x000000076e162160) thrown at [/Users/java_re/workspace/8-2-build-macosx-x86_64/jdk8u31/2394/hotspot/src/share/vm/prims/jvm.cpp, line 1312]
Event: 13.856 Thread 0x00007fddf94a4800 Exception <a 'java/security/PrivilegedActionException'> (0x000000076fd1f520) thrown at [/Users/java_re/workspace/8-2-build-macosx-x86_64/jdk8u31/2394/hotspot/src/share/vm/prims/jvm.cpp, line 1312]
Event: 13.857 Thread 0x00007fddf94a4800 Exception <a 'java/security/PrivilegedActionException'> (0x000000076fd2ce30) thrown at [/Users/java_re/workspace/8-2-build-macosx-x86_64/jdk8u31/2394/hotspot/src/share/vm/prims/jvm.cpp, line 1312]
Event: 13.860 Thread 0x00007fddf94a4800 Exception <a 'java/security/PrivilegedActionException'> (0x000000076fd3b480) thrown at [/Users/java_re/workspace/8-2-build-macosx-x86_64/jdk8u31/2394/hotspot/src/share/vm/prims/jvm.cpp, line 1312]
Event: 13.861 Thread 0x00007fddf94a4800 Exception <a 'java/security/PrivilegedActionException'> (0x000000076fd40bd0) thrown at [/Users/java_re/workspace/8-2-build-macosx-x86_64/jdk8u31/2394/hotspot/src/share/vm/prims/jvm.cpp, line 1312]
Event: 34.037 Thread 0x00007fddf94a4800 Exception <a 'java/lang/NoSuchMethodError': java.lang.Object.lambda$comparing$77a9974f$1(Ljava/util/function/Function;Ljava/lang/Object;Ljava/lang/Object;)I> (0x000000076e694620) thrown at [/Users/java_re/workspace/8-2-build-macosx-x86_64/jdk8u31/2394/hot
Event: 35.317 Thread 0x00007fddf94a4800 Exception <a 'java/lang/NoSuchMethodError': java.lang.Object.lambda$thenComparing$36697e65$1(Ljava/util/Comparator;Ljava/lang/Object;Ljava/lang/Object;)I> (0x000000076e6ae0c8) thrown at [/Users/java_re/workspace/8-2-build-macosx-x86_64/jdk8u31/2394/hotspo

Events (10 events):
Event: 68.884 Executing VM operation: GetOrSetLocal done
Event: 68.884 Executing VM operation: GetOrSetLocal
Event: 68.884 Executing VM operation: GetOrSetLocal done
Event: 68.900 Executing VM operation: GetOrSetLocal
Event: 68.900 Executing VM operation: GetOrSetLocal done
Event: 68.900 Executing VM operation: GetOrSetLocal
Event: 68.900 Executing VM operation: GetOrSetLocal done
Event: 68.900 Executing VM operation: GetOrSetLocal
Event: 68.900 Executing VM operation: GetOrSetLocal done
Event: 68.967 Executing VM operation: RevokeBias


Dynamic libraries:
0x000000000b8fc000 	/System/Library/Frameworks/Cocoa.framework/Versions/A/Cocoa
0x000000000b8fc000 	/System/Library/Frameworks/Security.framework/Versions/A/Security
0x000000000b8fc000 	/System/Library/Frameworks/ApplicationServices.framework/Versions/A/ApplicationServices
0x000000000b8fc000 	/usr/lib/libz.1.dylib
0x000000000b8fc000 	/usr/lib/libSystem.B.dylib
0x000000000b8fc000 	/usr/lib/libobjc.A.dylib
0x000000000b8fc000 	/System/Library/Frameworks/CoreFoundation.framework/Versions/A/CoreFoundation
0x000000000b8fc000 	/System/Library/Frameworks/Foundation.framework/Versions/C/Foundation
0x000000000b8fc000 	/System/Library/Frameworks/AppKit.framework/Versions/C/AppKit
0x000000000b8fc000 	/System/Library/Frameworks/CoreData.framework/Versions/A/CoreData
0x000000000b8fc000 	/System/Library/PrivateFrameworks/RemoteViewServices.framework/Versions/A/RemoteViewServices
0x000000000b8fc000 	/System/Library/PrivateFrameworks/UIFoundation.framework/Versions/A/UIFoundation
0x000000000b8fc000 	/System/Library/Frameworks/IOSurface.framework/Versions/A/IOSurface
0x000000000b8fc000 	/System/Library/Frameworks/AudioToolbox.framework/Versions/A/AudioToolbox
0x000000000b8fc000 	/System/Library/Frameworks/AudioUnit.framework/Versions/A/AudioUnit
0x000000000b8fc000 	/System/Library/PrivateFrameworks/DataDetectorsCore.framework/Versions/A/DataDetectorsCore
0x000000000b8fc000 	/System/Library/PrivateFrameworks/DesktopServicesPriv.framework/Versions/A/DesktopServicesPriv
0x000000000b8fc000 	/System/Library/Frameworks/Carbon.framework/Versions/A/Frameworks/HIToolbox.framework/Versions/A/HIToolbox
0x000000000b8fc000 	/System/Library/Frameworks/QuartzCore.framework/Versions/A/QuartzCore
0x000000000b8fc000 	/System/Library/Frameworks/Carbon.framework/Versions/A/Frameworks/SpeechRecognition.framework/Versions/A/SpeechRecognition
0x000000000b8fc000 	/usr/lib/libauto.dylib
0x000000000b8fc000 	/usr/lib/libicucore.A.dylib
0x000000000b8fc000 	/usr/lib/libxml2.2.dylib
0x000000000b8fc000 	/System/Library/PrivateFrameworks/CoreUI.framework/Versions/A/CoreUI
0x000000000b8fc000 	/System/Library/Frameworks/CoreAudio.framework/Versions/A/CoreAudio
0x000000000b8fc000 	/System/Library/Frameworks/DiskArbitration.framework/Versions/A/DiskArbitration
0x000000000b8fc000 	/usr/lib/liblangid.dylib
0x000000000b8fc000 	/System/Library/PrivateFrameworks/MultitouchSupport.framework/Versions/A/MultitouchSupport
0x000000000b8fc000 	/System/Library/Frameworks/IOKit.framework/Versions/A/IOKit
0x000000000b8fc000 	/usr/lib/libDiagnosticMessagesClient.dylib
0x000000000b8fc000 	/System/Library/Frameworks/CoreServices.framework/Versions/A/CoreServices
0x000000000b8fc000 	/System/Library/PrivateFrameworks/PerformanceAnalysis.framework/Versions/A/PerformanceAnalysis
0x000000000b8fc000 	/System/Library/PrivateFrameworks/GenerationalStorage.framework/Versions/A/GenerationalStorage
0x000000000b8fc000 	/System/Library/Frameworks/OpenGL.framework/Versions/A/OpenGL
0x000000000b8fc000 	/System/Library/PrivateFrameworks/Sharing.framework/Versions/A/Sharing
0x000000000b8fc000 	/System/Library/Frameworks/CoreGraphics.framework/Versions/A/CoreGraphics
0x000000000b8fc000 	/System/Library/Frameworks/CoreText.framework/Versions/A/CoreText
0x000000000b8fc000 	/System/Library/Frameworks/ImageIO.framework/Versions/A/ImageIO
0x000000000b8fc000 	/usr/lib/libextension.dylib
0x000000000b8fc000 	/System/Library/PrivateFrameworks/Backup.framework/Versions/A/Backup
0x000000000b8fc000 	/usr/lib/libarchive.2.dylib
0x000000000b8fc000 	/System/Library/Frameworks/CFNetwork.framework/Versions/A/CFNetwork
0x000000000b8fc000 	/System/Library/Frameworks/SystemConfiguration.framework/Versions/A/SystemConfiguration
0x000000000b8fc000 	/usr/lib/libCRFSuite.dylib
0x000000000b8fc000 	/usr/lib/libc++.1.dylib
0x000000000b8fc000 	/usr/lib/libc++abi.dylib
0x000000000b8fc000 	/usr/lib/system/libcache.dylib
0x000000000b8fc000 	/usr/lib/system/libcommonCrypto.dylib
0x000000000b8fc000 	/usr/lib/system/libcompiler_rt.dylib
0x000000000b8fc000 	/usr/lib/system/libcopyfile.dylib
0x000000000b8fc000 	/usr/lib/system/libcorecrypto.dylib
0x000000000b8fc000 	/usr/lib/system/libdispatch.dylib
0x000000000b8fc000 	/usr/lib/system/libdyld.dylib
0x000000000b8fc000 	/usr/lib/system/libkeymgr.dylib
0x000000000b8fc000 	/usr/lib/system/liblaunch.dylib
0x000000000b8fc000 	/usr/lib/system/libmacho.dylib
0x000000000b8fc000 	/usr/lib/system/libquarantine.dylib
0x000000000b8fc000 	/usr/lib/system/libremovefile.dylib
0x000000000b8fc000 	/usr/lib/system/libsystem_asl.dylib
0x000000000b8fc000 	/usr/lib/system/libsystem_blocks.dylib
0x000000000b8fc000 	/usr/lib/system/libsystem_c.dylib
0x000000000b8fc000 	/usr/lib/system/libsystem_configuration.dylib
0x000000000b8fc000 	/usr/lib/system/libsystem_coreservices.dylib
0x000000000b8fc000 	/usr/lib/system/libsystem_coretls.dylib
0x000000000b8fc000 	/usr/lib/system/libsystem_dnssd.dylib
0x000000000b8fc000 	/usr/lib/system/libsystem_info.dylib
0x000000000b8fc000 	/usr/lib/system/libsystem_kernel.dylib
0x000000000b8fc000 	/usr/lib/system/libsystem_m.dylib
0x000000000b8fc000 	/usr/lib/system/libsystem_malloc.dylib
0x000000000b8fc000 	/usr/lib/system/libsystem_network.dylib
0x000000000b8fc000 	/usr/lib/system/libsystem_networkextension.dylib
0x000000000b8fc000 	/usr/lib/system/libsystem_notify.dylib
0x000000000b8fc000 	/usr/lib/system/libsystem_platform.dylib
0x000000000b8fc000 	/usr/lib/system/libsystem_pthread.dylib
0x000000000b8fc000 	/usr/lib/system/libsystem_sandbox.dylib
0x000000000b8fc000 	/usr/lib/system/libsystem_secinit.dylib
0x000000000b8fc000 	/usr/lib/system/libsystem_stats.dylib
0x000000000b8fc000 	/usr/lib/system/libsystem_trace.dylib
0x000000000b8fc000 	/usr/lib/system/libunc.dylib
0x000000000b8fc000 	/usr/lib/system/libunwind.dylib
0x000000000b8fc000 	/usr/lib/system/libxpc.dylib
0x000000000b8fc000 	/usr/lib/libbz2.1.0.dylib
0x000000000b8fc000 	/usr/lib/liblzma.5.dylib
0x000000000b8fc000 	/usr/lib/libbsm.0.dylib
0x000000000b8fc000 	/usr/lib/libsqlite3.dylib
0x000000000b8fc000 	/usr/lib/system/libkxld.dylib
0x000000000b8fc000 	/usr/lib/libxar.1.dylib
0x000000000b8fc000 	/usr/lib/libpam.2.dylib
0x000000000b8fc000 	/usr/lib/libOpenScriptingUtil.dylib
0x000000000b8fc000 	/System/Library/Frameworks/CoreServices.framework/Versions/A/Frameworks/FSEvents.framework/Versions/A/FSEvents
0x000000000b8fc000 	/System/Library/Frameworks/CoreServices.framework/Versions/A/Frameworks/CarbonCore.framework/Versions/A/CarbonCore
0x000000000b8fc000 	/System/Library/Frameworks/CoreServices.framework/Versions/A/Frameworks/Metadata.framework/Versions/A/Metadata
0x000000000b8fc000 	/System/Library/Frameworks/CoreServices.framework/Versions/A/Frameworks/OSServices.framework/Versions/A/OSServices
0x000000000b8fc000 	/System/Library/Frameworks/CoreServices.framework/Versions/A/Frameworks/SearchKit.framework/Versions/A/SearchKit
0x000000000b8fc000 	/System/Library/Frameworks/CoreServices.framework/Versions/A/Frameworks/AE.framework/Versions/A/AE
0x000000000b8fc000 	/System/Library/Frameworks/CoreServices.framework/Versions/A/Frameworks/LaunchServices.framework/Versions/A/LaunchServices
0x000000000b8fc000 	/System/Library/Frameworks/CoreServices.framework/Versions/A/Frameworks/DictionaryServices.framework/Versions/A/DictionaryServices
0x000000000b8fc000 	/System/Library/Frameworks/NetFS.framework/Versions/A/NetFS
0x000000000b8fc000 	/System/Library/PrivateFrameworks/NetAuth.framework/Versions/A/NetAuth
0x000000000b8fc000 	/System/Library/PrivateFrameworks/login.framework/Versions/A/Frameworks/loginsupport.framework/Versions/A/loginsupport
0x000000000b8fc000 	/System/Library/PrivateFrameworks/TCC.framework/Versions/A/TCC
0x000000000b8fc000 	/usr/lib/libmecabra.dylib
0x000000000b8fc000 	/System/Library/Frameworks/ApplicationServices.framework/Versions/A/Frameworks/ATS.framework/Versions/A/ATS
0x000000000b8fc000 	/System/Library/Frameworks/ApplicationServices.framework/Versions/A/Frameworks/ColorSync.framework/Versions/A/ColorSync
0x000000000b8fc000 	/System/Library/Frameworks/ApplicationServices.framework/Versions/A/Frameworks/HIServices.framework/Versions/A/HIServices
0x000000000b8fc000 	/System/Library/Frameworks/ApplicationServices.framework/Versions/A/Frameworks/LangAnalysis.framework/Versions/A/LangAnalysis
0x000000000b8fc000 	/System/Library/Frameworks/ApplicationServices.framework/Versions/A/Frameworks/PrintCore.framework/Versions/A/PrintCore
0x000000000b8fc000 	/System/Library/Frameworks/ApplicationServices.framework/Versions/A/Frameworks/QD.framework/Versions/A/QD
0x000000000b8fc000 	/System/Library/Frameworks/ApplicationServices.framework/Versions/A/Frameworks/SpeechSynthesis.framework/Versions/A/SpeechSynthesis
0x000000000b8fc000 	/System/Library/Frameworks/Accelerate.framework/Versions/A/Accelerate
0x000000000b8fc000 	/System/Library/Frameworks/Accelerate.framework/Versions/A/Frameworks/vImage.framework/Versions/A/vImage
0x000000000b8fc000 	/System/Library/Frameworks/Accelerate.framework/Versions/A/Frameworks/vecLib.framework/Versions/A/vecLib
0x000000000b8fc000 	/System/Library/Frameworks/Accelerate.framework/Versions/A/Frameworks/vecLib.framework/Versions/A/libvDSP.dylib
0x000000000b8fc000 	/System/Library/Frameworks/Accelerate.framework/Versions/A/Frameworks/vecLib.framework/Versions/A/libvMisc.dylib
0x000000000b8fc000 	/System/Library/Frameworks/Accelerate.framework/Versions/A/Frameworks/vecLib.framework/Versions/A/libLAPACK.dylib
0x000000000b8fc000 	/System/Library/Frameworks/Accelerate.framework/Versions/A/Frameworks/vecLib.framework/Versions/A/libBLAS.dylib
0x000000000b8fc000 	/System/Library/Frameworks/Accelerate.framework/Versions/A/Frameworks/vecLib.framework/Versions/A/libLinearAlgebra.dylib
0x000000000b8fc000 	/System/Library/Frameworks/ApplicationServices.framework/Versions/A/Frameworks/ATS.framework/Versions/A/Resources/libFontParser.dylib
0x000000000b8fc000 	/System/Library/Frameworks/ApplicationServices.framework/Versions/A/Frameworks/ATS.framework/Versions/A/Resources/libFontRegistry.dylib
0x000000000b8fc000 	/System/Library/PrivateFrameworks/AppleVPA.framework/Versions/A/AppleVPA
0x000000000b8fc000 	/System/Library/PrivateFrameworks/AppleJPEG.framework/Versions/A/AppleJPEG
0x000000000b8fc000 	/System/Library/Frameworks/ImageIO.framework/Versions/A/Resources/libJPEG.dylib
0x000000000b8fc000 	/System/Library/Frameworks/ImageIO.framework/Versions/A/Resources/libTIFF.dylib
0x000000000b8fc000 	/System/Library/Frameworks/ImageIO.framework/Versions/A/Resources/libPng.dylib
0x000000000b8fc000 	/System/Library/Frameworks/ImageIO.framework/Versions/A/Resources/libGIF.dylib
0x000000000b8fc000 	/System/Library/Frameworks/ImageIO.framework/Versions/A/Resources/libJP2.dylib
0x000000000b8fc000 	/System/Library/Frameworks/ImageIO.framework/Versions/A/Resources/libRadiance.dylib
0x000000000b8fc000 	/System/Library/Frameworks/CoreVideo.framework/Versions/A/CoreVideo
0x000000000b8fc000 	/System/Library/Frameworks/OpenGL.framework/Versions/A/Libraries/libGLU.dylib
0x000000000b8fc000 	/System/Library/Frameworks/OpenGL.framework/Versions/A/Libraries/libGFXShared.dylib
0x000000000b8fc000 	/System/Library/Frameworks/OpenGL.framework/Versions/A/Libraries/libGL.dylib
0x000000000b8fc000 	/System/Library/Frameworks/OpenGL.framework/Versions/A/Libraries/libGLImage.dylib
0x000000000b8fc000 	/System/Library/Frameworks/OpenGL.framework/Versions/A/Libraries/libCVMSPluginSupport.dylib
0x000000000b8fc000 	/System/Library/Frameworks/OpenGL.framework/Versions/A/Libraries/libCoreVMClient.dylib
0x000000000b8fc000 	/usr/lib/libcups.2.dylib
0x000000000b8fc000 	/System/Library/Frameworks/Kerberos.framework/Versions/A/Kerberos
0x000000000b8fc000 	/System/Library/Frameworks/GSS.framework/Versions/A/GSS
0x000000000b8fc000 	/usr/lib/libresolv.9.dylib
0x000000000b8fc000 	/usr/lib/libiconv.2.dylib
0x000000000b8fc000 	/System/Library/PrivateFrameworks/Heimdal.framework/Versions/A/Heimdal
0x000000000b8fc000 	/usr/lib/libheimdal-asn1.dylib
0x000000000b8fc000 	/System/Library/Frameworks/OpenDirectory.framework/Versions/A/OpenDirectory
0x000000000b8fc000 	/System/Library/PrivateFrameworks/CommonAuth.framework/Versions/A/CommonAuth
0x000000000b8fc000 	/System/Library/Frameworks/OpenDirectory.framework/Versions/A/Frameworks/CFOpenDirectory.framework/Versions/A/CFOpenDirectory
0x000000000b8fc000 	/System/Library/Frameworks/SecurityFoundation.framework/Versions/A/SecurityFoundation
0x000000000b8fc000 	/System/Library/PrivateFrameworks/LanguageModeling.framework/Versions/A/LanguageModeling
0x000000000b8fc000 	/usr/lib/libcmph.dylib
0x000000000b8fc000 	/System/Library/Frameworks/ServiceManagement.framework/Versions/A/ServiceManagement
0x000000000b8fc000 	/usr/lib/libxslt.1.dylib
0x000000000b8fc000 	/System/Library/Frameworks/Carbon.framework/Versions/A/Frameworks/Ink.framework/Versions/A/Ink
0x000000000b8fc000 	/System/Library/Frameworks/QuartzCore.framework/Versions/A/Frameworks/CoreImage.framework/Versions/A/CoreImage
0x000000000b8fc000 	/System/Library/PrivateFrameworks/CrashReporterSupport.framework/Versions/A/CrashReporterSupport
0x000000000b8fc000 	/System/Library/Frameworks/OpenCL.framework/Versions/A/OpenCL
0x000000000b8fc000 	/System/Library/PrivateFrameworks/FaceCore.framework/Versions/A/FaceCore
0x000000000b8fc000 	/System/Library/PrivateFrameworks/Ubiquity.framework/Versions/A/Ubiquity
0x000000000b8fc000 	/System/Library/PrivateFrameworks/IconServices.framework/Versions/A/IconServices
0x000000000b8fc000 	/System/Library/PrivateFrameworks/ChunkingLibrary.framework/Versions/A/ChunkingLibrary
0x000000000b8fc000 	/System/Library/PrivateFrameworks/Apple80211.framework/Versions/A/Apple80211
0x000000000b8fc000 	/System/Library/Frameworks/CoreWLAN.framework/Versions/A/CoreWLAN
0x000000000b8fc000 	/System/Library/Frameworks/IOBluetooth.framework/Versions/A/IOBluetooth
0x000000000b8fc000 	/System/Library/PrivateFrameworks/CoreWiFi.framework/Versions/A/CoreWiFi
0x000000000b8fc000 	/System/Library/Frameworks/CoreBluetooth.framework/Versions/A/CoreBluetooth
0x000000000b8fc000 	/System/Library/PrivateFrameworks/DebugSymbols.framework/Versions/A/DebugSymbols
0x000000000b8fc000 	/System/Library/PrivateFrameworks/CoreSymbolication.framework/Versions/A/CoreSymbolication
0x000000000b8fc000 	/System/Library/PrivateFrameworks/Symbolication.framework/Versions/A/Symbolication
0x000000000b8fc000 	/System/Library/PrivateFrameworks/SpeechRecognitionCore.framework/Versions/A/SpeechRecognitionCore
0x000000010f800000 	/Library/Java/JavaVirtualMachines/jdk1.8.0_31.jdk/Contents/Home/jre/lib/server/libjvm.dylib
0x000000000b8fc000 	/usr/lib/libstdc++.6.dylib
0x000000010e7e4000 	/Library/Java/JavaVirtualMachines/jdk1.8.0_31.jdk/Contents/Home/jre/lib/libverify.dylib
0x000000011071f000 	/Library/Java/JavaVirtualMachines/jdk1.8.0_31.jdk/Contents/Home/jre/lib/libjava.dylib
0x0000000110753000 	/Library/Java/JavaVirtualMachines/jdk1.8.0_31.jdk/Contents/Home/jre/lib/libjdwp.dylib
0x000000010e7f3000 	/Library/Java/JavaVirtualMachines/jdk1.8.0_31.jdk/Contents/Home/jre/lib/libnpt.dylib
0x000000011079e000 	/Library/Java/JavaVirtualMachines/jdk1.8.0_31.jdk/Contents/Home/jre/lib/libzip.dylib
0x000000012c37c000 	/System/Library/Frameworks/JavaVM.framework/Frameworks/JavaRuntimeSupport.framework/JavaRuntimeSupport
0x000000012c392000 	/System/Library/Frameworks/JavaVM.framework/Versions/A/Frameworks/JavaNativeFoundation.framework/Versions/A/JavaNativeFoundation
0x000000012c3a6000 	/System/Library/Frameworks/JavaVM.framework/Versions/A/JavaVM
0x000000000b8fc000 	/System/Library/Frameworks/Carbon.framework/Versions/A/Carbon
0x000000012c3b2000 	/System/Library/PrivateFrameworks/JavaLaunching.framework/Versions/A/JavaLaunching
0x000000000b8fc000 	/System/Library/Frameworks/Carbon.framework/Versions/A/Frameworks/CommonPanels.framework/Versions/A/CommonPanels
0x000000000b8fc000 	/System/Library/Frameworks/Carbon.framework/Versions/A/Frameworks/Help.framework/Versions/A/Help
0x000000000b8fc000 	/System/Library/Frameworks/Carbon.framework/Versions/A/Frameworks/ImageCapture.framework/Versions/A/ImageCapture
0x000000000b8fc000 	/System/Library/Frameworks/Carbon.framework/Versions/A/Frameworks/OpenScripting.framework/Versions/A/OpenScripting
0x000000000b8fc000 	/System/Library/Frameworks/Carbon.framework/Versions/A/Frameworks/Print.framework/Versions/A/Print
0x000000000b8fc000 	/System/Library/Frameworks/Carbon.framework/Versions/A/Frameworks/SecurityHI.framework/Versions/A/SecurityHI
0x000000012c4c3000 	/Library/Java/JavaVirtualMachines/jdk1.8.0_31.jdk/Contents/Home/jre/lib/libdt_socket.dylib
0x000000012eb88000 	/Library/Java/JavaVirtualMachines/jdk1.8.0_31.jdk/Contents/Home/jre/lib/libnet.dylib
0x000000012e99c000 	/Library/Java/JavaVirtualMachines/jdk1.8.0_31.jdk/Contents/Home/jre/lib/libmanagement.dylib
0x000000012e983000 	/private/var/folders/mf/03qtdmr131j0fstqrhncqmsr0000gp/T/libjansi-64-1-9067480156572325933.11
0x000000012e956000 	/Library/Java/JavaVirtualMachines/jdk1.8.0_31.jdk/Contents/Home/jre/lib/libsunec.dylib
0x000000012ea27000 	/Library/Java/JavaVirtualMachines/jdk1.8.0_31.jdk/Contents/Home/jre/lib/libnio.dylib
0x000000012ea6e000 	/private/var/folders/mf/03qtdmr131j0fstqrhncqmsr0000gp/T/jffi2136273051627224715.dylib
0x000000012e9a9000 	/usr/local/lib/libosxfuse.dylib

VM Arguments:
jvm_args: -agentlib:jdwp=transport=dt_socket,suspend=y,address=localhost:50148 -Dfile.encoding=UTF-8 
java_command: org.icgc.dcc.storage.client.ClientMain mount --mount-point /tmp/icgc --logging.org.icgc=DEBUG --spring.profiles.active=amazon --accessToken=94a5da4a-b919-4919-a1ad-b46aaa94e2e2 --client.ssl.trustStore=file:/Users/btiernay/Workspaces/dcc/dcc-storage/dcc-storage-client/src/main/conf/client.jks
java_class_path (initial): /Users/btiernay/Workspaces/dcc/dcc-storage/dcc-storage-client/target/classes:/Users/btiernay/Workspaces/dcc/dcc-storage/dcc-storage-core/target/classes:/Users/btiernay/.m2/repository/com/sun/jersey/jersey-client/1.17.1/jersey-client-1.17.1.jar:/Users/btiernay/.m2/repository/com/sun/jersey/jersey-core/1.17.1/jersey-core-1.17.1.jar:/Users/btiernay/.m2/repository/com/sun/jersey/jersey-json/1.17.1/jersey-json-1.17.1.jar:/Users/btiernay/.m2/repository/org/codehaus/jettison/jettison/1.1/jettison-1.1.jar:/Users/btiernay/.m2/repository/com/sun/xml/bind/jaxb-impl/2.2.3-1/jaxb-impl-2.2.3-1.jar:/Users/btiernay/.m2/repository/javax/xml/bind/jaxb-api/2.2.2/jaxb-api-2.2.2.jar:/Users/btiernay/.m2/repository/javax/xml/stream/stax-api/1.0-2/stax-api-1.0-2.jar:/Users/btiernay/.m2/repository/javax/activation/activation/1.1/activation-1.1.jar:/Users/btiernay/.m2/repository/org/codehaus/jackson/jackson-core-asl/1.9.2/jackson-core-asl-1.9.2.jar:/Users/btiernay/.m2/repository/org/codehaus/jackson/jackson-mapper-asl/1.9.2/jackson-mapper-asl-1.9.2.jar:/Users/btiernay/.m2/repository/org/codehaus/jackson/jackson-jaxrs/1.9.2/jackson-jaxrs-1.9.2.jar:/Users/btiernay/.m2/repository/org/codehaus/jackson/jackson-xc/1.9.2/jackson-xc-1.9.2.jar:/Users/btiernay/.m2/repository/commons-lang/commons-lang/2.6/commons-lang-2.6.jar:/Users/btiernay/Workspaces/dcc/dcc-storage/dcc-storage-fs/target/classes:/Users/btiernay/.m2/repository/co/paralleluniverse/javafs/0.1.0-SNAPSHOT/javafs-0.1.0-SNAPSHOT.jar:/Users/btiernay/.m2/repository/com/github/jnr/jnr-posix/3.0.17/jnr-posix-3.0.17.jar:/Users/btiernay/.m2/repository/com/github/jnr/jnr-constants/0.8.8/jnr-constants-0.8.8.jar:/Users/btiernay/.m2/repository/com/github/jnr/jnr-ffi/2.0.3/jnr-ffi-2.0.3.jar:/Users/btiernay/.m2/repository/com/github/jnr/jffi/1.2.9/jffi-1.2.9.jar:/Users/btiernay/.m2/repository/com/github/jnr/jffi/1.2.9/jffi-1.2.9-native.jar:/Users/btiernay/.m2/repository/org/ow2/asm/asm/5.0.3/asm-5.0.3.jar:/Users/btiernay/.m
Launcher Type: SUN_STANDARD

Environment Variables:
PATH=/usr/bin:/bin:/usr/sbin:/sbin
SHELL=/bin/zsh
DISPLAY=/private/tmp/com.apple.launchd.swBkMAQZYL/org.macosforge.xquartz:0

Signal Handlers:
SIGSEGV: [libjvm.dylib+0x57a0e7], sa_mask[0]=11111111011111110111111111111111, sa_flags=SA_ONSTACK|SA_RESTART|SA_SIGINFO
SIGBUS: [libjvm.dylib+0x57a0e7], sa_mask[0]=11111111011111110111111111111111, sa_flags=SA_RESTART|SA_SIGINFO
SIGFPE: [libjvm.dylib+0x45af24], sa_mask[0]=11111111011111110111111111111111, sa_flags=SA_RESTART|SA_SIGINFO
SIGPIPE: [libjvm.dylib+0x45af24], sa_mask[0]=11111111011111110111111111111111, sa_flags=SA_RESTART|SA_SIGINFO
SIGXFSZ: [libjvm.dylib+0x45af24], sa_mask[0]=11111111011111110111111111111111, sa_flags=SA_RESTART|SA_SIGINFO
SIGILL: [libjvm.dylib+0x45af24], sa_mask[0]=11111111011111110111111111111111, sa_flags=SA_RESTART|SA_SIGINFO
SIGUSR1: SIG_DFL, sa_mask[0]=00000000000000000000000000000000, sa_flags=none
SIGUSR2: [libjvm.dylib+0x45aa42], sa_mask[0]=00100000000000000000000000000000, sa_flags=SA_RESTART|SA_SIGINFO
SIGHUP: [libjvm.dylib+0x459015], sa_mask[0]=11111111011111110111111111111111, sa_flags=SA_RESTART|SA_SIGINFO
SIGINT: [libjvm.dylib+0x459015], sa_mask[0]=11111111011111110111111111111111, sa_flags=SA_RESTART|SA_SIGINFO
SIGTERM: [libjvm.dylib+0x459015], sa_mask[0]=11111111011111110111111111111111, sa_flags=SA_RESTART|SA_SIGINFO
SIGQUIT: [libjvm.dylib+0x459015], sa_mask[0]=11111111011111110111111111111111, sa_flags=SA_RESTART|SA_SIGINFO


---------------  S Y S T E M  ---------------

OS:Bsduname:Darwin 14.5.0 Darwin Kernel Version 14.5.0: Wed Jul 29 02:26:53 PDT 2015; root:xnu-2782.40.9~1/RELEASE_X86_64 x86_64
rlimit: STACK 8192k, CORE 0k, NPROC 709, NOFILE 10240, AS infinity
load average:2.52 2.25 2.17

CPU:total 8 (4 cores per cpu, 2 threads per core) family 6 model 70 stepping 1, cmov, cx8, fxsr, mmx, sse, sse2, sse3, ssse3, sse4.1, sse4.2, popcnt, avx, avx2, aes, clmul, erms, rtm, lzcnt, ht, tsc, tscinvbit, bmi1, bmi2

Memory: 4k page, physical 16777216k(4155444k free)

/proc/meminfo:


vm_info: Java HotSpot(TM) 64-Bit Server VM (25.31-b07) for bsd-amd64 JRE (1.8.0_31-b13), built on Dec 17 2014 20:45:36 by "java_re" with gcc 4.2.1 (Based on Apple Inc. build 5658) (LLVM build 2336.11.00)

time: Tue Oct  6 22:18:04 2015
elapsed time: 68 seconds (0d 0h 1m 8s)

