#
# A fatal error has been detected by the Java Runtime Environment:
#
#  SIGSEGV (0xb) at pc=0x0000000110d3cf8c, pid=8088, tid=12547
#
# JRE version: Java(TM) SE Runtime Environment (8.0_31-b13) (build 1.8.0_31-b13)
# Java VM: Java HotSpot(TM) 64-Bit Server VM (25.31-b07 mixed mode bsd-amd64 compressed oops)
# Problematic frame:
# V  [libjvm.dylib+0x13cf8c]
#
# Failed to write core dump. Core dumps have been disabled. To enable core dumping, try "ulimit -c unlimited" before starting Java again
#
# If you would like to submit a bug report, please visit:
#   http://bugreport.java.com/bugreport/crash.jsp
#

---------------  T H R E A D  ---------------

Current thread (0x00007ff2e2066000):  VMThread [stack: 0x000000012d4f7000,0x000000012d5f7000] [id=12547]

siginfo: si_signo: 11 (SIGSEGV), si_code: 1 (SEGV_MAPERR), si_addr: 0x0000000132214528

Registers:
RAX=0x0000000132214570, RBX=0x000000012d5f6438, RCX=0x0000000132214530, RDX=0x0000000000000001
RSP=0x000000012d5f6410, RBP=0x000000012d5f6420, RSI=0x00007ff2e7bb8800, RDI=0x000000012d5f6438
R8 =0x0000000000000000, R9 =0x00007fff8dc09d60, R10=0x0000000000002000, R11=0x0000000000000246
R12=0x0000000111495899, R13=0x00007ff2e1e015a0, R14=0x000000012d5f6438, R15=0x0000000000000001
RIP=0x0000000110d3cf8c, EFLAGS=0x0000000000010246, ERR=0x0000000000000004
  TRAPNO=0x000000000000000e

Top of Stack: (sp=0x000000012d5f6410)
0x000000012d5f6410:   000000012d5f6480 000000012d5f6480
0x000000012d5f6420:   000000012d5f6470 0000000110e3a77c
0x000000012d5f6430:   000000002d5f6460 0000000132214530
0x000000012d5f6440:   0000000000000000 000000000000002a
0x000000012d5f6450:   000000012d5f6820 0000000132214570
0x000000012d5f6460:   0000000132214530 00000001113eb3f0
0x000000012d5f6470:   000000012d5f6a80 0000000111134742
0x000000012d5f6480:   0000000000000000 0000000000000000
0x000000012d5f6490:   0000000000000000 0000000000000002
0x000000012d5f64a0:   0000000000000000 0000000000000000
0x000000012d5f64b0:   0000000000000001 0000000000000001
0x000000012d5f64c0:   0000000000000000 0000000000000000
0x000000012d5f64d0:   0000000000000000 0000000100000000
0x000000012d5f64e0:   000000012d5f6c20 5800000000000002
0x000000012d5f64f0:   000000012d5f6940 0000000000000000
0x000000012d5f6500:   0000000000000000 000000000000000a
0x000000012d5f6510:   000000222d5f68e0 00000001111e8d8e
0x000000012d5f6520:   00007fff7bc4d6b8 00000000ffffffff
0x000000012d5f6530:   0000000000000000 0000000000000000
0x000000012d5f6540:   000000012d5f6910 0000000100000000
0x000000012d5f6550:   0000000000000000 00000001111ac9e9
0x000000012d5f6560:   0000000000000000 0000000110cda4cf
0x000000012d5f6570:   000000012d5f6940 000000012d5f6588
0x000000012d5f6580:   0000000000000000 00000001111e8a78
0x000000012d5f6590:   0000003000000010 000000012d5f6b70
0x000000012d5f65a0:   000000012d5f6a90 5800000000000037
0x000000012d5f65b0:   000000012d5f65e0 0000000110cda540
0x000000012d5f65c0:   000000012d5f65e0 0000000000000000
0x000000012d5f65d0:   0000000110e71588 000000012d5f66f8
0x000000012d5f65e0:   000000012d5f6610 00007ff2e1c18320
0x000000012d5f65f0:   000000012d5f6628 0000000000000000
0x000000012d5f6600:   000000012d5f66f8 5800000000000037 

Instructions: (pc=0x0000000110d3cf8c)
0x0000000110d3cf6c:   89 d8 5b 41 5e 5d c3 48 8b 86 d8 01 00 00 48 8b
0x0000000110d3cf7c:   8e c8 01 00 00 49 89 0e 49 89 4e 28 49 89 46 20
0x0000000110d3cf8c:   48 8b 79 f8 eb a1 55 48 89 e5 41 56 53 48 8b 1f
0x0000000110d3cf9c:   ff c6 89 b3 60 02 00 00 48 8d 05 0d 0a 76 00 8b 

Register to memory mapping:

RAX=0x0000000132214570 is pointing into the stack for thread: 0x00007ff2e7bb8800
RBX=0x000000012d5f6438 is an unknown value
RCX=0x0000000132214530 is pointing into the stack for thread: 0x00007ff2e7bb8800
RDX=0x0000000000000001 is an unknown value
RSP=0x000000012d5f6410 is an unknown value
RBP=0x000000012d5f6420 is an unknown value
RSI=0x00007ff2e7bb8800 is a thread
RDI=0x000000012d5f6438 is an unknown value
R8 =0x0000000000000000 is an unknown value
R9 =0x00007fff8dc09d60: zeroes+0 in /usr/lib/system/libsystem_c.dylib at 0x00007fff8db82000
R10=0x0000000000002000 is an unknown value
R11=0x0000000000000246 is an unknown value
R12=0x0000000111495899: PrintSafepointStatistics+0 in /Library/Java/JavaVirtualMachines/jdk1.8.0_31.jdk/Contents/Home/jre/lib/server/libjvm.dylib at 0x0000000110c00000
R13=0x00007ff2e1e015a0 is an unknown value
R14=0x000000012d5f6438 is an unknown value
R15=0x0000000000000001 is an unknown value


Stack: [0x000000012d4f7000,0x000000012d5f7000],  sp=0x000000012d5f6410,  free space=1021k
Native frames: (J=compiled Java code, j=interpreted, Vv=VM code, C=native code)
V  [libjvm.dylib+0x13cf8c]
V  [libjvm.dylib+0x23a77c]
V  [libjvm.dylib+0x534742]
V  [libjvm.dylib+0x5347a1]
V  [libjvm.dylib+0x4b0f92]
V  [libjvm.dylib+0x4b15b6]
V  [libjvm.dylib+0x57f9f1]
V  [libjvm.dylib+0x57f31f]
V  [libjvm.dylib+0x45d772]
C  [libsystem_pthread.dylib+0x405a]  _pthread_body+0x83
C  [libsystem_pthread.dylib+0x3fd7]  _pthread_body+0x0
C  [libsystem_pthread.dylib+0x13ed]  thread_start+0xd

VM_Operation (0x0000000131f0c4f8): RevokeBias, mode: safepoint, requested by thread 0x00007ff2e30b5000


---------------  P R O C E S S  ---------------

Java Threads: ( => current thread )
  0x00007ff2e7bb8800 JavaThread "Thread-46" daemon [_thread_blocked, id=26627, stack(0x0000000132195000,0x0000000132215000)]
  0x00007ff2e30b5000 JavaThread "orgicgcdccstoragefsstoragefilesystemdfc-fuse" [_thread_blocked, id=24907, stack(0x0000000131e0f000,0x0000000131f0f000)]
  0x00007ff2e7223000 JavaThread "jnr.ffi.util.ref.internal.Finalizer" daemon [_thread_blocked, id=24659, stack(0x0000000131736000,0x0000000131836000)]
  0x00007ff2e60d5000 JavaThread "process reaper" daemon [_thread_blocked, id=23043, stack(0x000000013033e000,0x0000000130366000)]
  0x00007ff2e3825000 JavaThread "Service Thread" daemon [_thread_blocked, id=22019, stack(0x000000012f8b5000,0x000000012f9b5000)]
  0x00007ff2e2804000 JavaThread "C1 CompilerThread3" daemon [_thread_blocked, id=21507, stack(0x000000012f7b2000,0x000000012f8b2000)]
  0x00007ff2e3824000 JavaThread "C2 CompilerThread2" daemon [_thread_blocked, id=20995, stack(0x000000012f6af000,0x000000012f7af000)]
  0x00007ff2e3823800 JavaThread "C2 CompilerThread1" daemon [_thread_blocked, id=20483, stack(0x000000012f5ac000,0x000000012f6ac000)]
  0x00007ff2e500c800 JavaThread "C2 CompilerThread0" daemon [_thread_blocked, id=19971, stack(0x000000012f4a9000,0x000000012f5a9000)]
  0x00007ff2e382f800 JavaThread "JDWP Command Reader" daemon [_thread_in_native, id=19459, stack(0x000000012f3a6000,0x000000012f4a6000)]
  0x00007ff2e2074000 JavaThread "JDWP Event Helper Thread" daemon [_thread_blocked, id=18947, stack(0x000000012f2a3000,0x000000012f3a3000)]
  0x00007ff2e3830800 JavaThread "JDWP Transport Listener: dt_socket" daemon [_thread_blocked, id=18195, stack(0x000000012f1a0000,0x000000012f2a0000)]
  0x00007ff2e380f000 JavaThread "Signal Dispatcher" daemon [_thread_blocked, id=14355, stack(0x000000012f096000,0x000000012f196000)]
  0x00007ff2e5003000 JavaThread "Finalizer" daemon [_thread_blocked, id=13571, stack(0x000000012d6fd000,0x000000012d7fd000)]
  0x00007ff2e5002000 JavaThread "Reference Handler" daemon [_thread_blocked, id=13059, stack(0x000000012d5fa000,0x000000012d6fa000)]
  0x00007ff2e3803000 JavaThread "main" [_thread_blocked, id=4867, stack(0x0000000111b20000,0x0000000111c20000)]

Other Threads:
=>0x00007ff2e2066000 VMThread [stack: 0x000000012d4f7000,0x000000012d5f7000] [id=12547]
  0x00007ff2e3825800 WatcherThread [stack: 0x000000012f9b8000,0x000000012fab8000] [id=22531]

VM state:at safepoint (normal execution)

VM Mutex/Monitor currently owned by a thread:  ([mutex/lock_event])
[0x00007ff2e1c0eaf0] Safepoint_lock - owner thread: 0x00007ff2e2066000
[0x00007ff2e1c0eb70] Threads_lock - owner thread: 0x00007ff2e2066000

Heap:
 PSYoungGen      total 127488K, used 87798K [0x000000076ab00000, 0x0000000775200000, 0x00000007c0000000)
  eden space 116736K, 66% used [0x000000076ab00000,0x000000076f63e7f0,0x0000000771d00000)
  from space 10752K, 99% used [0x0000000772b00000,0x000000077357f3f0,0x0000000773580000)
  to   space 27136K, 0% used [0x0000000773780000,0x0000000773780000,0x0000000775200000)
 ParOldGen       total 117760K, used 32333K [0x00000006c0000000, 0x00000006c7300000, 0x000000076ab00000)
  object space 117760K, 27% used [0x00000006c0000000,0x00000006c1f936f0,0x00000006c7300000)
 Metaspace       used 28202K, capacity 28572K, committed 29056K, reserved 1075200K
  class space    used 3523K, capacity 3628K, committed 3712K, reserved 1048576K

Card table byte_map: [0x0000000120feb000,0x00000001217ec000] byte_map_base: 0x000000011d9eb000

Marking Bits: (ParMarkBitMap*) 0x000000011149e410
 Begin Bits: [0x000000012255a000, 0x000000012655a000)
 End Bits:   [0x000000012655a000, 0x000000012a55a000)

Polling page: 0x000000010fba0000

CodeCache: size=245760Kb used=8943Kb max_used=10305Kb free=236816Kb
 bounds [0x0000000111c2b000, 0x000000011267b000, 0x0000000120c2b000]
 total_blobs=3130 nmethods=2577 adapters=475
 compilation: enabled

Compilation events (10 events):
Event: 35.236 Thread 0x00007ff2e2804000 3051       3       com.google.common.collect.ImmutableCollection$ArrayBasedBuilder::ensureCapacity (30 bytes)
Event: 35.236 Thread 0x00007ff2e2804000 nmethod 3051 0x0000000111d50990 code [0x0000000111d50b60, 0x0000000111d513b8]
Event: 35.236 Thread 0x00007ff2e2804000 3059       1       org.icgc.dcc.storage.core.model.ObjectInfo::getSize (5 bytes)
Event: 35.236 Thread 0x00007ff2e2804000 nmethod 3059 0x0000000111f37590 code [0x0000000111f376e0, 0x0000000111f377f0]
Event: 35.237 Thread 0x00007ff2e3824000 3060       4       org.icgc.dcc.storage.fs.StorageFile::storageFile (4 bytes)
Event: 35.237 Thread 0x00007ff2e3823800 3061       4       org.icgc.dcc.storage.fs.StorageFile$StorageFileBuilder::build (28 bytes)
Event: 35.237 Thread 0x00007ff2e3824000 nmethod 3060 0x0000000111f372d0 code [0x0000000111f37420, 0x0000000111f374d8]
Event: 35.238 Thread 0x00007ff2e3823800 nmethod 3061 0x0000000111f5b850 code [0x0000000111f5b9a0, 0x0000000111f5ba98]
Event: 35.238 Thread 0x00007ff2e500c800 3062       4       com.google.common.collect.ImmutableList$Builder::add (8 bytes)
Event: 35.240 Thread 0x00007ff2e500c800 nmethod 3062 0x000000011209e290 code [0x000000011209e400, 0x000000011209e678]

GC Heap History (10 events):
Event: 1.334 GC heap before
{Heap before GC invocations=2 (full 0):
 PSYoungGen      total 76288K, used 71878K [0x000000076ab00000, 0x0000000770000000, 0x00000007c0000000)
  eden space 65536K, 100% used [0x000000076ab00000,0x000000076eb00000,0x000000076eb00000)
  from space 10752K, 58% used [0x000000076eb00000,0x000000076f131a30,0x000000076f580000)
  to   space 10752K, 0% used [0x000000076f580000,0x000000076f580000,0x0000000770000000)
 ParOldGen       total 175104K, used 80K [0x00000006c0000000, 0x00000006cab00000, 0x000000076ab00000)
  object space 175104K, 0% used [0x00000006c0000000,0x00000006c0014010,0x00000006cab00000)
 Metaspace       used 17981K, capacity 18164K, committed 18560K, reserved 1064960K
  class space    used 2262K, capacity 2317K, committed 2432K, reserved 1048576K
Event: 1.342 GC heap after
Heap after GC invocations=2 (full 0):
 PSYoungGen      total 76288K, used 10749K [0x000000076ab00000, 0x0000000770000000, 0x00000007c0000000)
  eden space 65536K, 0% used [0x000000076ab00000,0x000000076ab00000,0x000000076eb00000)
  from space 10752K, 99% used [0x000000076f580000,0x000000076ffff410,0x0000000770000000)
  to   space 10752K, 0% used [0x000000076eb00000,0x000000076eb00000,0x000000076f580000)
 ParOldGen       total 175104K, used 1105K [0x00000006c0000000, 0x00000006cab00000, 0x000000076ab00000)
  object space 175104K, 0% used [0x00000006c0000000,0x00000006c01146a0,0x00000006cab00000)
 Metaspace       used 17981K, capacity 18164K, committed 18560K, reserved 1064960K
  class space    used 2262K, capacity 2317K, committed 2432K, reserved 1048576K
}
Event: 1.587 GC heap before
{Heap before GC invocations=3 (full 0):
 PSYoungGen      total 76288K, used 44018K [0x000000076ab00000, 0x0000000770000000, 0x00000007c0000000)
  eden space 65536K, 50% used [0x000000076ab00000,0x000000076cb7d558,0x000000076eb00000)
  from space 10752K, 99% used [0x000000076f580000,0x000000076ffff410,0x0000000770000000)
  to   space 10752K, 0% used [0x000000076eb00000,0x000000076eb00000,0x000000076f580000)
 ParOldGen       total 175104K, used 1105K [0x00000006c0000000, 0x00000006cab00000, 0x000000076ab00000)
  object space 175104K, 0% used [0x00000006c0000000,0x00000006c01146a0,0x00000006cab00000)
 Metaspace       used 20795K, capacity 21018K, committed 21296K, reserved 1069056K
  class space    used 2626K, capacity 2670K, committed 2688K, reserved 1048576K
Event: 1.594 GC heap after
Heap after GC invocations=3 (full 0):
 PSYoungGen      total 76288K, used 10721K [0x000000076ab00000, 0x0000000774000000, 0x00000007c0000000)
  eden space 65536K, 0% used [0x000000076ab00000,0x000000076ab00000,0x000000076eb00000)
  from space 10752K, 99% used [0x000000076eb00000,0x000000076f578728,0x000000076f580000)
  to   space 10752K, 0% used [0x0000000773580000,0x0000000773580000,0x0000000774000000)
 ParOldGen       total 175104K, used 2578K [0x00000006c0000000, 0x00000006cab00000, 0x000000076ab00000)
  object space 175104K, 1% used [0x00000006c0000000,0x00000006c0284b10,0x00000006cab00000)
 Metaspace       used 20795K, capacity 21018K, committed 21296K, reserved 1069056K
  class space    used 2626K, capacity 2670K, committed 2688K, reserved 1048576K
}
Event: 1.594 GC heap before
{Heap before GC invocations=4 (full 1):
 PSYoungGen      total 76288K, used 10721K [0x000000076ab00000, 0x0000000774000000, 0x00000007c0000000)
  eden space 65536K, 0% used [0x000000076ab00000,0x000000076ab00000,0x000000076eb00000)
  from space 10752K, 99% used [0x000000076eb00000,0x000000076f578728,0x000000076f580000)
  to   space 10752K, 0% used [0x0000000773580000,0x0000000773580000,0x0000000774000000)
 ParOldGen       total 175104K, used 2578K [0x00000006c0000000, 0x00000006cab00000, 0x000000076ab00000)
  object space 175104K, 1% used [0x00000006c0000000,0x00000006c0284b10,0x00000006cab00000)
 Metaspace       used 20795K, capacity 21018K, committed 21296K, reserved 1069056K
  class space    used 2626K, capacity 2670K, committed 2688K, reserved 1048576K
Event: 1.628 GC heap after
Heap after GC invocations=4 (full 1):
 PSYoungGen      total 76288K, used 0K [0x000000076ab00000, 0x0000000774000000, 0x00000007c0000000)
  eden space 65536K, 0% used [0x000000076ab00000,0x000000076ab00000,0x000000076eb00000)
  from space 10752K, 0% used [0x000000076eb00000,0x000000076eb00000,0x000000076f580000)
  to   space 10752K, 0% used [0x0000000773580000,0x0000000773580000,0x0000000774000000)
 ParOldGen       total 117760K, used 11828K [0x00000006c0000000, 0x00000006c7300000, 0x000000076ab00000)
  object space 117760K, 10% used [0x00000006c0000000,0x00000006c0b8d380,0x00000006c7300000)
 Metaspace       used 20794K, capacity 21016K, committed 21296K, reserved 1069056K
  class space    used 2625K, capacity 2669K, committed 2688K, reserved 1048576K
}
Event: 6.445 GC heap before
{Heap before GC invocations=5 (full 1):
 PSYoungGen      total 76288K, used 65536K [0x000000076ab00000, 0x0000000774000000, 0x00000007c0000000)
  eden space 65536K, 100% used [0x000000076ab00000,0x000000076eb00000,0x000000076eb00000)
  from space 10752K, 0% used [0x000000076eb00000,0x000000076eb00000,0x000000076f580000)
  to   space 10752K, 0% used [0x0000000773580000,0x0000000773580000,0x0000000774000000)
 ParOldGen       total 117760K, used 11828K [0x00000006c0000000, 0x00000006c7300000, 0x000000076ab00000)
  object space 117760K, 10% used [0x00000006c0000000,0x00000006c0b8d380,0x00000006c7300000)
 Metaspace       used 23510K, capacity 23836K, committed 24320K, reserved 1071104K
  class space    used 2890K, capacity 2976K, committed 3072K, reserved 1048576K
Event: 6.455 GC heap after
Heap after GC invocations=5 (full 1):
 PSYoungGen      total 99840K, used 10737K [0x000000076ab00000, 0x0000000774000000, 0x00000007c0000000)
  eden space 89088K, 0% used [0x000000076ab00000,0x000000076ab00000,0x0000000770200000)
  from space 10752K, 99% used [0x0000000773580000,0x0000000773ffc640,0x0000000774000000)
  to   space 10752K, 0% used [0x0000000772b00000,0x0000000772b00000,0x0000000773580000)
 ParOldGen       total 117760K, used 16475K [0x00000006c0000000, 0x00000006c7300000, 0x000000076ab00000)
  object space 117760K, 13% used [0x00000006c0000000,0x00000006c1016cf8,0x00000006c7300000)
 Metaspace       used 23510K, capacity 23836K, committed 24320K, reserved 1071104K
  class space    used 2890K, capacity 2976K, committed 3072K, reserved 1048576K
}
Event: 12.434 GC heap before
{Heap before GC invocations=6 (full 1):
 PSYoungGen      total 99840K, used 98837K [0x000000076ab00000, 0x0000000774000000, 0x00000007c0000000)
  eden space 89088K, 98% used [0x000000076ab00000,0x0000000770108f48,0x0000000770200000)
  from space 10752K, 99% used [0x0000000773580000,0x0000000773ffc640,0x0000000774000000)
  to   space 10752K, 0% used [0x0000000772b00000,0x0000000772b00000,0x0000000773580000)
 ParOldGen       total 117760K, used 16475K [0x00000006c0000000, 0x00000006c7300000, 0x000000076ab00000)
  object space 117760K, 13% used [0x00000006c0000000,0x00000006c1016cf8,0x00000006c7300000)
 Metaspace       used 27940K, capacity 28300K, committed 28672K, reserved 1075200K
  class space    used 3478K, capacity 3576K, committed 3584K, reserved 1048576K
Event: 12.449 GC heap after
Heap after GC invocations=6 (full 1):
 PSYoungGen      total 127488K, used 10748K [0x000000076ab00000, 0x0000000775200000, 0x00000007c0000000)
  eden space 116736K, 0% used [0x000000076ab00000,0x000000076ab00000,0x0000000771d00000)
  from space 10752K, 99% used [0x0000000772b00000,0x000000077357f3f0,0x0000000773580000)
  to   space 27136K, 0% used [0x0000000773780000,0x0000000773780000,0x0000000775200000)
 ParOldGen       total 117760K, used 32333K [0x00000006c0000000, 0x00000006c7300000, 0x000000076ab00000)
  object space 117760K, 27% used [0x00000006c0000000,0x00000006c1f936f0,0x00000006c7300000)
 Metaspace       used 27940K, capacity 28300K, committed 28672K, reserved 1075200K
  class space    used 3478K, capacity 3576K, committed 3584K, reserved 1048576K
}

Deoptimization events (10 events):
Event: 7.218 Thread 0x00007ff2e3803000 Uncommon trap: reason=class_check action=maybe_recompile pc=0x0000000111d6a290 method=com.fasterxml.jackson.databind.deser.BeanDeserializer.deserialize(Lcom/fasterxml/jackson/core/JsonParser;Lcom/fasterxml/jackson/databind/DeserializationContext;)Ljava/la
Event: 8.771 Thread 0x00007ff2e3803000 Uncommon trap: reason=unreached action=reinterpret pc=0x0000000111e1241c method=java.lang.AbstractStringBuilder.append(Ljava/lang/String;)Ljava/lang/AbstractStringBuilder; @ 1
Event: 8.782 Thread 0x00007ff2e3803000 Uncommon trap: reason=class_check action=maybe_recompile pc=0x0000000111d46298 method=java.util.regex.Pattern$7.isSatisfiedBy(I)Z @ 5
Event: 8.782 Thread 0x00007ff2e3803000 Uncommon trap: reason=class_check action=maybe_recompile pc=0x0000000111d46298 method=java.util.regex.Pattern$7.isSatisfiedBy(I)Z @ 5
Event: 8.856 Thread 0x00007ff2e3803000 Uncommon trap: reason=predicate action=maybe_recompile pc=0x000000011256723c method=java.util.TreeMap.put(Ljava/lang/Object;Ljava/lang/Object;)Ljava/lang/Object; @ 58
Event: 8.869 Thread 0x00007ff2e3803000 Uncommon trap: reason=unreached action=reinterpret pc=0x000000011231be04 method=java.lang.ClassLoader.getClassLoadingLock(Ljava/lang/String;)Ljava/lang/Object; @ 6
Event: 8.986 Thread 0x00007ff2e30b5000 Uncommon trap: reason=null_check action=make_not_entrant pc=0x0000000112227f9c method=java.lang.StringCoding.deref(Ljava/lang/ThreadLocal;)Ljava/lang/Object; @ 4
Event: 9.740 Thread 0x00007ff2e3803000 Uncommon trap: reason=unhandled action=none pc=0x000000011264cf88 method=java.net.URLClassLoader$1.run()Ljava/lang/Class; @ 72
Event: 9.741 Thread 0x00007ff2e3803000 Uncommon trap: reason=unhandled action=none pc=0x000000011264cf88 method=java.net.URLClassLoader$1.run()Ljava/lang/Class; @ 72
Event: 9.742 Thread 0x00007ff2e3803000 Uncommon trap: reason=unhandled action=none pc=0x000000011264cf88 method=java.net.URLClassLoader$1.run()Ljava/lang/Class; @ 72

Internal exceptions (10 events):
Event: 9.065 Thread 0x00007ff2e7bb8800 Exception <a 'java/security/PrivilegedActionException'> (0x000000076f693f58) thrown at [/Users/java_re/workspace/8-2-build-macosx-x86_64/jdk8u31/2394/hotspot/src/share/vm/prims/jvm.cpp, line 1312]
Event: 9.740 Thread 0x00007ff2e3803000 Exception <a 'java/security/PrivilegedActionException'> (0x000000076e18bfb8) thrown at [/Users/java_re/workspace/8-2-build-macosx-x86_64/jdk8u31/2394/hotspot/src/share/vm/prims/jvm.cpp, line 1312]
Event: 9.741 Thread 0x00007ff2e3803000 Exception <a 'java/security/PrivilegedActionException'> (0x000000076e196c40) thrown at [/Users/java_re/workspace/8-2-build-macosx-x86_64/jdk8u31/2394/hotspot/src/share/vm/prims/jvm.cpp, line 1312]
Event: 9.742 Thread 0x00007ff2e3803000 Exception <a 'java/security/PrivilegedActionException'> (0x000000076e1a2e18) thrown at [/Users/java_re/workspace/8-2-build-macosx-x86_64/jdk8u31/2394/hotspot/src/share/vm/prims/jvm.cpp, line 1312]
Event: 13.244 Thread 0x00007ff2e7bb8800 Exception <a 'java/security/PrivilegedActionException'> (0x000000076e57b490) thrown at [/Users/java_re/workspace/8-2-build-macosx-x86_64/jdk8u31/2394/hotspot/src/share/vm/prims/jvm.cpp, line 1312]
Event: 13.247 Thread 0x00007ff2e7bb8800 Exception <a 'java/security/PrivilegedActionException'> (0x000000076e589428) thrown at [/Users/java_re/workspace/8-2-build-macosx-x86_64/jdk8u31/2394/hotspot/src/share/vm/prims/jvm.cpp, line 1312]
Event: 27.112 Thread 0x00007ff2e7bb8800 Exception <a 'java/security/PrivilegedActionException'> (0x000000076e598b30) thrown at [/Users/java_re/workspace/8-2-build-macosx-x86_64/jdk8u31/2394/hotspot/src/share/vm/prims/jvm.cpp, line 1312]
Event: 27.121 Thread 0x00007ff2e7bb8800 Exception <a 'java/security/PrivilegedActionException'> (0x000000076e59e908) thrown at [/Users/java_re/workspace/8-2-build-macosx-x86_64/jdk8u31/2394/hotspot/src/share/vm/prims/jvm.cpp, line 1312]
Event: 41.733 Thread 0x00007ff2e7bb8800 Exception <a 'java/lang/NoSuchMethodError': java.lang.Object.lambda$comparing$77a9974f$1(Ljava/util/function/Function;Ljava/lang/Object;Ljava/lang/Object;)I> (0x000000076f527988) thrown at [/Users/java_re/workspace/8-2-build-macosx-x86_64/jdk8u31/2394/hot
Event: 42.462 Thread 0x00007ff2e7bb8800 Exception <a 'java/lang/NoSuchMethodError': java.lang.Object.lambda$thenComparing$36697e65$1(Ljava/util/Comparator;Ljava/lang/Object;Ljava/lang/Object;)I> (0x000000076f541430) thrown at [/Users/java_re/workspace/8-2-build-macosx-x86_64/jdk8u31/2394/hotspo

Events (10 events):
Event: 61.281 Executing VM operation: GetOrSetLocal done
Event: 61.281 Executing VM operation: GetOrSetLocal
Event: 61.281 Executing VM operation: GetOrSetLocal done
Event: 61.281 Executing VM operation: GetOrSetLocal
Event: 61.281 Executing VM operation: GetOrSetLocal done
Event: 61.282 Executing VM operation: GetOrSetLocal
Event: 61.282 Executing VM operation: GetOrSetLocal done
Event: 61.282 Executing VM operation: GetOrSetLocal
Event: 61.282 Executing VM operation: GetOrSetLocal done
Event: 69.071 Executing VM operation: RevokeBias


Dynamic libraries:
0x000000000b8fc000 	/System/Library/Frameworks/Cocoa.framework/Versions/A/Cocoa
0x000000000b8fc000 	/System/Library/Frameworks/Security.framework/Versions/A/Security
0x000000000b8fc000 	/System/Library/Frameworks/ApplicationServices.framework/Versions/A/ApplicationServices
0x000000000b8fc000 	/usr/lib/libz.1.dylib
0x000000000b8fc000 	/usr/lib/libSystem.B.dylib
0x000000000b8fc000 	/usr/lib/libobjc.A.dylib
0x000000000b8fc000 	/System/Library/Frameworks/CoreFoundation.framework/Versions/A/CoreFoundation
0x000000000b8fc000 	/System/Library/Frameworks/Foundation.framework/Versions/C/Foundation
0x000000000b8fc000 	/System/Library/Frameworks/AppKit.framework/Versions/C/AppKit
0x000000000b8fc000 	/System/Library/Frameworks/CoreData.framework/Versions/A/CoreData
0x000000000b8fc000 	/System/Library/PrivateFrameworks/RemoteViewServices.framework/Versions/A/RemoteViewServices
0x000000000b8fc000 	/System/Library/PrivateFrameworks/UIFoundation.framework/Versions/A/UIFoundation
0x000000000b8fc000 	/System/Library/Frameworks/IOSurface.framework/Versions/A/IOSurface
0x000000000b8fc000 	/System/Library/Frameworks/AudioToolbox.framework/Versions/A/AudioToolbox
0x000000000b8fc000 	/System/Library/Frameworks/AudioUnit.framework/Versions/A/AudioUnit
0x000000000b8fc000 	/System/Library/PrivateFrameworks/DataDetectorsCore.framework/Versions/A/DataDetectorsCore
0x000000000b8fc000 	/System/Library/PrivateFrameworks/DesktopServicesPriv.framework/Versions/A/DesktopServicesPriv
0x000000000b8fc000 	/System/Library/Frameworks/Carbon.framework/Versions/A/Frameworks/HIToolbox.framework/Versions/A/HIToolbox
0x000000000b8fc000 	/System/Library/Frameworks/QuartzCore.framework/Versions/A/QuartzCore
0x000000000b8fc000 	/System/Library/Frameworks/Carbon.framework/Versions/A/Frameworks/SpeechRecognition.framework/Versions/A/SpeechRecognition
0x000000000b8fc000 	/usr/lib/libauto.dylib
0x000000000b8fc000 	/usr/lib/libicucore.A.dylib
0x000000000b8fc000 	/usr/lib/libxml2.2.dylib
0x000000000b8fc000 	/System/Library/PrivateFrameworks/CoreUI.framework/Versions/A/CoreUI
0x000000000b8fc000 	/System/Library/Frameworks/CoreAudio.framework/Versions/A/CoreAudio
0x000000000b8fc000 	/System/Library/Frameworks/DiskArbitration.framework/Versions/A/DiskArbitration
0x000000000b8fc000 	/usr/lib/liblangid.dylib
0x000000000b8fc000 	/System/Library/PrivateFrameworks/MultitouchSupport.framework/Versions/A/MultitouchSupport
0x000000000b8fc000 	/System/Library/Frameworks/IOKit.framework/Versions/A/IOKit
0x000000000b8fc000 	/usr/lib/libDiagnosticMessagesClient.dylib
0x000000000b8fc000 	/System/Library/Frameworks/CoreServices.framework/Versions/A/CoreServices
0x000000000b8fc000 	/System/Library/PrivateFrameworks/PerformanceAnalysis.framework/Versions/A/PerformanceAnalysis
0x000000000b8fc000 	/System/Library/PrivateFrameworks/GenerationalStorage.framework/Versions/A/GenerationalStorage
0x000000000b8fc000 	/System/Library/Frameworks/OpenGL.framework/Versions/A/OpenGL
0x000000000b8fc000 	/System/Library/PrivateFrameworks/Sharing.framework/Versions/A/Sharing
0x000000000b8fc000 	/System/Library/Frameworks/CoreGraphics.framework/Versions/A/CoreGraphics
0x000000000b8fc000 	/System/Library/Frameworks/CoreText.framework/Versions/A/CoreText
0x000000000b8fc000 	/System/Library/Frameworks/ImageIO.framework/Versions/A/ImageIO
0x000000000b8fc000 	/usr/lib/libextension.dylib
0x000000000b8fc000 	/System/Library/PrivateFrameworks/Backup.framework/Versions/A/Backup
0x000000000b8fc000 	/usr/lib/libarchive.2.dylib
0x000000000b8fc000 	/System/Library/Frameworks/CFNetwork.framework/Versions/A/CFNetwork
0x000000000b8fc000 	/System/Library/Frameworks/SystemConfiguration.framework/Versions/A/SystemConfiguration
0x000000000b8fc000 	/usr/lib/libCRFSuite.dylib
0x000000000b8fc000 	/usr/lib/libc++.1.dylib
0x000000000b8fc000 	/usr/lib/libc++abi.dylib
0x000000000b8fc000 	/usr/lib/system/libcache.dylib
0x000000000b8fc000 	/usr/lib/system/libcommonCrypto.dylib
0x000000000b8fc000 	/usr/lib/system/libcompiler_rt.dylib
0x000000000b8fc000 	/usr/lib/system/libcopyfile.dylib
0x000000000b8fc000 	/usr/lib/system/libcorecrypto.dylib
0x000000000b8fc000 	/usr/lib/system/libdispatch.dylib
0x000000000b8fc000 	/usr/lib/system/libdyld.dylib
0x000000000b8fc000 	/usr/lib/system/libkeymgr.dylib
0x000000000b8fc000 	/usr/lib/system/liblaunch.dylib
0x000000000b8fc000 	/usr/lib/system/libmacho.dylib
0x000000000b8fc000 	/usr/lib/system/libquarantine.dylib
0x000000000b8fc000 	/usr/lib/system/libremovefile.dylib
0x000000000b8fc000 	/usr/lib/system/libsystem_asl.dylib
0x000000000b8fc000 	/usr/lib/system/libsystem_blocks.dylib
0x000000000b8fc000 	/usr/lib/system/libsystem_c.dylib
0x000000000b8fc000 	/usr/lib/system/libsystem_configuration.dylib
0x000000000b8fc000 	/usr/lib/system/libsystem_coreservices.dylib
0x000000000b8fc000 	/usr/lib/system/libsystem_coretls.dylib
0x000000000b8fc000 	/usr/lib/system/libsystem_dnssd.dylib
0x000000000b8fc000 	/usr/lib/system/libsystem_info.dylib
0x000000000b8fc000 	/usr/lib/system/libsystem_kernel.dylib
0x000000000b8fc000 	/usr/lib/system/libsystem_m.dylib
0x000000000b8fc000 	/usr/lib/system/libsystem_malloc.dylib
0x000000000b8fc000 	/usr/lib/system/libsystem_network.dylib
0x000000000b8fc000 	/usr/lib/system/libsystem_networkextension.dylib
0x000000000b8fc000 	/usr/lib/system/libsystem_notify.dylib
0x000000000b8fc000 	/usr/lib/system/libsystem_platform.dylib
0x000000000b8fc000 	/usr/lib/system/libsystem_pthread.dylib
0x000000000b8fc000 	/usr/lib/system/libsystem_sandbox.dylib
0x000000000b8fc000 	/usr/lib/system/libsystem_secinit.dylib
0x000000000b8fc000 	/usr/lib/system/libsystem_stats.dylib
0x000000000b8fc000 	/usr/lib/system/libsystem_trace.dylib
0x000000000b8fc000 	/usr/lib/system/libunc.dylib
0x000000000b8fc000 	/usr/lib/system/libunwind.dylib
0x000000000b8fc000 	/usr/lib/system/libxpc.dylib
0x000000000b8fc000 	/usr/lib/libbz2.1.0.dylib
0x000000000b8fc000 	/usr/lib/liblzma.5.dylib
0x000000000b8fc000 	/usr/lib/libbsm.0.dylib
0x000000000b8fc000 	/usr/lib/libsqlite3.dylib
0x000000000b8fc000 	/usr/lib/system/libkxld.dylib
0x000000000b8fc000 	/usr/lib/libxar.1.dylib
0x000000000b8fc000 	/usr/lib/libpam.2.dylib
0x000000000b8fc000 	/usr/lib/libOpenScriptingUtil.dylib
0x000000000b8fc000 	/System/Library/Frameworks/CoreServices.framework/Versions/A/Frameworks/FSEvents.framework/Versions/A/FSEvents
0x000000000b8fc000 	/System/Library/Frameworks/CoreServices.framework/Versions/A/Frameworks/CarbonCore.framework/Versions/A/CarbonCore
0x000000000b8fc000 	/System/Library/Frameworks/CoreServices.framework/Versions/A/Frameworks/Metadata.framework/Versions/A/Metadata
0x000000000b8fc000 	/System/Library/Frameworks/CoreServices.framework/Versions/A/Frameworks/OSServices.framework/Versions/A/OSServices
0x000000000b8fc000 	/System/Library/Frameworks/CoreServices.framework/Versions/A/Frameworks/SearchKit.framework/Versions/A/SearchKit
0x000000000b8fc000 	/System/Library/Frameworks/CoreServices.framework/Versions/A/Frameworks/AE.framework/Versions/A/AE
0x000000000b8fc000 	/System/Library/Frameworks/CoreServices.framework/Versions/A/Frameworks/LaunchServices.framework/Versions/A/LaunchServices
0x000000000b8fc000 	/System/Library/Frameworks/CoreServices.framework/Versions/A/Frameworks/DictionaryServices.framework/Versions/A/DictionaryServices
0x000000000b8fc000 	/System/Library/Frameworks/NetFS.framework/Versions/A/NetFS
0x000000000b8fc000 	/System/Library/PrivateFrameworks/NetAuth.framework/Versions/A/NetAuth
0x000000000b8fc000 	/System/Library/PrivateFrameworks/login.framework/Versions/A/Frameworks/loginsupport.framework/Versions/A/loginsupport
0x000000000b8fc000 	/System/Library/PrivateFrameworks/TCC.framework/Versions/A/TCC
0x000000000b8fc000 	/usr/lib/libmecabra.dylib
0x000000000b8fc000 	/System/Library/Frameworks/ApplicationServices.framework/Versions/A/Frameworks/ATS.framework/Versions/A/ATS
0x000000000b8fc000 	/System/Library/Frameworks/ApplicationServices.framework/Versions/A/Frameworks/ColorSync.framework/Versions/A/ColorSync
0x000000000b8fc000 	/System/Library/Frameworks/ApplicationServices.framework/Versions/A/Frameworks/HIServices.framework/Versions/A/HIServices
0x000000000b8fc000 	/System/Library/Frameworks/ApplicationServices.framework/Versions/A/Frameworks/LangAnalysis.framework/Versions/A/LangAnalysis
0x000000000b8fc000 	/System/Library/Frameworks/ApplicationServices.framework/Versions/A/Frameworks/PrintCore.framework/Versions/A/PrintCore
0x000000000b8fc000 	/System/Library/Frameworks/ApplicationServices.framework/Versions/A/Frameworks/QD.framework/Versions/A/QD
0x000000000b8fc000 	/System/Library/Frameworks/ApplicationServices.framework/Versions/A/Frameworks/SpeechSynthesis.framework/Versions/A/SpeechSynthesis
0x000000000b8fc000 	/System/Library/Frameworks/Accelerate.framework/Versions/A/Accelerate
0x000000000b8fc000 	/System/Library/Frameworks/Accelerate.framework/Versions/A/Frameworks/vImage.framework/Versions/A/vImage
0x000000000b8fc000 	/System/Library/Frameworks/Accelerate.framework/Versions/A/Frameworks/vecLib.framework/Versions/A/vecLib
0x000000000b8fc000 	/System/Library/Frameworks/Accelerate.framework/Versions/A/Frameworks/vecLib.framework/Versions/A/libvDSP.dylib
0x000000000b8fc000 	/System/Library/Frameworks/Accelerate.framework/Versions/A/Frameworks/vecLib.framework/Versions/A/libvMisc.dylib
0x000000000b8fc000 	/System/Library/Frameworks/Accelerate.framework/Versions/A/Frameworks/vecLib.framework/Versions/A/libLAPACK.dylib
0x000000000b8fc000 	/System/Library/Frameworks/Accelerate.framework/Versions/A/Frameworks/vecLib.framework/Versions/A/libBLAS.dylib
0x000000000b8fc000 	/System/Library/Frameworks/Accelerate.framework/Versions/A/Frameworks/vecLib.framework/Versions/A/libLinearAlgebra.dylib
0x000000000b8fc000 	/System/Library/Frameworks/ApplicationServices.framework/Versions/A/Frameworks/ATS.framework/Versions/A/Resources/libFontParser.dylib
0x000000000b8fc000 	/System/Library/Frameworks/ApplicationServices.framework/Versions/A/Frameworks/ATS.framework/Versions/A/Resources/libFontRegistry.dylib
0x000000000b8fc000 	/System/Library/PrivateFrameworks/AppleVPA.framework/Versions/A/AppleVPA
0x000000000b8fc000 	/System/Library/PrivateFrameworks/AppleJPEG.framework/Versions/A/AppleJPEG
0x000000000b8fc000 	/System/Library/Frameworks/ImageIO.framework/Versions/A/Resources/libJPEG.dylib
0x000000000b8fc000 	/System/Library/Frameworks/ImageIO.framework/Versions/A/Resources/libTIFF.dylib
0x000000000b8fc000 	/System/Library/Frameworks/ImageIO.framework/Versions/A/Resources/libPng.dylib
0x000000000b8fc000 	/System/Library/Frameworks/ImageIO.framework/Versions/A/Resources/libGIF.dylib
0x000000000b8fc000 	/System/Library/Frameworks/ImageIO.framework/Versions/A/Resources/libJP2.dylib
0x000000000b8fc000 	/System/Library/Frameworks/ImageIO.framework/Versions/A/Resources/libRadiance.dylib
0x000000000b8fc000 	/System/Library/Frameworks/CoreVideo.framework/Versions/A/CoreVideo
0x000000000b8fc000 	/System/Library/Frameworks/OpenGL.framework/Versions/A/Libraries/libGLU.dylib
0x000000000b8fc000 	/System/Library/Frameworks/OpenGL.framework/Versions/A/Libraries/libGFXShared.dylib
0x000000000b8fc000 	/System/Library/Frameworks/OpenGL.framework/Versions/A/Libraries/libGL.dylib
0x000000000b8fc000 	/System/Library/Frameworks/OpenGL.framework/Versions/A/Libraries/libGLImage.dylib
0x000000000b8fc000 	/System/Library/Frameworks/OpenGL.framework/Versions/A/Libraries/libCVMSPluginSupport.dylib
0x000000000b8fc000 	/System/Library/Frameworks/OpenGL.framework/Versions/A/Libraries/libCoreVMClient.dylib
0x000000000b8fc000 	/usr/lib/libcups.2.dylib
0x000000000b8fc000 	/System/Library/Frameworks/Kerberos.framework/Versions/A/Kerberos
0x000000000b8fc000 	/System/Library/Frameworks/GSS.framework/Versions/A/GSS
0x000000000b8fc000 	/usr/lib/libresolv.9.dylib
0x000000000b8fc000 	/usr/lib/libiconv.2.dylib
0x000000000b8fc000 	/System/Library/PrivateFrameworks/Heimdal.framework/Versions/A/Heimdal
0x000000000b8fc000 	/usr/lib/libheimdal-asn1.dylib
0x000000000b8fc000 	/System/Library/Frameworks/OpenDirectory.framework/Versions/A/OpenDirectory
0x000000000b8fc000 	/System/Library/PrivateFrameworks/CommonAuth.framework/Versions/A/CommonAuth
0x000000000b8fc000 	/System/Library/Frameworks/OpenDirectory.framework/Versions/A/Frameworks/CFOpenDirectory.framework/Versions/A/CFOpenDirectory
0x000000000b8fc000 	/System/Library/Frameworks/SecurityFoundation.framework/Versions/A/SecurityFoundation
0x000000000b8fc000 	/System/Library/PrivateFrameworks/LanguageModeling.framework/Versions/A/LanguageModeling
0x000000000b8fc000 	/usr/lib/libcmph.dylib
0x000000000b8fc000 	/System/Library/Frameworks/ServiceManagement.framework/Versions/A/ServiceManagement
0x000000000b8fc000 	/usr/lib/libxslt.1.dylib
0x000000000b8fc000 	/System/Library/Frameworks/Carbon.framework/Versions/A/Frameworks/Ink.framework/Versions/A/Ink
0x000000000b8fc000 	/System/Library/Frameworks/QuartzCore.framework/Versions/A/Frameworks/CoreImage.framework/Versions/A/CoreImage
0x000000000b8fc000 	/System/Library/PrivateFrameworks/CrashReporterSupport.framework/Versions/A/CrashReporterSupport
0x000000000b8fc000 	/System/Library/Frameworks/OpenCL.framework/Versions/A/OpenCL
0x000000000b8fc000 	/System/Library/PrivateFrameworks/FaceCore.framework/Versions/A/FaceCore
0x000000000b8fc000 	/System/Library/PrivateFrameworks/Ubiquity.framework/Versions/A/Ubiquity
0x000000000b8fc000 	/System/Library/PrivateFrameworks/IconServices.framework/Versions/A/IconServices
0x000000000b8fc000 	/System/Library/PrivateFrameworks/ChunkingLibrary.framework/Versions/A/ChunkingLibrary
0x000000000b8fc000 	/System/Library/PrivateFrameworks/Apple80211.framework/Versions/A/Apple80211
0x000000000b8fc000 	/System/Library/Frameworks/CoreWLAN.framework/Versions/A/CoreWLAN
0x000000000b8fc000 	/System/Library/Frameworks/IOBluetooth.framework/Versions/A/IOBluetooth
0x000000000b8fc000 	/System/Library/PrivateFrameworks/CoreWiFi.framework/Versions/A/CoreWiFi
0x000000000b8fc000 	/System/Library/Frameworks/CoreBluetooth.framework/Versions/A/CoreBluetooth
0x000000000b8fc000 	/System/Library/PrivateFrameworks/DebugSymbols.framework/Versions/A/DebugSymbols
0x000000000b8fc000 	/System/Library/PrivateFrameworks/CoreSymbolication.framework/Versions/A/CoreSymbolication
0x000000000b8fc000 	/System/Library/PrivateFrameworks/Symbolication.framework/Versions/A/Symbolication
0x000000000b8fc000 	/System/Library/PrivateFrameworks/SpeechRecognitionCore.framework/Versions/A/SpeechRecognitionCore
0x0000000110c00000 	/Library/Java/JavaVirtualMachines/jdk1.8.0_31.jdk/Contents/Home/jre/lib/server/libjvm.dylib
0x000000000b8fc000 	/usr/lib/libstdc++.6.dylib
0x000000010fb5e000 	/Library/Java/JavaVirtualMachines/jdk1.8.0_31.jdk/Contents/Home/jre/lib/libverify.dylib
0x000000010fb6c000 	/Library/Java/JavaVirtualMachines/jdk1.8.0_31.jdk/Contents/Home/jre/lib/libjava.dylib
0x000000010fba1000 	/Library/Java/JavaVirtualMachines/jdk1.8.0_31.jdk/Contents/Home/jre/lib/libjdwp.dylib
0x000000010fbec000 	/Library/Java/JavaVirtualMachines/jdk1.8.0_31.jdk/Contents/Home/jre/lib/libnpt.dylib
0x0000000111c22000 	/Library/Java/JavaVirtualMachines/jdk1.8.0_31.jdk/Contents/Home/jre/lib/libzip.dylib
0x000000012d7ff000 	/System/Library/Frameworks/JavaVM.framework/Frameworks/JavaRuntimeSupport.framework/JavaRuntimeSupport
0x000000012d815000 	/System/Library/Frameworks/JavaVM.framework/Versions/A/Frameworks/JavaNativeFoundation.framework/Versions/A/JavaNativeFoundation
0x000000012d829000 	/System/Library/Frameworks/JavaVM.framework/Versions/A/JavaVM
0x000000000b8fc000 	/System/Library/Frameworks/Carbon.framework/Versions/A/Carbon
0x000000012d835000 	/System/Library/PrivateFrameworks/JavaLaunching.framework/Versions/A/JavaLaunching
0x000000000b8fc000 	/System/Library/Frameworks/Carbon.framework/Versions/A/Frameworks/CommonPanels.framework/Versions/A/CommonPanels
0x000000000b8fc000 	/System/Library/Frameworks/Carbon.framework/Versions/A/Frameworks/Help.framework/Versions/A/Help
0x000000000b8fc000 	/System/Library/Frameworks/Carbon.framework/Versions/A/Frameworks/ImageCapture.framework/Versions/A/ImageCapture
0x000000000b8fc000 	/System/Library/Frameworks/Carbon.framework/Versions/A/Frameworks/OpenScripting.framework/Versions/A/OpenScripting
0x000000000b8fc000 	/System/Library/Frameworks/Carbon.framework/Versions/A/Frameworks/Print.framework/Versions/A/Print
0x000000000b8fc000 	/System/Library/Frameworks/Carbon.framework/Versions/A/Frameworks/SecurityHI.framework/Versions/A/SecurityHI
0x000000012f198000 	/Library/Java/JavaVirtualMachines/jdk1.8.0_31.jdk/Contents/Home/jre/lib/libdt_socket.dylib
0x000000012ff82000 	/Library/Java/JavaVirtualMachines/jdk1.8.0_31.jdk/Contents/Home/jre/lib/libnet.dylib
0x000000012fdbc000 	/Library/Java/JavaVirtualMachines/jdk1.8.0_31.jdk/Contents/Home/jre/lib/libmanagement.dylib
0x000000012fdcd000 	/private/var/folders/mf/03qtdmr131j0fstqrhncqmsr0000gp/T/libjansi-64-1-612788331218081380.11
0x000000013039d000 	/Library/Java/JavaVirtualMachines/jdk1.8.0_31.jdk/Contents/Home/jre/lib/libsunec.dylib
0x000000012fd71000 	/Library/Java/JavaVirtualMachines/jdk1.8.0_31.jdk/Contents/Home/jre/lib/libnio.dylib
0x000000012fe60000 	/private/var/folders/mf/03qtdmr131j0fstqrhncqmsr0000gp/T/jffi474621620913517096.dylib
0x00000001301c0000 	/usr/local/lib/libosxfuse.dylib

VM Arguments:
jvm_args: -agentlib:jdwp=transport=dt_socket,suspend=y,address=localhost:50124 -Dfile.encoding=UTF-8 
java_command: org.icgc.dcc.storage.client.ClientMain mount --mount-point /tmp/icgc --logging.org.icgc=DEBUG --spring.profiles.active=amazon --accessToken=94a5da4a-b919-4919-a1ad-b46aaa94e2e2 --client.ssl.trustStore=file:/Users/btiernay/Workspaces/dcc/dcc-storage/dcc-storage-client/src/main/conf/client.jks
java_class_path (initial): /Users/btiernay/Workspaces/dcc/dcc-storage/dcc-storage-client/target/classes:/Users/btiernay/Workspaces/dcc/dcc-storage/dcc-storage-core/target/classes:/Users/btiernay/.m2/repository/com/sun/jersey/jersey-client/1.17.1/jersey-client-1.17.1.jar:/Users/btiernay/.m2/repository/com/sun/jersey/jersey-core/1.17.1/jersey-core-1.17.1.jar:/Users/btiernay/.m2/repository/com/sun/jersey/jersey-json/1.17.1/jersey-json-1.17.1.jar:/Users/btiernay/.m2/repository/org/codehaus/jettison/jettison/1.1/jettison-1.1.jar:/Users/btiernay/.m2/repository/com/sun/xml/bind/jaxb-impl/2.2.3-1/jaxb-impl-2.2.3-1.jar:/Users/btiernay/.m2/repository/javax/xml/bind/jaxb-api/2.2.2/jaxb-api-2.2.2.jar:/Users/btiernay/.m2/repository/javax/xml/stream/stax-api/1.0-2/stax-api-1.0-2.jar:/Users/btiernay/.m2/repository/javax/activation/activation/1.1/activation-1.1.jar:/Users/btiernay/.m2/repository/org/codehaus/jackson/jackson-core-asl/1.9.2/jackson-core-asl-1.9.2.jar:/Users/btiernay/.m2/repository/org/codehaus/jackson/jackson-mapper-asl/1.9.2/jackson-mapper-asl-1.9.2.jar:/Users/btiernay/.m2/repository/org/codehaus/jackson/jackson-jaxrs/1.9.2/jackson-jaxrs-1.9.2.jar:/Users/btiernay/.m2/repository/org/codehaus/jackson/jackson-xc/1.9.2/jackson-xc-1.9.2.jar:/Users/btiernay/.m2/repository/commons-lang/commons-lang/2.6/commons-lang-2.6.jar:/Users/btiernay/Workspaces/dcc/dcc-storage/dcc-storage-fs/target/classes:/Users/btiernay/.m2/repository/co/paralleluniverse/javafs/0.1.0-SNAPSHOT/javafs-0.1.0-SNAPSHOT.jar:/Users/btiernay/.m2/repository/com/github/jnr/jnr-posix/3.0.17/jnr-posix-3.0.17.jar:/Users/btiernay/.m2/repository/com/github/jnr/jnr-constants/0.8.8/jnr-constants-0.8.8.jar:/Users/btiernay/.m2/repository/com/github/jnr/jnr-ffi/2.0.3/jnr-ffi-2.0.3.jar:/Users/btiernay/.m2/repository/com/github/jnr/jffi/1.2.9/jffi-1.2.9.jar:/Users/btiernay/.m2/repository/com/github/jnr/jffi/1.2.9/jffi-1.2.9-native.jar:/Users/btiernay/.m2/repository/org/ow2/asm/asm/5.0.3/asm-5.0.3.jar:/Users/btiernay/.m
Launcher Type: SUN_STANDARD

Environment Variables:
PATH=/usr/bin:/bin:/usr/sbin:/sbin
SHELL=/bin/zsh
DISPLAY=/private/tmp/com.apple.launchd.swBkMAQZYL/org.macosforge.xquartz:0

Signal Handlers:
SIGSEGV: [libjvm.dylib+0x57a0e7], sa_mask[0]=11111111011111110111111111111111, sa_flags=SA_ONSTACK|SA_RESTART|SA_SIGINFO
SIGBUS: [libjvm.dylib+0x57a0e7], sa_mask[0]=11111111011111110111111111111111, sa_flags=SA_RESTART|SA_SIGINFO
SIGFPE: [libjvm.dylib+0x45af24], sa_mask[0]=11111111011111110111111111111111, sa_flags=SA_RESTART|SA_SIGINFO
SIGPIPE: [libjvm.dylib+0x45af24], sa_mask[0]=11111111011111110111111111111111, sa_flags=SA_RESTART|SA_SIGINFO
SIGXFSZ: [libjvm.dylib+0x45af24], sa_mask[0]=11111111011111110111111111111111, sa_flags=SA_RESTART|SA_SIGINFO
SIGILL: [libjvm.dylib+0x45af24], sa_mask[0]=11111111011111110111111111111111, sa_flags=SA_RESTART|SA_SIGINFO
SIGUSR1: SIG_DFL, sa_mask[0]=00000000000000000000000000000000, sa_flags=none
SIGUSR2: [libjvm.dylib+0x45aa42], sa_mask[0]=00100000000000000000000000000000, sa_flags=SA_RESTART|SA_SIGINFO
SIGHUP: [libjvm.dylib+0x459015], sa_mask[0]=11111111011111110111111111111111, sa_flags=SA_RESTART|SA_SIGINFO
SIGINT: [libjvm.dylib+0x459015], sa_mask[0]=11111111011111110111111111111111, sa_flags=SA_RESTART|SA_SIGINFO
SIGTERM: [libjvm.dylib+0x459015], sa_mask[0]=11111111011111110111111111111111, sa_flags=SA_RESTART|SA_SIGINFO
SIGQUIT: [libjvm.dylib+0x459015], sa_mask[0]=11111111011111110111111111111111, sa_flags=SA_RESTART|SA_SIGINFO


---------------  S Y S T E M  ---------------

OS:Bsduname:Darwin 14.5.0 Darwin Kernel Version 14.5.0: Wed Jul 29 02:26:53 PDT 2015; root:xnu-2782.40.9~1/RELEASE_X86_64 x86_64
rlimit: STACK 8192k, CORE 0k, NPROC 709, NOFILE 10240, AS infinity
load average:2.11 2.03 2.10

CPU:total 8 (4 cores per cpu, 2 threads per core) family 6 model 70 stepping 1, cmov, cx8, fxsr, mmx, sse, sse2, sse3, ssse3, sse4.1, sse4.2, popcnt, avx, avx2, aes, clmul, erms, rtm, lzcnt, ht, tsc, tscinvbit, bmi1, bmi2

Memory: 4k page, physical 16777216k(4175964k free)

/proc/meminfo:


vm_info: Java HotSpot(TM) 64-Bit Server VM (25.31-b07) for bsd-amd64 JRE (1.8.0_31-b13), built on Dec 17 2014 20:45:36 by "java_re" with gcc 4.2.1 (Based on Apple Inc. build 5658) (LLVM build 2336.11.00)

time: Tue Oct  6 22:15:24 2015
elapsed time: 69 seconds (0d 0h 1m 9s)

