#
# A fatal error has been detected by the Java Runtime Environment:
#
#  SIGSEGV (0xb) at pc=0x000000010593cf8c, pid=44660, tid=12547
#
# JRE version: Java(TM) SE Runtime Environment (8.0_31-b13) (build 1.8.0_31-b13)
# Java VM: Java HotSpot(TM) 64-Bit Server VM (25.31-b07 mixed mode bsd-amd64 compressed oops)
# Problematic frame:
# V  [libjvm.dylib+0x13cf8c]
#
# Failed to write core dump. Core dumps have been disabled. To enable core dumping, try "ulimit -c unlimited" before starting Java again
#
# If you would like to submit a bug report, please visit:
#   http://bugreport.java.com/bugreport/crash.jsp
#

---------------  T H R E A D  ---------------

Current thread (0x00007ff6f106a800):  VMThread [stack: 0x00000001220c6000,0x00000001221c6000] [id=12547]

siginfo: si_signo: 11 (SIGSEGV), si_code: 1 (SEGV_MAPERR), si_addr: 0x0000000125ce13f8

Registers:
RAX=0x0000000125ce1440, RBX=0x00000001221c5438, RCX=0x0000000125ce1400, RDX=0x0000000000000001
RSP=0x00000001221c5410, RBP=0x00000001221c5420, RSI=0x00007ff6f4879800, RDI=0x00000001221c5438
R8 =0x0000000000000000, R9 =0x00007fff8dc09d60, R10=0x0000000000002000, R11=0x0000000000000246
R12=0x0000000106095899, R13=0x00007ff6f0d00e90, R14=0x00000001221c5438, R15=0x0000000000000001
RIP=0x000000010593cf8c, EFLAGS=0x0000000000010246, ERR=0x0000000000000004
  TRAPNO=0x000000000000000e

Top of Stack: (sp=0x00000001221c5410)
0x00000001221c5410:   00000001221c5480 00000001221c5480
0x00000001221c5420:   00000001221c5470 0000000105a3a77c
0x00000001221c5430:   00000000f6856c00 0000000125ce1400
0x00000001221c5440:   0000000000000000 000000000000002a
0x00000001221c5450:   00000001221c5820 0000000125ce1440
0x00000001221c5460:   0000000125ce1400 0000000105feb3f0
0x00000001221c5470:   00000001221c5a80 0000000105d34742
0x00000001221c5480:   0000000000000000 0000000000000000
0x00000001221c5490:   0000000000000000 0000000000000002
0x00000001221c54a0:   0000000000000000 0000000000000000
0x00000001221c54b0:   0000000000000001 0000000000000001
0x00000001221c54c0:   0000000000000000 0000000000000000
0x00000001221c54d0:   0000000000000000 0000000100000000
0x00000001221c54e0:   00000001221c5c20 5800000000000002
0x00000001221c54f0:   00000001221c5940 0000000000000000
0x00000001221c5500:   0000000000000000 000000000000000a
0x00000001221c5510:   00000022221c58e0 0000000105de8d8e
0x00000001221c5520:   00007fff7bc4d6b8 00000000ffffffff
0x00000001221c5530:   0000000000000000 0000000000000000
0x00000001221c5540:   00000001221c5910 0000000100000000
0x00000001221c5550:   0000000000000000 0000000105dac9e9
0x00000001221c5560:   0000000000000000 0000000125cdfca4
0x00000001221c5570:   00000001221c5940 00000001221c5588
0x00000001221c5580:   0000000000000000 0000000105de8a78
0x00000001221c5590:   0000003000000010 00000001221c5b70
0x00000001221c55a0:   00000001221c5a90 5800000125cdfc84
0x00000001221c55b0:   00000001221c55e0 00000001058da540
0x00000001221c55c0:   00000001221c55e0 0000000000000000
0x00000001221c55d0:   0000000105a71588 00000001221c56f8
0x00000001221c55e0:   00000001221c5610 00007ff6f0c28290
0x00000001221c55f0:   00000001221c5628 0000000000000000
0x00000001221c5600:   00000001221c56f8 580000000000001f 

Instructions: (pc=0x000000010593cf8c)
0x000000010593cf6c:   89 d8 5b 41 5e 5d c3 48 8b 86 d8 01 00 00 48 8b
0x000000010593cf7c:   8e c8 01 00 00 49 89 0e 49 89 4e 28 49 89 46 20
0x000000010593cf8c:   48 8b 79 f8 eb a1 55 48 89 e5 41 56 53 48 8b 1f
0x000000010593cf9c:   ff c6 89 b3 60 02 00 00 48 8d 05 0d 0a 76 00 8b 

Register to memory mapping:

RAX=0x0000000125ce1440 is pointing into the stack for thread: 0x00007ff6f4879800
RBX=0x00000001221c5438 is an unknown value
RCX=0x0000000125ce1400 is pointing into the stack for thread: 0x00007ff6f4879800
RDX=0x0000000000000001 is an unknown value
RSP=0x00000001221c5410 is an unknown value
RBP=0x00000001221c5420 is an unknown value
RSI=0x00007ff6f4879800 is a thread
RDI=0x00000001221c5438 is an unknown value
R8 =0x0000000000000000 is an unknown value
R9 =0x00007fff8dc09d60: zeroes+0 in /usr/lib/system/libsystem_c.dylib at 0x00007fff8db82000
R10=0x0000000000002000 is an unknown value
R11=0x0000000000000246 is an unknown value
R12=0x0000000106095899: PrintSafepointStatistics+0 in /Library/Java/JavaVirtualMachines/jdk1.8.0_31.jdk/Contents/Home/jre/lib/server/libjvm.dylib at 0x0000000105800000
R13=0x00007ff6f0d00e90 is an unknown value
R14=0x00000001221c5438 is an unknown value
R15=0x0000000000000001 is an unknown value


Stack: [0x00000001220c6000,0x00000001221c6000],  sp=0x00000001221c5410,  free space=1021k
Native frames: (J=compiled Java code, j=interpreted, Vv=VM code, C=native code)
V  [libjvm.dylib+0x13cf8c]
V  [libjvm.dylib+0x23a77c]
V  [libjvm.dylib+0x534742]
V  [libjvm.dylib+0x5347a1]
V  [libjvm.dylib+0x4b0f92]
V  [libjvm.dylib+0x4b15b6]
V  [libjvm.dylib+0x57f9f1]
V  [libjvm.dylib+0x57f31f]
V  [libjvm.dylib+0x45d772]
C  [libsystem_pthread.dylib+0x405a]  _pthread_body+0x83
C  [libsystem_pthread.dylib+0x3fd7]  _pthread_body+0x0
C  [libsystem_pthread.dylib+0x13ed]  thread_start+0xd

VM_Operation (0x00000001270e84f8): RevokeBias, mode: safepoint, requested by thread 0x00007ff6f6030800


---------------  P R O C E S S  ---------------

Java Threads: ( => current thread )
  0x00007ff6f4879800 JavaThread "Thread-18" daemon [_thread_blocked, id=14087, stack(0x0000000125c62000,0x0000000125ce2000)]
  0x00007ff6f6030800 JavaThread "orgicgcdccstoragefsstoragefilesystemedaf-fuse" [_thread_blocked, id=25119, stack(0x0000000126feb000,0x00000001270eb000)]
  0x00007ff6f6ac1800 JavaThread "jnr.ffi.util.ref.internal.Finalizer" daemon [_thread_blocked, id=15119, stack(0x0000000126908000,0x0000000126a08000)]
  0x00007ff6f25ef000 JavaThread "process reaper" daemon [_thread_blocked, id=23299, stack(0x0000000124a53000,0x0000000124a7b000)]
  0x00007ff6f182a000 JavaThread "Service Thread" daemon [_thread_blocked, id=22275, stack(0x00000001244f9000,0x00000001245f9000)]
  0x00007ff6f1041800 JavaThread "C1 CompilerThread3" daemon [_thread_blocked, id=21763, stack(0x00000001243f6000,0x00000001244f6000)]
  0x00007ff6f106c800 JavaThread "C2 CompilerThread2" daemon [_thread_blocked, id=21251, stack(0x00000001242f3000,0x00000001243f3000)]
  0x00007ff6f1828800 JavaThread "C2 CompilerThread1" daemon [_thread_blocked, id=20739, stack(0x00000001241f0000,0x00000001242f0000)]
  0x00007ff6f106d800 JavaThread "C2 CompilerThread0" daemon [_thread_blocked, id=20227, stack(0x00000001240ed000,0x00000001241ed000)]
  0x00007ff6f106b800 JavaThread "JDWP Command Reader" daemon [_thread_in_native, id=19715, stack(0x0000000123fea000,0x00000001240ea000)]
  0x00007ff6f3005000 JavaThread "JDWP Event Helper Thread" daemon [_thread_blocked, id=19203, stack(0x0000000123ee7000,0x0000000123fe7000)]
  0x00007ff6f106b000 JavaThread "JDWP Transport Listener: dt_socket" daemon [_thread_blocked, id=18691, stack(0x0000000123de4000,0x0000000123ee4000)]
  0x00007ff6f2017000 JavaThread "Signal Dispatcher" daemon [_thread_blocked, id=14859, stack(0x0000000123ce1000,0x0000000123de1000)]
  0x00007ff6f3003000 JavaThread "Finalizer" daemon [_thread_blocked, id=13571, stack(0x00000001222cc000,0x00000001223cc000)]
  0x00007ff6f3002000 JavaThread "Reference Handler" daemon [_thread_blocked, id=13059, stack(0x00000001221c9000,0x00000001222c9000)]
  0x00007ff6f2002800 JavaThread "main" [_thread_blocked, id=4867, stack(0x0000000106720000,0x0000000106820000)]

Other Threads:
=>0x00007ff6f106a800 VMThread [stack: 0x00000001220c6000,0x00000001221c6000] [id=12547]
  0x00007ff6f183f000 WatcherThread [stack: 0x00000001245fc000,0x00000001246fc000] [id=22787]

VM state:at safepoint (normal execution)

VM Mutex/Monitor currently owned by a thread:  ([mutex/lock_event])
[0x00007ff6f0c20d60] Safepoint_lock - owner thread: 0x00007ff6f106a800
[0x00007ff6f0c20de0] Threads_lock - owner thread: 0x00007ff6f106a800

Heap:
 PSYoungGen      total 103936K, used 97146K [0x000000076ab00000, 0x0000000774000000, 0x00000007c0000000)
  eden space 93184K, 92% used [0x000000076ab00000,0x000000076ff65a00,0x0000000770600000)
  from space 10752K, 99% used [0x0000000773580000,0x0000000773ff8f58,0x0000000774000000)
  to   space 10752K, 0% used [0x0000000772b00000,0x0000000772b00000,0x0000000773580000)
 ParOldGen       total 113152K, used 15598K [0x00000006c0000000, 0x00000006c6e80000, 0x000000076ab00000)
  object space 113152K, 13% used [0x00000006c0000000,0x00000006c0f3b938,0x00000006c6e80000)
 Metaspace       used 28516K, capacity 28850K, committed 29312K, reserved 1075200K
  class space    used 3564K, capacity 3655K, committed 3712K, reserved 1048576K

Card table byte_map: [0x0000000115be2000,0x00000001163e3000] byte_map_base: 0x00000001125e2000

Marking Bits: (ParMarkBitMap*) 0x000000010609e410
 Begin Bits: [0x0000000117151000, 0x000000011b151000)
 End Bits:   [0x000000011b151000, 0x000000011f151000)

Polling page: 0x0000000104760000

CodeCache: size=245760Kb used=9871Kb max_used=10417Kb free=235888Kb
 bounds [0x0000000106822000, 0x00000001072b2000, 0x0000000115822000]
 total_blobs=3318 nmethods=2763 adapters=477
 compilation: enabled

Compilation events (10 events):
Event: 14.827 Thread 0x00007ff6f1041800 3121       1       com.fasterxml.jackson.databind.JavaType::hashCode (5 bytes)
Event: 14.827 Thread 0x00007ff6f1041800 nmethod 3121 0x0000000106a32dd0 code [0x0000000106a32f20, 0x0000000106a33030]
Event: 14.828 Thread 0x00007ff6f1041800 3122       1       com.fasterxml.jackson.databind.PropertyName::getSimpleName (5 bytes)
Event: 14.828 Thread 0x00007ff6f1041800 nmethod 3122 0x0000000106b25810 code [0x0000000106b25960, 0x0000000106b25a70]
Event: 14.829 Thread 0x00007ff6f1041800 3119       3       sun.misc.ProxyGenerator::addProxyMethod (234 bytes)
Event: 14.830 Thread 0x00007ff6f1041800 nmethod 3119 0x0000000106e2ec10 code [0x0000000106e2ef60, 0x0000000106e30cc8]
Event: 14.832 Thread 0x00007ff6f1041800 3123       1       com.fasterxml.jackson.databind.introspect.BasicBeanDescription::getClassInfo (5 bytes)
Event: 14.832 Thread 0x00007ff6f1041800 nmethod 3123 0x0000000106d1ec90 code [0x0000000106d1ede0, 0x0000000106d1eef0]
Event: 14.987 Thread 0x00007ff6f1041800 3124       3       sun.reflect.MethodAccessorImpl::<init> (5 bytes)
Event: 14.987 Thread 0x00007ff6f1041800 nmethod 3124 0x0000000106a30ad0 code [0x0000000106a30c40, 0x0000000106a30e50]

GC Heap History (10 events):
Event: 0.755 GC heap before
{Heap before GC invocations=1 (full 0):
 PSYoungGen      total 76288K, used 65536K [0x000000076ab00000, 0x0000000770000000, 0x00000007c0000000)
  eden space 65536K, 100% used [0x000000076ab00000,0x000000076eb00000,0x000000076eb00000)
  from space 10752K, 0% used [0x000000076f580000,0x000000076f580000,0x0000000770000000)
  to   space 10752K, 0% used [0x000000076eb00000,0x000000076eb00000,0x000000076f580000)
 ParOldGen       total 175104K, used 0K [0x00000006c0000000, 0x00000006cab00000, 0x000000076ab00000)
  object space 175104K, 0% used [0x00000006c0000000,0x00000006c0000000,0x00000006cab00000)
 Metaspace       used 11839K, capacity 11962K, committed 12032K, reserved 1060864K
  class space    used 1457K, capacity 1499K, committed 1536K, reserved 1048576K
Event: 0.761 GC heap after
Heap after GC invocations=1 (full 0):
 PSYoungGen      total 76288K, used 6760K [0x000000076ab00000, 0x0000000770000000, 0x00000007c0000000)
  eden space 65536K, 0% used [0x000000076ab00000,0x000000076ab00000,0x000000076eb00000)
  from space 10752K, 62% used [0x000000076eb00000,0x000000076f19a260,0x000000076f580000)
  to   space 10752K, 0% used [0x000000076f580000,0x000000076f580000,0x0000000770000000)
 ParOldGen       total 175104K, used 80K [0x00000006c0000000, 0x00000006cab00000, 0x000000076ab00000)
  object space 175104K, 0% used [0x00000006c0000000,0x00000006c0014010,0x00000006cab00000)
 Metaspace       used 11839K, capacity 11962K, committed 12032K, reserved 1060864K
  class space    used 1457K, capacity 1499K, committed 1536K, reserved 1048576K
}
Event: 1.349 GC heap before
{Heap before GC invocations=2 (full 0):
 PSYoungGen      total 76288K, used 72296K [0x000000076ab00000, 0x0000000770000000, 0x00000007c0000000)
  eden space 65536K, 100% used [0x000000076ab00000,0x000000076eb00000,0x000000076eb00000)
  from space 10752K, 62% used [0x000000076eb00000,0x000000076f19a260,0x000000076f580000)
  to   space 10752K, 0% used [0x000000076f580000,0x000000076f580000,0x0000000770000000)
 ParOldGen       total 175104K, used 80K [0x00000006c0000000, 0x00000006cab00000, 0x000000076ab00000)
  object space 175104K, 0% used [0x00000006c0000000,0x00000006c0014010,0x00000006cab00000)
 Metaspace       used 19233K, capacity 19418K, committed 19712K, reserved 1067008K
  class space    used 2403K, capacity 2478K, committed 2560K, reserved 1048576K
Event: 1.358 GC heap after
Heap after GC invocations=2 (full 0):
 PSYoungGen      total 76288K, used 10744K [0x000000076ab00000, 0x0000000774000000, 0x00000007c0000000)
  eden space 65536K, 0% used [0x000000076ab00000,0x000000076ab00000,0x000000076eb00000)
  from space 10752K, 99% used [0x000000076f580000,0x000000076fffe1c8,0x0000000770000000)
  to   space 10752K, 0% used [0x000000076eb00000,0x000000076eb00000,0x000000076f580000)
 ParOldGen       total 175104K, used 2215K [0x00000006c0000000, 0x00000006cab00000, 0x000000076ab00000)
  object space 175104K, 1% used [0x00000006c0000000,0x00000006c0229c68,0x00000006cab00000)
 Metaspace       used 19233K, capacity 19418K, committed 19712K, reserved 1067008K
  class space    used 2403K, capacity 2478K, committed 2560K, reserved 1048576K
}
Event: 1.546 GC heap before
{Heap before GC invocations=3 (full 0):
 PSYoungGen      total 76288K, used 35169K [0x000000076ab00000, 0x0000000774000000, 0x00000007c0000000)
  eden space 65536K, 37% used [0x000000076ab00000,0x000000076c2da2f0,0x000000076eb00000)
  from space 10752K, 99% used [0x000000076f580000,0x000000076fffe1c8,0x0000000770000000)
  to   space 10752K, 0% used [0x000000076eb00000,0x000000076eb00000,0x000000076f580000)
 ParOldGen       total 175104K, used 2215K [0x00000006c0000000, 0x00000006cab00000, 0x000000076ab00000)
  object space 175104K, 1% used [0x00000006c0000000,0x00000006c0229c68,0x00000006cab00000)
 Metaspace       used 20818K, capacity 21024K, committed 21296K, reserved 1069056K
  class space    used 2628K, capacity 2671K, committed 2688K, reserved 1048576K
Event: 1.553 GC heap after
Heap after GC invocations=3 (full 0):
 PSYoungGen      total 76288K, used 10729K [0x000000076ab00000, 0x0000000774000000, 0x00000007c0000000)
  eden space 65536K, 0% used [0x000000076ab00000,0x000000076ab00000,0x000000076eb00000)
  from space 10752K, 99% used [0x000000076eb00000,0x000000076f57a788,0x000000076f580000)
  to   space 10752K, 0% used [0x0000000773580000,0x0000000773580000,0x0000000774000000)
 ParOldGen       total 175104K, used 2557K [0x00000006c0000000, 0x00000006cab00000, 0x000000076ab00000)
  object space 175104K, 1% used [0x00000006c0000000,0x00000006c027f480,0x00000006cab00000)
 Metaspace       used 20818K, capacity 21024K, committed 21296K, reserved 1069056K
  class space    used 2628K, capacity 2671K, committed 2688K, reserved 1048576K
}
Event: 1.553 GC heap before
{Heap before GC invocations=4 (full 1):
 PSYoungGen      total 76288K, used 10729K [0x000000076ab00000, 0x0000000774000000, 0x00000007c0000000)
  eden space 65536K, 0% used [0x000000076ab00000,0x000000076ab00000,0x000000076eb00000)
  from space 10752K, 99% used [0x000000076eb00000,0x000000076f57a788,0x000000076f580000)
  to   space 10752K, 0% used [0x0000000773580000,0x0000000773580000,0x0000000774000000)
 ParOldGen       total 175104K, used 2557K [0x00000006c0000000, 0x00000006cab00000, 0x000000076ab00000)
  object space 175104K, 1% used [0x00000006c0000000,0x00000006c027f480,0x00000006cab00000)
 Metaspace       used 20818K, capacity 21024K, committed 21296K, reserved 1069056K
  class space    used 2628K, capacity 2671K, committed 2688K, reserved 1048576K
Event: 1.584 GC heap after
Heap after GC invocations=4 (full 1):
 PSYoungGen      total 76288K, used 0K [0x000000076ab00000, 0x0000000774000000, 0x00000007c0000000)
  eden space 65536K, 0% used [0x000000076ab00000,0x000000076ab00000,0x000000076eb00000)
  from space 10752K, 0% used [0x000000076eb00000,0x000000076eb00000,0x000000076f580000)
  to   space 10752K, 0% used [0x0000000773580000,0x0000000773580000,0x0000000774000000)
 ParOldGen       total 113152K, used 10749K [0x00000006c0000000, 0x00000006c6e80000, 0x000000076ab00000)
  object space 113152K, 9% used [0x00000006c0000000,0x00000006c0a7f4d8,0x00000006c6e80000)
 Metaspace       used 20817K, capacity 21022K, committed 21296K, reserved 1069056K
  class space    used 2627K, capacity 2670K, committed 2688K, reserved 1048576K
}
Event: 6.935 GC heap before
{Heap before GC invocations=5 (full 1):
 PSYoungGen      total 76288K, used 65536K [0x000000076ab00000, 0x0000000774000000, 0x00000007c0000000)
  eden space 65536K, 100% used [0x000000076ab00000,0x000000076eb00000,0x000000076eb00000)
  from space 10752K, 0% used [0x000000076eb00000,0x000000076eb00000,0x000000076f580000)
  to   space 10752K, 0% used [0x0000000773580000,0x0000000773580000,0x0000000774000000)
 ParOldGen       total 113152K, used 10749K [0x00000006c0000000, 0x00000006c6e80000, 0x000000076ab00000)
  object space 113152K, 9% used [0x00000006c0000000,0x00000006c0a7f4d8,0x00000006c6e80000)
 Metaspace       used 23530K, capacity 23778K, committed 24320K, reserved 1071104K
  class space    used 2894K, capacity 2977K, committed 3072K, reserved 1048576K
Event: 6.946 GC heap after
Heap after GC invocations=5 (full 1):
 PSYoungGen      total 103936K, used 10723K [0x000000076ab00000, 0x0000000774000000, 0x00000007c0000000)
  eden space 93184K, 0% used [0x000000076ab00000,0x000000076ab00000,0x0000000770600000)
  from space 10752K, 99% used [0x0000000773580000,0x0000000773ff8f58,0x0000000774000000)
  to   space 10752K, 0% used [0x0000000772b00000,0x0000000772b00000,0x0000000773580000)
 ParOldGen       total 113152K, used 15598K [0x00000006c0000000, 0x00000006c6e80000, 0x000000076ab00000)
  object space 113152K, 13% used [0x00000006c0000000,0x00000006c0f3b938,0x00000006c6e80000)
 Metaspace       used 23530K, capacity 23778K, committed 24320K, reserved 1071104K
  class space    used 2894K, capacity 2977K, committed 3072K, reserved 1048576K
}

Deoptimization events (10 events):
Event: 14.822 Thread 0x00007ff6f4879800 Uncommon trap: reason=unhandled action=none pc=0x0000000107260238 method=java.net.URLClassLoader$1.run()Ljava/lang/Class; @ 72
Event: 14.823 Thread 0x00007ff6f4879800 Uncommon trap: reason=unhandled action=none pc=0x0000000107260238 method=java.net.URLClassLoader$1.run()Ljava/lang/Class; @ 72
Event: 14.826 Thread 0x00007ff6f4879800 Uncommon trap: reason=unhandled action=none pc=0x0000000107260238 method=java.net.URLClassLoader$1.run()Ljava/lang/Class; @ 72
Event: 14.987 Thread 0x00007ff6f4879800 Uncommon trap: reason=unreached action=reinterpret pc=0x0000000106becd98 method=com.fasterxml.jackson.databind.deser.impl.BeanPropertyMap.find(Ljava/lang/String;)Lcom/fasterxml/jackson/databind/deser/SettableBeanProperty; @ 42
Event: 14.987 Thread 0x00007ff6f4879800 Uncommon trap: reason=bimorphic action=maybe_recompile pc=0x0000000106bce810 method=com.fasterxml.jackson.databind.deser.SettableBeanProperty.deserialize(Lcom/fasterxml/jackson/core/JsonParser;Lcom/fasterxml/jackson/databind/DeserializationContext;)Ljava/
Event: 14.987 Thread 0x00007ff6f4879800 Uncommon trap: reason=bimorphic action=maybe_recompile pc=0x0000000106bce810 method=com.fasterxml.jackson.databind.deser.SettableBeanProperty.deserialize(Lcom/fasterxml/jackson/core/JsonParser;Lcom/fasterxml/jackson/databind/DeserializationContext;)Ljava/
Event: 14.987 Thread 0x00007ff6f4879800 Uncommon trap: reason=unloaded action=reinterpret pc=0x0000000106a53a60 method=com.fasterxml.jackson.core.util.TextBuffer.contentsAsString()Ljava/lang/String; @ 124
Event: 14.987 Thread 0x00007ff6f4879800 Uncommon trap: reason=unreached action=reinterpret pc=0x0000000106bce790 method=com.fasterxml.jackson.databind.deser.SettableBeanProperty.deserialize(Lcom/fasterxml/jackson/core/JsonParser;Lcom/fasterxml/jackson/databind/DeserializationContext;)Ljava/lang
Event: 14.987 Thread 0x00007ff6f4879800 Uncommon trap: reason=unreached action=reinterpret pc=0x00000001070b8088 method=com.fasterxml.jackson.databind.deser.impl.BeanPropertyMap.find(Ljava/lang/String;)Lcom/fasterxml/jackson/databind/deser/SettableBeanProperty; @ 32
Event: 14.987 Thread 0x00007ff6f4879800 Uncommon trap: reason=unhandled action=none pc=0x0000000107260238 method=java.net.URLClassLoader$1.run()Ljava/lang/Class; @ 72

Internal exceptions (10 events):
Event: 14.818 Thread 0x00007ff6f4879800 Exception <a 'java/security/PrivilegedActionException'> (0x000000076f59e358) thrown at [/Users/java_re/workspace/8-2-build-macosx-x86_64/jdk8u31/2394/hotspot/src/share/vm/prims/jvm.cpp, line 1312]
Event: 14.820 Thread 0x00007ff6f4879800 Exception <a 'java/lang/ArrayIndexOutOfBoundsException': 114> (0x000000076f5acaa8) thrown at [/Users/java_re/workspace/8-2-build-macosx-x86_64/jdk8u31/2394/hotspot/src/share/vm/interpreter/interpreterRuntime.cpp, line 366]
Event: 14.821 Thread 0x00007ff6f4879800 Exception <a 'java/lang/ArrayIndexOutOfBoundsException': 59> (0x000000076fecaf20) thrown at [/Users/java_re/workspace/8-2-build-macosx-x86_64/jdk8u31/2394/hotspot/src/share/vm/interpreter/interpreterRuntime.cpp, line 366]
Event: 14.822 Thread 0x00007ff6f4879800 Exception <a 'java/lang/ArrayIndexOutOfBoundsException': 31> (0x000000076fedaba0) thrown at [/Users/java_re/workspace/8-2-build-macosx-x86_64/jdk8u31/2394/hotspot/src/share/vm/interpreter/interpreterRuntime.cpp, line 366]
Event: 14.822 Thread 0x00007ff6f4879800 Exception <a 'java/security/PrivilegedActionException'> (0x000000076fededd0) thrown at [/Users/java_re/workspace/8-2-build-macosx-x86_64/jdk8u31/2394/hotspot/src/share/vm/prims/jvm.cpp, line 1312]
Event: 14.823 Thread 0x00007ff6f4879800 Exception <a 'java/security/PrivilegedActionException'> (0x000000076feefbb0) thrown at [/Users/java_re/workspace/8-2-build-macosx-x86_64/jdk8u31/2394/hotspot/src/share/vm/prims/jvm.cpp, line 1312]
Event: 14.826 Thread 0x00007ff6f4879800 Exception <a 'java/security/PrivilegedActionException'> (0x000000076ff138f0) thrown at [/Users/java_re/workspace/8-2-build-macosx-x86_64/jdk8u31/2394/hotspot/src/share/vm/prims/jvm.cpp, line 1312]
Event: 14.830 Thread 0x00007ff6f4879800 Exception <a 'java/net/SocketTimeoutException': Read timed out> (0x000000076ff258d0) thrown at [/Users/java_re/workspace/8-2-build-macosx-x86_64/jdk8u31/2394/hotspot/src/share/vm/prims/jni.cpp, line 742]
Event: 14.987 Thread 0x00007ff6f4879800 Implicit null exception at 0x00000001070b7f50 to 0x00000001070b8071
Event: 14.987 Thread 0x00007ff6f4879800 Exception <a 'java/security/PrivilegedActionException'> (0x000000076ff2f070) thrown at [/Users/java_re/workspace/8-2-build-macosx-x86_64/jdk8u31/2394/hotspot/src/share/vm/prims/jvm.cpp, line 1312]

Events (10 events):
Event: 14.987 Thread 0x00007ff6f4879800 DEOPT UNPACKING pc=0x0000000106869373 sp=0x0000000125cdf1e8 mode 1
Event: 14.987 Thread 0x00007ff6f4879800 DEOPT PACKING pc=0x000000010722641c sp=0x0000000125cdf4f0
Event: 14.987 Thread 0x00007ff6f4879800 DEOPT UNPACKING pc=0x0000000106869373 sp=0x0000000125cdf330 mode 1
Event: 14.987 Thread 0x00007ff6f4879800 DEOPT PACKING pc=0x00000001072261bc sp=0x0000000125cdf680
Event: 14.987 Thread 0x00007ff6f4879800 DEOPT UNPACKING pc=0x0000000106869373 sp=0x0000000125cdf4c0 mode 1
Event: 15.132 Executing VM operation: GetOrSetLocal
Event: 15.132 Executing VM operation: GetOrSetLocal done
Event: 15.736 Executing VM operation: GetOrSetLocal
Event: 15.736 Executing VM operation: GetOrSetLocal done
Event: 69.369 Executing VM operation: RevokeBias


Dynamic libraries:
0x000000000b8fc000 	/System/Library/Frameworks/Cocoa.framework/Versions/A/Cocoa
0x000000000b8fc000 	/System/Library/Frameworks/Security.framework/Versions/A/Security
0x000000000b8fc000 	/System/Library/Frameworks/ApplicationServices.framework/Versions/A/ApplicationServices
0x000000000b8fc000 	/usr/lib/libz.1.dylib
0x000000000b8fc000 	/usr/lib/libSystem.B.dylib
0x000000000b8fc000 	/usr/lib/libobjc.A.dylib
0x000000000b8fc000 	/System/Library/Frameworks/CoreFoundation.framework/Versions/A/CoreFoundation
0x000000000b8fc000 	/System/Library/Frameworks/Foundation.framework/Versions/C/Foundation
0x000000000b8fc000 	/System/Library/Frameworks/AppKit.framework/Versions/C/AppKit
0x000000000b8fc000 	/System/Library/Frameworks/CoreData.framework/Versions/A/CoreData
0x000000000b8fc000 	/System/Library/PrivateFrameworks/RemoteViewServices.framework/Versions/A/RemoteViewServices
0x000000000b8fc000 	/System/Library/PrivateFrameworks/UIFoundation.framework/Versions/A/UIFoundation
0x000000000b8fc000 	/System/Library/Frameworks/IOSurface.framework/Versions/A/IOSurface
0x000000000b8fc000 	/System/Library/Frameworks/AudioToolbox.framework/Versions/A/AudioToolbox
0x000000000b8fc000 	/System/Library/Frameworks/AudioUnit.framework/Versions/A/AudioUnit
0x000000000b8fc000 	/System/Library/PrivateFrameworks/DataDetectorsCore.framework/Versions/A/DataDetectorsCore
0x000000000b8fc000 	/System/Library/PrivateFrameworks/DesktopServicesPriv.framework/Versions/A/DesktopServicesPriv
0x000000000b8fc000 	/System/Library/Frameworks/Carbon.framework/Versions/A/Frameworks/HIToolbox.framework/Versions/A/HIToolbox
0x000000000b8fc000 	/System/Library/Frameworks/QuartzCore.framework/Versions/A/QuartzCore
0x000000000b8fc000 	/System/Library/Frameworks/Carbon.framework/Versions/A/Frameworks/SpeechRecognition.framework/Versions/A/SpeechRecognition
0x000000000b8fc000 	/usr/lib/libauto.dylib
0x000000000b8fc000 	/usr/lib/libicucore.A.dylib
0x000000000b8fc000 	/usr/lib/libxml2.2.dylib
0x000000000b8fc000 	/System/Library/PrivateFrameworks/CoreUI.framework/Versions/A/CoreUI
0x000000000b8fc000 	/System/Library/Frameworks/CoreAudio.framework/Versions/A/CoreAudio
0x000000000b8fc000 	/System/Library/Frameworks/DiskArbitration.framework/Versions/A/DiskArbitration
0x000000000b8fc000 	/usr/lib/liblangid.dylib
0x000000000b8fc000 	/System/Library/PrivateFrameworks/MultitouchSupport.framework/Versions/A/MultitouchSupport
0x000000000b8fc000 	/System/Library/Frameworks/IOKit.framework/Versions/A/IOKit
0x000000000b8fc000 	/usr/lib/libDiagnosticMessagesClient.dylib
0x000000000b8fc000 	/System/Library/Frameworks/CoreServices.framework/Versions/A/CoreServices
0x000000000b8fc000 	/System/Library/PrivateFrameworks/PerformanceAnalysis.framework/Versions/A/PerformanceAnalysis
0x000000000b8fc000 	/System/Library/PrivateFrameworks/GenerationalStorage.framework/Versions/A/GenerationalStorage
0x000000000b8fc000 	/System/Library/Frameworks/OpenGL.framework/Versions/A/OpenGL
0x000000000b8fc000 	/System/Library/PrivateFrameworks/Sharing.framework/Versions/A/Sharing
0x000000000b8fc000 	/System/Library/Frameworks/CoreGraphics.framework/Versions/A/CoreGraphics
0x000000000b8fc000 	/System/Library/Frameworks/CoreText.framework/Versions/A/CoreText
0x000000000b8fc000 	/System/Library/Frameworks/ImageIO.framework/Versions/A/ImageIO
0x000000000b8fc000 	/usr/lib/libextension.dylib
0x000000000b8fc000 	/System/Library/PrivateFrameworks/Backup.framework/Versions/A/Backup
0x000000000b8fc000 	/usr/lib/libarchive.2.dylib
0x000000000b8fc000 	/System/Library/Frameworks/CFNetwork.framework/Versions/A/CFNetwork
0x000000000b8fc000 	/System/Library/Frameworks/SystemConfiguration.framework/Versions/A/SystemConfiguration
0x000000000b8fc000 	/usr/lib/libCRFSuite.dylib
0x000000000b8fc000 	/usr/lib/libc++.1.dylib
0x000000000b8fc000 	/usr/lib/libc++abi.dylib
0x000000000b8fc000 	/usr/lib/system/libcache.dylib
0x000000000b8fc000 	/usr/lib/system/libcommonCrypto.dylib
0x000000000b8fc000 	/usr/lib/system/libcompiler_rt.dylib
0x000000000b8fc000 	/usr/lib/system/libcopyfile.dylib
0x000000000b8fc000 	/usr/lib/system/libcorecrypto.dylib
0x000000000b8fc000 	/usr/lib/system/libdispatch.dylib
0x000000000b8fc000 	/usr/lib/system/libdyld.dylib
0x000000000b8fc000 	/usr/lib/system/libkeymgr.dylib
0x000000000b8fc000 	/usr/lib/system/liblaunch.dylib
0x000000000b8fc000 	/usr/lib/system/libmacho.dylib
0x000000000b8fc000 	/usr/lib/system/libquarantine.dylib
0x000000000b8fc000 	/usr/lib/system/libremovefile.dylib
0x000000000b8fc000 	/usr/lib/system/libsystem_asl.dylib
0x000000000b8fc000 	/usr/lib/system/libsystem_blocks.dylib
0x000000000b8fc000 	/usr/lib/system/libsystem_c.dylib
0x000000000b8fc000 	/usr/lib/system/libsystem_configuration.dylib
0x000000000b8fc000 	/usr/lib/system/libsystem_coreservices.dylib
0x000000000b8fc000 	/usr/lib/system/libsystem_coretls.dylib
0x000000000b8fc000 	/usr/lib/system/libsystem_dnssd.dylib
0x000000000b8fc000 	/usr/lib/system/libsystem_info.dylib
0x000000000b8fc000 	/usr/lib/system/libsystem_kernel.dylib
0x000000000b8fc000 	/usr/lib/system/libsystem_m.dylib
0x000000000b8fc000 	/usr/lib/system/libsystem_malloc.dylib
0x000000000b8fc000 	/usr/lib/system/libsystem_network.dylib
0x000000000b8fc000 	/usr/lib/system/libsystem_networkextension.dylib
0x000000000b8fc000 	/usr/lib/system/libsystem_notify.dylib
0x000000000b8fc000 	/usr/lib/system/libsystem_platform.dylib
0x000000000b8fc000 	/usr/lib/system/libsystem_pthread.dylib
0x000000000b8fc000 	/usr/lib/system/libsystem_sandbox.dylib
0x000000000b8fc000 	/usr/lib/system/libsystem_secinit.dylib
0x000000000b8fc000 	/usr/lib/system/libsystem_stats.dylib
0x000000000b8fc000 	/usr/lib/system/libsystem_trace.dylib
0x000000000b8fc000 	/usr/lib/system/libunc.dylib
0x000000000b8fc000 	/usr/lib/system/libunwind.dylib
0x000000000b8fc000 	/usr/lib/system/libxpc.dylib
0x000000000b8fc000 	/usr/lib/libbz2.1.0.dylib
0x000000000b8fc000 	/usr/lib/liblzma.5.dylib
0x000000000b8fc000 	/usr/lib/libbsm.0.dylib
0x000000000b8fc000 	/usr/lib/libsqlite3.dylib
0x000000000b8fc000 	/usr/lib/system/libkxld.dylib
0x000000000b8fc000 	/usr/lib/libxar.1.dylib
0x000000000b8fc000 	/usr/lib/libpam.2.dylib
0x000000000b8fc000 	/usr/lib/libOpenScriptingUtil.dylib
0x000000000b8fc000 	/System/Library/Frameworks/CoreServices.framework/Versions/A/Frameworks/FSEvents.framework/Versions/A/FSEvents
0x000000000b8fc000 	/System/Library/Frameworks/CoreServices.framework/Versions/A/Frameworks/CarbonCore.framework/Versions/A/CarbonCore
0x000000000b8fc000 	/System/Library/Frameworks/CoreServices.framework/Versions/A/Frameworks/Metadata.framework/Versions/A/Metadata
0x000000000b8fc000 	/System/Library/Frameworks/CoreServices.framework/Versions/A/Frameworks/OSServices.framework/Versions/A/OSServices
0x000000000b8fc000 	/System/Library/Frameworks/CoreServices.framework/Versions/A/Frameworks/SearchKit.framework/Versions/A/SearchKit
0x000000000b8fc000 	/System/Library/Frameworks/CoreServices.framework/Versions/A/Frameworks/AE.framework/Versions/A/AE
0x000000000b8fc000 	/System/Library/Frameworks/CoreServices.framework/Versions/A/Frameworks/LaunchServices.framework/Versions/A/LaunchServices
0x000000000b8fc000 	/System/Library/Frameworks/CoreServices.framework/Versions/A/Frameworks/DictionaryServices.framework/Versions/A/DictionaryServices
0x000000000b8fc000 	/System/Library/Frameworks/NetFS.framework/Versions/A/NetFS
0x000000000b8fc000 	/System/Library/PrivateFrameworks/NetAuth.framework/Versions/A/NetAuth
0x000000000b8fc000 	/System/Library/PrivateFrameworks/login.framework/Versions/A/Frameworks/loginsupport.framework/Versions/A/loginsupport
0x000000000b8fc000 	/System/Library/PrivateFrameworks/TCC.framework/Versions/A/TCC
0x000000000b8fc000 	/usr/lib/libmecabra.dylib
0x000000000b8fc000 	/System/Library/Frameworks/ApplicationServices.framework/Versions/A/Frameworks/ATS.framework/Versions/A/ATS
0x000000000b8fc000 	/System/Library/Frameworks/ApplicationServices.framework/Versions/A/Frameworks/ColorSync.framework/Versions/A/ColorSync
0x000000000b8fc000 	/System/Library/Frameworks/ApplicationServices.framework/Versions/A/Frameworks/HIServices.framework/Versions/A/HIServices
0x000000000b8fc000 	/System/Library/Frameworks/ApplicationServices.framework/Versions/A/Frameworks/LangAnalysis.framework/Versions/A/LangAnalysis
0x000000000b8fc000 	/System/Library/Frameworks/ApplicationServices.framework/Versions/A/Frameworks/PrintCore.framework/Versions/A/PrintCore
0x000000000b8fc000 	/System/Library/Frameworks/ApplicationServices.framework/Versions/A/Frameworks/QD.framework/Versions/A/QD
0x000000000b8fc000 	/System/Library/Frameworks/ApplicationServices.framework/Versions/A/Frameworks/SpeechSynthesis.framework/Versions/A/SpeechSynthesis
0x000000000b8fc000 	/System/Library/Frameworks/Accelerate.framework/Versions/A/Accelerate
0x000000000b8fc000 	/System/Library/Frameworks/Accelerate.framework/Versions/A/Frameworks/vImage.framework/Versions/A/vImage
0x000000000b8fc000 	/System/Library/Frameworks/Accelerate.framework/Versions/A/Frameworks/vecLib.framework/Versions/A/vecLib
0x000000000b8fc000 	/System/Library/Frameworks/Accelerate.framework/Versions/A/Frameworks/vecLib.framework/Versions/A/libvDSP.dylib
0x000000000b8fc000 	/System/Library/Frameworks/Accelerate.framework/Versions/A/Frameworks/vecLib.framework/Versions/A/libvMisc.dylib
0x000000000b8fc000 	/System/Library/Frameworks/Accelerate.framework/Versions/A/Frameworks/vecLib.framework/Versions/A/libLAPACK.dylib
0x000000000b8fc000 	/System/Library/Frameworks/Accelerate.framework/Versions/A/Frameworks/vecLib.framework/Versions/A/libBLAS.dylib
0x000000000b8fc000 	/System/Library/Frameworks/Accelerate.framework/Versions/A/Frameworks/vecLib.framework/Versions/A/libLinearAlgebra.dylib
0x000000000b8fc000 	/System/Library/Frameworks/ApplicationServices.framework/Versions/A/Frameworks/ATS.framework/Versions/A/Resources/libFontParser.dylib
0x000000000b8fc000 	/System/Library/Frameworks/ApplicationServices.framework/Versions/A/Frameworks/ATS.framework/Versions/A/Resources/libFontRegistry.dylib
0x000000000b8fc000 	/System/Library/PrivateFrameworks/AppleVPA.framework/Versions/A/AppleVPA
0x000000000b8fc000 	/System/Library/PrivateFrameworks/AppleJPEG.framework/Versions/A/AppleJPEG
0x000000000b8fc000 	/System/Library/Frameworks/ImageIO.framework/Versions/A/Resources/libJPEG.dylib
0x000000000b8fc000 	/System/Library/Frameworks/ImageIO.framework/Versions/A/Resources/libTIFF.dylib
0x000000000b8fc000 	/System/Library/Frameworks/ImageIO.framework/Versions/A/Resources/libPng.dylib
0x000000000b8fc000 	/System/Library/Frameworks/ImageIO.framework/Versions/A/Resources/libGIF.dylib
0x000000000b8fc000 	/System/Library/Frameworks/ImageIO.framework/Versions/A/Resources/libJP2.dylib
0x000000000b8fc000 	/System/Library/Frameworks/ImageIO.framework/Versions/A/Resources/libRadiance.dylib
0x000000000b8fc000 	/System/Library/Frameworks/CoreVideo.framework/Versions/A/CoreVideo
0x000000000b8fc000 	/System/Library/Frameworks/OpenGL.framework/Versions/A/Libraries/libGLU.dylib
0x000000000b8fc000 	/System/Library/Frameworks/OpenGL.framework/Versions/A/Libraries/libGFXShared.dylib
0x000000000b8fc000 	/System/Library/Frameworks/OpenGL.framework/Versions/A/Libraries/libGL.dylib
0x000000000b8fc000 	/System/Library/Frameworks/OpenGL.framework/Versions/A/Libraries/libGLImage.dylib
0x000000000b8fc000 	/System/Library/Frameworks/OpenGL.framework/Versions/A/Libraries/libCVMSPluginSupport.dylib
0x000000000b8fc000 	/System/Library/Frameworks/OpenGL.framework/Versions/A/Libraries/libCoreVMClient.dylib
0x000000000b8fc000 	/usr/lib/libcups.2.dylib
0x000000000b8fc000 	/System/Library/Frameworks/Kerberos.framework/Versions/A/Kerberos
0x000000000b8fc000 	/System/Library/Frameworks/GSS.framework/Versions/A/GSS
0x000000000b8fc000 	/usr/lib/libresolv.9.dylib
0x000000000b8fc000 	/usr/lib/libiconv.2.dylib
0x000000000b8fc000 	/System/Library/PrivateFrameworks/Heimdal.framework/Versions/A/Heimdal
0x000000000b8fc000 	/usr/lib/libheimdal-asn1.dylib
0x000000000b8fc000 	/System/Library/Frameworks/OpenDirectory.framework/Versions/A/OpenDirectory
0x000000000b8fc000 	/System/Library/PrivateFrameworks/CommonAuth.framework/Versions/A/CommonAuth
0x000000000b8fc000 	/System/Library/Frameworks/OpenDirectory.framework/Versions/A/Frameworks/CFOpenDirectory.framework/Versions/A/CFOpenDirectory
0x000000000b8fc000 	/System/Library/Frameworks/SecurityFoundation.framework/Versions/A/SecurityFoundation
0x000000000b8fc000 	/System/Library/PrivateFrameworks/LanguageModeling.framework/Versions/A/LanguageModeling
0x000000000b8fc000 	/usr/lib/libcmph.dylib
0x000000000b8fc000 	/System/Library/Frameworks/ServiceManagement.framework/Versions/A/ServiceManagement
0x000000000b8fc000 	/usr/lib/libxslt.1.dylib
0x000000000b8fc000 	/System/Library/Frameworks/Carbon.framework/Versions/A/Frameworks/Ink.framework/Versions/A/Ink
0x000000000b8fc000 	/System/Library/Frameworks/QuartzCore.framework/Versions/A/Frameworks/CoreImage.framework/Versions/A/CoreImage
0x000000000b8fc000 	/System/Library/PrivateFrameworks/CrashReporterSupport.framework/Versions/A/CrashReporterSupport
0x000000000b8fc000 	/System/Library/Frameworks/OpenCL.framework/Versions/A/OpenCL
0x000000000b8fc000 	/System/Library/PrivateFrameworks/FaceCore.framework/Versions/A/FaceCore
0x000000000b8fc000 	/System/Library/PrivateFrameworks/Ubiquity.framework/Versions/A/Ubiquity
0x000000000b8fc000 	/System/Library/PrivateFrameworks/IconServices.framework/Versions/A/IconServices
0x000000000b8fc000 	/System/Library/PrivateFrameworks/ChunkingLibrary.framework/Versions/A/ChunkingLibrary
0x000000000b8fc000 	/System/Library/PrivateFrameworks/Apple80211.framework/Versions/A/Apple80211
0x000000000b8fc000 	/System/Library/Frameworks/CoreWLAN.framework/Versions/A/CoreWLAN
0x000000000b8fc000 	/System/Library/Frameworks/IOBluetooth.framework/Versions/A/IOBluetooth
0x000000000b8fc000 	/System/Library/PrivateFrameworks/CoreWiFi.framework/Versions/A/CoreWiFi
0x000000000b8fc000 	/System/Library/Frameworks/CoreBluetooth.framework/Versions/A/CoreBluetooth
0x000000000b8fc000 	/System/Library/PrivateFrameworks/DebugSymbols.framework/Versions/A/DebugSymbols
0x000000000b8fc000 	/System/Library/PrivateFrameworks/CoreSymbolication.framework/Versions/A/CoreSymbolication
0x000000000b8fc000 	/System/Library/PrivateFrameworks/Symbolication.framework/Versions/A/Symbolication
0x000000000b8fc000 	/System/Library/PrivateFrameworks/SpeechRecognitionCore.framework/Versions/A/SpeechRecognitionCore
0x0000000105800000 	/Library/Java/JavaVirtualMachines/jdk1.8.0_31.jdk/Contents/Home/jre/lib/server/libjvm.dylib
0x000000000b8fc000 	/usr/lib/libstdc++.6.dylib
0x000000010471e000 	/Library/Java/JavaVirtualMachines/jdk1.8.0_31.jdk/Contents/Home/jre/lib/libverify.dylib
0x000000010472c000 	/Library/Java/JavaVirtualMachines/jdk1.8.0_31.jdk/Contents/Home/jre/lib/libjava.dylib
0x0000000104761000 	/Library/Java/JavaVirtualMachines/jdk1.8.0_31.jdk/Contents/Home/jre/lib/libjdwp.dylib
0x00000001047ac000 	/Library/Java/JavaVirtualMachines/jdk1.8.0_31.jdk/Contents/Home/jre/lib/libnpt.dylib
0x00000001047b9000 	/Library/Java/JavaVirtualMachines/jdk1.8.0_31.jdk/Contents/Home/jre/lib/libzip.dylib
0x00000001223ce000 	/System/Library/Frameworks/JavaVM.framework/Frameworks/JavaRuntimeSupport.framework/JavaRuntimeSupport
0x00000001047eb000 	/System/Library/Frameworks/JavaVM.framework/Versions/A/Frameworks/JavaNativeFoundation.framework/Versions/A/JavaNativeFoundation
0x00000001223e4000 	/System/Library/Frameworks/JavaVM.framework/Versions/A/JavaVM
0x000000000b8fc000 	/System/Library/Frameworks/Carbon.framework/Versions/A/Carbon
0x00000001223f0000 	/System/Library/PrivateFrameworks/JavaLaunching.framework/Versions/A/JavaLaunching
0x000000000b8fc000 	/System/Library/Frameworks/Carbon.framework/Versions/A/Frameworks/CommonPanels.framework/Versions/A/CommonPanels
0x000000000b8fc000 	/System/Library/Frameworks/Carbon.framework/Versions/A/Frameworks/Help.framework/Versions/A/Help
0x000000000b8fc000 	/System/Library/Frameworks/Carbon.framework/Versions/A/Frameworks/ImageCapture.framework/Versions/A/ImageCapture
0x000000000b8fc000 	/System/Library/Frameworks/Carbon.framework/Versions/A/Frameworks/OpenScripting.framework/Versions/A/OpenScripting
0x000000000b8fc000 	/System/Library/Frameworks/Carbon.framework/Versions/A/Frameworks/Print.framework/Versions/A/Print
0x000000000b8fc000 	/System/Library/Frameworks/Carbon.framework/Versions/A/Frameworks/SecurityHI.framework/Versions/A/SecurityHI
0x0000000122501000 	/Library/Java/JavaVirtualMachines/jdk1.8.0_31.jdk/Contents/Home/jre/lib/libdt_socket.dylib
0x0000000124bc5000 	/Library/Java/JavaVirtualMachines/jdk1.8.0_31.jdk/Contents/Home/jre/lib/libnet.dylib
0x0000000124a82000 	/Library/Java/JavaVirtualMachines/jdk1.8.0_31.jdk/Contents/Home/jre/lib/libmanagement.dylib
0x0000000124a7d000 	/private/var/folders/mf/03qtdmr131j0fstqrhncqmsr0000gp/T/libjansi-64-1-6547082971622657720.11
0x0000000124ac3000 	/Library/Java/JavaVirtualMachines/jdk1.8.0_31.jdk/Contents/Home/jre/lib/libsunec.dylib
0x0000000122457000 	/Library/Java/JavaVirtualMachines/jdk1.8.0_31.jdk/Contents/Home/jre/lib/libnio.dylib
0x000000012241e000 	/private/var/folders/mf/03qtdmr131j0fstqrhncqmsr0000gp/T/jffi4136283553250252798.dylib
0x00000001224a8000 	/usr/local/lib/libosxfuse.dylib

VM Arguments:
jvm_args: -agentlib:jdwp=transport=dt_socket,suspend=y,address=localhost:56539 -Dfile.encoding=UTF-8 
java_command: org.icgc.dcc.storage.client.ClientMain mount --mount-point /tmp/icgc --manifest /Users/btiernay/ICGC/dcc-storage-client/manifest.aws-virginia.1444232116728.txt --logging.org.icgc=DEBUG --spring.profiles.active=amazon --accessToken=94a5da4a-b919-4919-a1ad-b46aaa94e2e2 --client.ssl.trustStore=file:/Users/btiernay/Workspaces/dcc/dcc-storage/dcc-storage-client/src/main/conf/client.jks
java_class_path (initial): /Users/btiernay/Workspaces/dcc/dcc-storage/dcc-storage-client/target/classes:/Users/btiernay/Workspaces/dcc/dcc-storage/dcc-storage-core/target/classes:/Users/btiernay/.m2/repository/com/sun/jersey/jersey-client/1.17.1/jersey-client-1.17.1.jar:/Users/btiernay/.m2/repository/com/sun/jersey/jersey-core/1.17.1/jersey-core-1.17.1.jar:/Users/btiernay/.m2/repository/com/sun/jersey/jersey-json/1.17.1/jersey-json-1.17.1.jar:/Users/btiernay/.m2/repository/org/codehaus/jettison/jettison/1.1/jettison-1.1.jar:/Users/btiernay/.m2/repository/com/sun/xml/bind/jaxb-impl/2.2.3-1/jaxb-impl-2.2.3-1.jar:/Users/btiernay/.m2/repository/javax/xml/bind/jaxb-api/2.2.2/jaxb-api-2.2.2.jar:/Users/btiernay/.m2/repository/javax/xml/stream/stax-api/1.0-2/stax-api-1.0-2.jar:/Users/btiernay/.m2/repository/javax/activation/activation/1.1/activation-1.1.jar:/Users/btiernay/.m2/repository/org/codehaus/jackson/jackson-core-asl/1.9.2/jackson-core-asl-1.9.2.jar:/Users/btiernay/.m2/repository/org/codehaus/jackson/jackson-mapper-asl/1.9.2/jackson-mapper-asl-1.9.2.jar:/Users/btiernay/.m2/repository/org/codehaus/jackson/jackson-jaxrs/1.9.2/jackson-jaxrs-1.9.2.jar:/Users/btiernay/.m2/repository/org/codehaus/jackson/jackson-xc/1.9.2/jackson-xc-1.9.2.jar:/Users/btiernay/.m2/repository/commons-lang/commons-lang/2.6/commons-lang-2.6.jar:/Users/btiernay/Workspaces/dcc/dcc-storage/dcc-storage-fs/target/classes:/Users/btiernay/.m2/repository/org/icgc/dcc/dcc-common-core/3.8.15.0/dcc-common-core-3.8.15.0.jar:/Users/btiernay/.m2/repository/com/fasterxml/jackson/core/jackson-core/2.3.4/jackson-core-2.3.4.jar:/Users/btiernay/.m2/repository/com/fasterxml/jackson/core/jackson-databind/2.3.4/jackson-databind-2.3.4.jar:/Users/btiernay/.m2/repository/com/fasterxml/jackson/core/jackson-annotations/2.4.6/jackson-annotations-2.4.6.jar:/Users/btiernay/.m2/repository/com/fasterxml/jackson/dataformat/jackson-dataformat-yaml/2.3.4/jackson-dataformat-yaml-2.3.4.jar:/Users/btiernay/.m2/repository/joda-tim
Launcher Type: SUN_STANDARD

Environment Variables:
PATH=/usr/bin:/bin:/usr/sbin:/sbin
SHELL=/bin/zsh
DISPLAY=/private/tmp/com.apple.launchd.swBkMAQZYL/org.macosforge.xquartz:0

Signal Handlers:
SIGSEGV: [libjvm.dylib+0x57a0e7], sa_mask[0]=11111111011111110111111111111111, sa_flags=SA_ONSTACK|SA_RESTART|SA_SIGINFO
SIGBUS: [libjvm.dylib+0x57a0e7], sa_mask[0]=11111111011111110111111111111111, sa_flags=SA_RESTART|SA_SIGINFO
SIGFPE: [libjvm.dylib+0x45af24], sa_mask[0]=11111111011111110111111111111111, sa_flags=SA_RESTART|SA_SIGINFO
SIGPIPE: [libjvm.dylib+0x45af24], sa_mask[0]=11111111011111110111111111111111, sa_flags=SA_RESTART|SA_SIGINFO
SIGXFSZ: [libjvm.dylib+0x45af24], sa_mask[0]=11111111011111110111111111111111, sa_flags=SA_RESTART|SA_SIGINFO
SIGILL: [libjvm.dylib+0x45af24], sa_mask[0]=11111111011111110111111111111111, sa_flags=SA_RESTART|SA_SIGINFO
SIGUSR1: SIG_DFL, sa_mask[0]=00000000000000000000000000000000, sa_flags=none
SIGUSR2: [libjvm.dylib+0x45aa42], sa_mask[0]=00100000000000000000000000000000, sa_flags=SA_RESTART|SA_SIGINFO
SIGHUP: [libjvm.dylib+0x459015], sa_mask[0]=11111111011111110111111111111111, sa_flags=SA_RESTART|SA_SIGINFO
SIGINT: [libjvm.dylib+0x459015], sa_mask[0]=11111111011111110111111111111111, sa_flags=SA_RESTART|SA_SIGINFO
SIGTERM: [libjvm.dylib+0x459015], sa_mask[0]=11111111011111110111111111111111, sa_flags=SA_RESTART|SA_SIGINFO
SIGQUIT: [libjvm.dylib+0x459015], sa_mask[0]=11111111011111110111111111111111, sa_flags=SA_RESTART|SA_SIGINFO


---------------  S Y S T E M  ---------------

OS:Bsduname:Darwin 14.5.0 Darwin Kernel Version 14.5.0: Wed Jul 29 02:26:53 PDT 2015; root:xnu-2782.40.9~1/RELEASE_X86_64 x86_64
rlimit: STACK 8192k, CORE 0k, NPROC 709, NOFILE 10240, AS infinity
load average:1.70 1.91 2.15

CPU:total 8 (4 cores per cpu, 2 threads per core) family 6 model 70 stepping 1, cmov, cx8, fxsr, mmx, sse, sse2, sse3, ssse3, sse4.1, sse4.2, popcnt, avx, avx2, aes, clmul, erms, rtm, lzcnt, ht, tsc, tscinvbit, bmi1, bmi2

Memory: 4k page, physical 16777216k(1377972k free)

/proc/meminfo:


vm_info: Java HotSpot(TM) 64-Bit Server VM (25.31-b07) for bsd-amd64 JRE (1.8.0_31-b13), built on Dec 17 2014 20:45:36 by "java_re" with gcc 4.2.1 (Based on Apple Inc. build 5658) (LLVM build 2336.11.00)

time: Wed Oct  7 21:24:00 2015
elapsed time: 69 seconds (0d 0h 1m 9s)

