#
# A fatal error has been detected by the Java Runtime Environment:
#
#  SIGSEGV (0xb) at pc=0x000000010673cf8c, pid=8549, tid=12547
#
# JRE version: Java(TM) SE Runtime Environment (8.0_31-b13) (build 1.8.0_31-b13)
# Java VM: Java HotSpot(TM) 64-Bit Server VM (25.31-b07 mixed mode bsd-amd64 compressed oops)
# Problematic frame:
# V  [libjvm.dylib+0x13cf8c]  JavaThread::pd_last_frame()+0x90
#
# Failed to write core dump. Core dumps have been disabled. To enable core dumping, try "ulimit -c unlimited" before starting Java again
#
# If you would like to submit a bug report, please visit:
#   http://bugreport.java.com/bugreport/crash.jsp
#

---------------  T H R E A D  ---------------

Current thread (0x00007f8a62014800):  VMThread [stack: 0x0000000122e9e000,0x0000000122f9e000] [id=12547]

siginfo: si_signo: 11 (SIGSEGV), si_code: 1 (SEGV_MAPERR), si_addr: 0x000000012cedc4b8

Registers:
RAX=0x000000012cedc500, RBX=0x0000000122f9d438, RCX=0x000000012cedc4c0, RDX=0x0000000000000001
RSP=0x0000000122f9d410, RBP=0x0000000122f9d420, RSI=0x00007f8a61c6c800, RDI=0x0000000122f9d438
R8 =0x0000000000000000, R9 =0x00007fff8dc09d60, R10=0x0000000000002000, R11=0x0000000000000246
R12=0x0000000106e95899, R13=0x00007f8a61600380, R14=0x0000000122f9d438, R15=0x0000000000000001
RIP=0x000000010673cf8c, EFLAGS=0x0000000000010246, ERR=0x0000000000000004
  TRAPNO=0x000000000000000e

Top of Stack: (sp=0x0000000122f9d410)
0x0000000122f9d410:   0000000122f9d480 0000000122f9d480
0x0000000122f9d420:   0000000122f9d470 000000010683a77c
0x0000000122f9d430:   0000000022f9d460 000000012cedc4c0
0x0000000122f9d440:   0000000000000000 000000000000002a
0x0000000122f9d450:   0000000122f9d820 000000012cedc500
0x0000000122f9d460:   000000012cedc4c0 0000000106deb3f0
0x0000000122f9d470:   0000000122f9da80 0000000106b34742
0x0000000122f9d480:   0000000000000000 0000000000000000
0x0000000122f9d490:   0000000000000000 0000000000000002
0x0000000122f9d4a0:   0000000000000000 0000000000000000
0x0000000122f9d4b0:   0000000000000001 0000000000000001
0x0000000122f9d4c0:   0000000000000000 0000000000000000
0x0000000122f9d4d0:   0000000000000000 0000000100000000
0x0000000122f9d4e0:   0000000122f9dc20 5800000000000002
0x0000000122f9d4f0:   0000000122f9d940 0000000000000000
0x0000000122f9d500:   0000000000000000 000000000000000a
0x0000000122f9d510:   0000002222f9d8e0 0000000106be8d8e
0x0000000122f9d520:   00007fff7bc4d6b8 00000000ffffffff
0x0000000122f9d530:   0000000000000000 0000000000000000
0x0000000122f9d540:   0000000122f9d910 0000000100000000
0x0000000122f9d550:   0000000000000000 0000000106bac9e9
0x0000000122f9d560:   0000000000000000 00000001066da4cf
0x0000000122f9d570:   0000000122f9d940 0000000122f9d588
0x0000000122f9d580:   0000000000000000 0000000106be8a78
0x0000000122f9d590:   0000003000000010 0000000122f9db70
0x0000000122f9d5a0:   0000000122f9da90 580000000000001b
0x0000000122f9d5b0:   0000000122f9d5e0 00000001066da540
0x0000000122f9d5c0:   0000000122f9d5e0 0000000000000000
0x0000000122f9d5d0:   0000000106871588 0000000122f9d6f8
0x0000000122f9d5e0:   0000000122f9d610 00007f8a61429740
0x0000000122f9d5f0:   0000000122f9d628 0000000000000000
0x0000000122f9d600:   0000000122f9d6f8 580000000000001b 

Instructions: (pc=0x000000010673cf8c)
0x000000010673cf6c:   89 d8 5b 41 5e 5d c3 48 8b 86 d8 01 00 00 48 8b
0x000000010673cf7c:   8e c8 01 00 00 49 89 0e 49 89 4e 28 49 89 46 20
0x000000010673cf8c:   48 8b 79 f8 eb a1 55 48 89 e5 41 56 53 48 8b 1f
0x000000010673cf9c:   ff c6 89 b3 60 02 00 00 48 8d 05 0d 0a 76 00 8b 

Register to memory mapping:

RAX=0x000000012cedc500 is pointing into the stack for thread: 0x00007f8a61c6c800
RBX=0x0000000122f9d438 is an unknown value
RCX=0x000000012cedc4c0 is pointing into the stack for thread: 0x00007f8a61c6c800
RDX=0x0000000000000001 is an unknown value
RSP=0x0000000122f9d410 is an unknown value
RBP=0x0000000122f9d420 is an unknown value
RSI=0x00007f8a61c6c800 is a thread
RDI=0x0000000122f9d438 is an unknown value
R8 =0x0000000000000000 is an unknown value
R9 =0x00007fff8dc09d60: zeroes+0 in /usr/lib/system/libsystem_c.dylib at 0x00007fff8db82000
R10=0x0000000000002000 is an unknown value
R11=0x0000000000000246 is an unknown value
R12=0x0000000106e95899: PrintSafepointStatistics+0 in /Library/Java/JavaVirtualMachines/jdk1.8.0_31.jdk/Contents/Home/jre/lib/server/libjvm.dylib at 0x0000000106600000
R13=0x00007f8a61600380 is an unknown value
R14=0x0000000122f9d438 is an unknown value
R15=0x0000000000000001 is an unknown value


Stack: [0x0000000122e9e000,0x0000000122f9e000],  sp=0x0000000122f9d410,  free space=1021k
Native frames: (J=compiled Java code, j=interpreted, Vv=VM code, C=native code)
V  [libjvm.dylib+0x13cf8c]  JavaThread::pd_last_frame()+0x90
V  [libjvm.dylib+0x23a77c]  StackFrameStream::StackFrameStream(JavaThread*, bool)+0x72
V  [libjvm.dylib+0x534742]  JavaThread::nmethods_do(CodeBlobClosure*)+0x32
V  [libjvm.dylib+0x5347a1]  Threads::nmethods_do(CodeBlobClosure*)+0x21
V  [libjvm.dylib+0x4b0f92]  SafepointSynchronize::do_cleanup_tasks()+0xaa
V  [libjvm.dylib+0x4b15b6]  SafepointSynchronize::begin()+0x3f4
V  [libjvm.dylib+0x57f9f1]  VMThread::loop()+0x319
V  [libjvm.dylib+0x57f31f]  VMThread::run()+0x79
V  [libjvm.dylib+0x45d772]  java_start(Thread*)+0xf6
C  [libsystem_pthread.dylib+0x405a]  _pthread_body+0x83
C  [libsystem_pthread.dylib+0x3fd7]  _pthread_body+0x0
C  [libsystem_pthread.dylib+0x13ed]  thread_start+0xd

VM_Operation (0x000000012788a4f8): RevokeBias, mode: safepoint, requested by thread 0x00007f8a62c4c000


---------------  P R O C E S S  ---------------

Java Threads: ( => current thread )
  0x00007f8a61c6c800 JavaThread "Thread-44" daemon [_thread_blocked, id=27907, stack(0x000000012ce5d000,0x000000012cedd000)]
  0x00007f8a62c4c000 JavaThread "orgicgcdccstoragefsstoragefilesystemdfc-fuse" [_thread_blocked, id=25163, stack(0x000000012778d000,0x000000012788d000)]
  0x00007f8a63b06000 JavaThread "jnr.ffi.util.ref.internal.Finalizer" daemon [_thread_blocked, id=25611, stack(0x00000001275c1000,0x00000001276c1000)]
  0x00007f8a61bea000 JavaThread "process reaper" daemon [_thread_blocked, id=23299, stack(0x00000001257f4000,0x000000012581c000)]
  0x00007f8a63824000 JavaThread "Service Thread" daemon [_thread_blocked, id=22275, stack(0x00000001252e1000,0x00000001253e1000)]
  0x00007f8a61870000 JavaThread "C1 CompilerThread3" daemon [_thread_blocked, id=21763, stack(0x00000001251de000,0x00000001252de000)]
  0x00007f8a6186d800 JavaThread "C2 CompilerThread2" daemon [_thread_blocked, id=21251, stack(0x00000001250db000,0x00000001251db000)]
  0x00007f8a6186f000 JavaThread "C2 CompilerThread1" daemon [_thread_blocked, id=20739, stack(0x0000000124fd8000,0x00000001250d8000)]
  0x00007f8a62024000 JavaThread "C2 CompilerThread0" daemon [_thread_blocked, id=20227, stack(0x0000000124ed5000,0x0000000124fd5000)]
  0x00007f8a6186e800 JavaThread "JDWP Command Reader" daemon [_thread_in_native, id=19715, stack(0x0000000124dd2000,0x0000000124ed2000)]
  0x00007f8a63809000 JavaThread "JDWP Event Helper Thread" daemon [_thread_blocked, id=19203, stack(0x0000000124ccf000,0x0000000124dcf000)]
  0x00007f8a62023800 JavaThread "JDWP Transport Listener: dt_socket" daemon [_thread_blocked, id=18691, stack(0x0000000124bcc000,0x0000000124ccc000)]
  0x00007f8a61869000 JavaThread "Signal Dispatcher" daemon [_thread_blocked, id=15627, stack(0x0000000124ac9000,0x0000000124bc9000)]
  0x00007f8a63800000 JavaThread "Finalizer" daemon [_thread_blocked, id=13571, stack(0x00000001230a4000,0x00000001231a4000)]
  0x00007f8a61818800 JavaThread "Reference Handler" daemon [_thread_blocked, id=13059, stack(0x0000000122fa1000,0x00000001230a1000)]
  0x00007f8a6181a800 JavaThread "main" [_thread_blocked, id=4867, stack(0x0000000107520000,0x0000000107620000)]

Other Threads:
=>0x00007f8a62014800 VMThread [stack: 0x0000000122e9e000,0x0000000122f9e000] [id=12547]
  0x00007f8a61870800 WatcherThread [stack: 0x00000001253e4000,0x00000001254e4000] [id=22787]

VM state:at safepoint (normal execution)

VM Mutex/Monitor currently owned by a thread:  ([mutex/lock_event])
[0x00007f8a61420b80] Safepoint_lock - owner thread: 0x00007f8a62014800
[0x00007f8a61420c00] Threads_lock - owner thread: 0x00007f8a62014800

Heap:
 PSYoungGen      total 134656K, used 83434K [0x000000076ab00000, 0x0000000775800000, 0x00000007c0000000)
  eden space 123904K, 58% used [0x000000076ab00000,0x000000076f200518,0x0000000772400000)
  from space 10752K, 99% used [0x0000000772b00000,0x000000077357a4d8,0x0000000773580000)
  to   space 26624K, 0% used [0x0000000773e00000,0x0000000773e00000,0x0000000775800000)
 ParOldGen       total 114688K, used 31618K [0x00000006c0000000, 0x00000006c7000000, 0x000000076ab00000)
  object space 114688K, 27% used [0x00000006c0000000,0x00000006c1ee0ab0,0x00000006c7000000)
 Metaspace       used 28187K, capacity 28572K, committed 29056K, reserved 1075200K
  class space    used 3518K, capacity 3628K, committed 3712K, reserved 1048576K

Card table byte_map: [0x00000001169e2000,0x00000001171e3000] byte_map_base: 0x00000001133e2000

Marking Bits: (ParMarkBitMap*) 0x0000000106e9e410
 Begin Bits: [0x0000000117f51000, 0x000000011bf51000)
 End Bits:   [0x000000011bf51000, 0x000000011ff51000)

Polling page: 0x0000000105547000

CodeCache: size=245760Kb used=8893Kb max_used=10328Kb free=236866Kb
 bounds [0x0000000107622000, 0x0000000108072000, 0x0000000116622000]
 total_blobs=3156 nmethods=2602 adapters=475
 compilation: enabled

Compilation events (10 events):
Event: 21.337 Thread 0x00007f8a6186d800 3112       4       java.lang.StringBuilder::append (9 bytes)
Event: 21.338 Thread 0x00007f8a62024000 nmethod 3108 0x0000000107a06bd0 code [0x0000000107a06d60, 0x0000000107a07448]
Event: 21.338 Thread 0x00007f8a62024000 3113       4       org.icgc.dcc.storage.fs.StorageFile::toString (73 bytes)
Event: 21.341 Thread 0x00007f8a6186d800 nmethod 3112 0x0000000107a36c90 code [0x0000000107a36e20, 0x0000000107a37448]
Event: 21.341 Thread 0x00007f8a6186d800 3109       4       java.lang.ref.Finalizer::access$100 (6 bytes)
Event: 21.344 Thread 0x00007f8a6186d800 nmethod 3109 0x0000000107c271d0 code [0x0000000107c27360, 0x0000000107c279b8]
Event: 21.345 Thread 0x00007f8a6186d800 3110   !   4       java.lang.ref.Finalizer::runFinalizer (62 bytes)
Event: 21.345 Thread 0x00007f8a6186f000 nmethod 3111 0x0000000107acb550 code [0x0000000107acb720, 0x0000000107acc708]
Event: 21.347 Thread 0x00007f8a6186d800 nmethod 3110 0x0000000107b9ded0 code [0x0000000107b9e060, 0x0000000107b9e678]
Event: 21.424 Thread 0x00007f8a62024000 nmethod 3113 0x0000000107c2b690 code [0x0000000107c2ba60, 0x0000000107c2fe00]

GC Heap History (10 events):
Event: 1.343 GC heap before
{Heap before GC invocations=2 (full 0):
 PSYoungGen      total 76288K, used 71863K [0x000000076ab00000, 0x0000000770000000, 0x00000007c0000000)
  eden space 65536K, 100% used [0x000000076ab00000,0x000000076eb00000,0x000000076eb00000)
  from space 10752K, 58% used [0x000000076eb00000,0x000000076f12de70,0x000000076f580000)
  to   space 10752K, 0% used [0x000000076f580000,0x000000076f580000,0x0000000770000000)
 ParOldGen       total 175104K, used 80K [0x00000006c0000000, 0x00000006cab00000, 0x000000076ab00000)
  object space 175104K, 0% used [0x00000006c0000000,0x00000006c0014010,0x00000006cab00000)
 Metaspace       used 18005K, capacity 18164K, committed 18560K, reserved 1064960K
  class space    used 2263K, capacity 2317K, committed 2432K, reserved 1048576K
Event: 1.352 GC heap after
Heap after GC invocations=2 (full 0):
 PSYoungGen      total 76288K, used 10744K [0x000000076ab00000, 0x0000000774000000, 0x00000007c0000000)
  eden space 65536K, 0% used [0x000000076ab00000,0x000000076ab00000,0x000000076eb00000)
  from space 10752K, 99% used [0x000000076f580000,0x000000076fffe2b8,0x0000000770000000)
  to   space 10752K, 0% used [0x000000076eb00000,0x000000076eb00000,0x000000076f580000)
 ParOldGen       total 175104K, used 1010K [0x00000006c0000000, 0x00000006cab00000, 0x000000076ab00000)
  object space 175104K, 0% used [0x00000006c0000000,0x00000006c00fcb88,0x00000006cab00000)
 Metaspace       used 18005K, capacity 18164K, committed 18560K, reserved 1064960K
  class space    used 2263K, capacity 2317K, committed 2432K, reserved 1048576K
}
Event: 1.608 GC heap before
{Heap before GC invocations=3 (full 0):
 PSYoungGen      total 76288K, used 43961K [0x000000076ab00000, 0x0000000774000000, 0x00000007c0000000)
  eden space 65536K, 50% used [0x000000076ab00000,0x000000076cb701b8,0x000000076eb00000)
  from space 10752K, 99% used [0x000000076f580000,0x000000076fffe2b8,0x0000000770000000)
  to   space 10752K, 0% used [0x000000076eb00000,0x000000076eb00000,0x000000076f580000)
 ParOldGen       total 175104K, used 1010K [0x00000006c0000000, 0x00000006cab00000, 0x000000076ab00000)
  object space 175104K, 0% used [0x00000006c0000000,0x00000006c00fcb88,0x00000006cab00000)
 Metaspace       used 20810K, capacity 21018K, committed 21296K, reserved 1069056K
  class space    used 2625K, capacity 2670K, committed 2688K, reserved 1048576K
Event: 1.616 GC heap after
Heap after GC invocations=3 (full 0):
 PSYoungGen      total 76288K, used 10741K [0x000000076ab00000, 0x0000000774000000, 0x00000007c0000000)
  eden space 65536K, 0% used [0x000000076ab00000,0x000000076ab00000,0x000000076eb00000)
  from space 10752K, 99% used [0x000000076eb00000,0x000000076f57d700,0x000000076f580000)
  to   space 10752K, 0% used [0x0000000773580000,0x0000000773580000,0x0000000774000000)
 ParOldGen       total 175104K, used 2451K [0x00000006c0000000, 0x00000006cab00000, 0x000000076ab00000)
  object space 175104K, 1% used [0x00000006c0000000,0x00000006c0264c30,0x00000006cab00000)
 Metaspace       used 20810K, capacity 21018K, committed 21296K, reserved 1069056K
  class space    used 2625K, capacity 2670K, committed 2688K, reserved 1048576K
}
Event: 1.616 GC heap before
{Heap before GC invocations=4 (full 1):
 PSYoungGen      total 76288K, used 10741K [0x000000076ab00000, 0x0000000774000000, 0x00000007c0000000)
  eden space 65536K, 0% used [0x000000076ab00000,0x000000076ab00000,0x000000076eb00000)
  from space 10752K, 99% used [0x000000076eb00000,0x000000076f57d700,0x000000076f580000)
  to   space 10752K, 0% used [0x0000000773580000,0x0000000773580000,0x0000000774000000)
 ParOldGen       total 175104K, used 2451K [0x00000006c0000000, 0x00000006cab00000, 0x000000076ab00000)
  object space 175104K, 1% used [0x00000006c0000000,0x00000006c0264c30,0x00000006cab00000)
 Metaspace       used 20810K, capacity 21018K, committed 21296K, reserved 1069056K
  class space    used 2625K, capacity 2670K, committed 2688K, reserved 1048576K
Event: 1.646 GC heap after
Heap after GC invocations=4 (full 1):
 PSYoungGen      total 76288K, used 0K [0x000000076ab00000, 0x0000000774000000, 0x00000007c0000000)
  eden space 65536K, 0% used [0x000000076ab00000,0x000000076ab00000,0x000000076eb00000)
  from space 10752K, 0% used [0x000000076eb00000,0x000000076eb00000,0x000000076f580000)
  to   space 10752K, 0% used [0x0000000773580000,0x0000000773580000,0x0000000774000000)
 ParOldGen       total 114688K, used 11810K [0x00000006c0000000, 0x00000006c7000000, 0x000000076ab00000)
  object space 114688K, 10% used [0x00000006c0000000,0x00000006c0b88a50,0x00000006c7000000)
 Metaspace       used 20809K, capacity 21016K, committed 21296K, reserved 1069056K
  class space    used 2625K, capacity 2669K, committed 2688K, reserved 1048576K
}
Event: 7.260 GC heap before
{Heap before GC invocations=5 (full 1):
 PSYoungGen      total 76288K, used 65536K [0x000000076ab00000, 0x0000000774000000, 0x00000007c0000000)
  eden space 65536K, 100% used [0x000000076ab00000,0x000000076eb00000,0x000000076eb00000)
  from space 10752K, 0% used [0x000000076eb00000,0x000000076eb00000,0x000000076f580000)
  to   space 10752K, 0% used [0x0000000773580000,0x0000000773580000,0x0000000774000000)
 ParOldGen       total 114688K, used 11810K [0x00000006c0000000, 0x00000006c7000000, 0x000000076ab00000)
  object space 114688K, 10% used [0x00000006c0000000,0x00000006c0b88a50,0x00000006c7000000)
 Metaspace       used 23523K, capacity 23772K, committed 24064K, reserved 1071104K
  class space    used 2890K, capacity 2976K, committed 3072K, reserved 1048576K
Event: 7.272 GC heap after
Heap after GC invocations=5 (full 1):
 PSYoungGen      total 102912K, used 10739K [0x000000076ab00000, 0x0000000774000000, 0x00000007c0000000)
  eden space 92160K, 0% used [0x000000076ab00000,0x000000076ab00000,0x0000000770500000)
  from space 10752K, 99% used [0x0000000773580000,0x0000000773ffcd28,0x0000000774000000)
  to   space 10752K, 0% used [0x0000000772b00000,0x0000000772b00000,0x0000000773580000)
 ParOldGen       total 114688K, used 17281K [0x00000006c0000000, 0x00000006c7000000, 0x000000076ab00000)
  object space 114688K, 15% used [0x00000006c0000000,0x00000006c10e0670,0x00000006c7000000)
 Metaspace       used 23523K, capacity 23772K, committed 24064K, reserved 1071104K
  class space    used 2890K, capacity 2976K, committed 3072K, reserved 1048576K
}
Event: 21.316 GC heap before
{Heap before GC invocations=6 (full 1):
 PSYoungGen      total 102912K, used 102899K [0x000000076ab00000, 0x0000000774000000, 0x00000007c0000000)
  eden space 92160K, 100% used [0x000000076ab00000,0x0000000770500000,0x0000000770500000)
  from space 10752K, 99% used [0x0000000773580000,0x0000000773ffcd28,0x0000000774000000)
  to   space 10752K, 0% used [0x0000000772b00000,0x0000000772b00000,0x0000000773580000)
 ParOldGen       total 114688K, used 17281K [0x00000006c0000000, 0x00000006c7000000, 0x000000076ab00000)
  object space 114688K, 15% used [0x00000006c0000000,0x00000006c10e0670,0x00000006c7000000)
 Metaspace       used 28175K, capacity 28508K, committed 28800K, reserved 1075200K
  class space    used 3517K, capacity 3628K, committed 3712K, reserved 1048576K
Event: 21.330 GC heap after
Heap after GC invocations=6 (full 1):
 PSYoungGen      total 134656K, used 10729K [0x000000076ab00000, 0x0000000775800000, 0x00000007c0000000)
  eden space 123904K, 0% used [0x000000076ab00000,0x000000076ab00000,0x0000000772400000)
  from space 10752K, 99% used [0x0000000772b00000,0x000000077357a4d8,0x0000000773580000)
  to   space 26624K, 0% used [0x0000000773e00000,0x0000000773e00000,0x0000000775800000)
 ParOldGen       total 114688K, used 31618K [0x00000006c0000000, 0x00000006c7000000, 0x000000076ab00000)
  object space 114688K, 27% used [0x00000006c0000000,0x00000006c1ee0ab0,0x00000006c7000000)
 Metaspace       used 28175K, capacity 28508K, committed 28800K, reserved 1075200K
  class space    used 3517K, capacity 3628K, committed 3712K, reserved 1048576K
}

Deoptimization events (10 events):
Event: 9.221 Thread 0x00007f8a6181a800 Uncommon trap: reason=unreached action=reinterpret pc=0x000000010780ab2c method=java.lang.AbstractStringBuilder.append(Ljava/lang/String;)Ljava/lang/AbstractStringBuilder; @ 1
Event: 9.233 Thread 0x00007f8a6181a800 Uncommon trap: reason=class_check action=maybe_recompile pc=0x000000010773cc58 method=java.util.regex.Pattern$7.isSatisfiedBy(I)Z @ 5
Event: 9.233 Thread 0x00007f8a6181a800 Uncommon trap: reason=class_check action=maybe_recompile pc=0x000000010773cc58 method=java.util.regex.Pattern$7.isSatisfiedBy(I)Z @ 5
Event: 9.305 Thread 0x00007f8a6181a800 Uncommon trap: reason=predicate action=maybe_recompile pc=0x0000000107f62dcc method=java.util.TreeMap.put(Ljava/lang/Object;Ljava/lang/Object;)Ljava/lang/Object; @ 58
Event: 9.319 Thread 0x00007f8a6181a800 Uncommon trap: reason=unreached action=reinterpret pc=0x0000000107d0ca44 method=java.lang.ClassLoader.getClassLoadingLock(Ljava/lang/String;)Ljava/lang/Object; @ 6
Event: 9.432 Thread 0x00007f8a62c4c000 Uncommon trap: reason=null_check action=make_not_entrant pc=0x0000000107c3a41c method=java.lang.StringCoding.deref(Ljava/lang/ThreadLocal;)Ljava/lang/Object; @ 4
Event: 10.187 Thread 0x00007f8a6181a800 Uncommon trap: reason=unhandled action=none pc=0x00000001080489c4 method=java.net.URLClassLoader$1.run()Ljava/lang/Class; @ 72
Event: 10.188 Thread 0x00007f8a6181a800 Uncommon trap: reason=unhandled action=none pc=0x00000001080489c4 method=java.net.URLClassLoader$1.run()Ljava/lang/Class; @ 72
Event: 10.188 Thread 0x00007f8a6181a800 Uncommon trap: reason=unhandled action=none pc=0x00000001080489c4 method=java.net.URLClassLoader$1.run()Ljava/lang/Class; @ 72
Event: 56.263 Thread 0x00007f8a61c6c800 Uncommon trap: reason=unhandled action=none pc=0x00000001080489c4 method=java.net.URLClassLoader$1.run()Ljava/lang/Class; @ 72

Internal exceptions (10 events):
Event: 9.526 Thread 0x00007f8a61c6c800 Exception <a 'java/security/PrivilegedActionException'> (0x000000076fc19d70) thrown at [/Users/java_re/workspace/8-2-build-macosx-x86_64/jdk8u31/2394/hotspot/src/share/vm/prims/jvm.cpp, line 1312]
Event: 9.527 Thread 0x00007f8a61c6c800 Exception <a 'java/security/PrivilegedActionException'> (0x000000076fc1f4c0) thrown at [/Users/java_re/workspace/8-2-build-macosx-x86_64/jdk8u31/2394/hotspot/src/share/vm/prims/jvm.cpp, line 1312]
Event: 9.555 Thread 0x00007f8a61c6c800 Exception <a 'java/lang/NoSuchMethodError': java.lang.Object.lambda$comparing$77a9974f$1(Ljava/util/function/Function;Ljava/lang/Object;Ljava/lang/Object;)I> (0x000000076fe7c908) thrown at [/Users/java_re/workspace/8-2-build-macosx-x86_64/jdk8u31/2394/hot
Event: 9.559 Thread 0x00007f8a61c6c800 Exception <a 'java/lang/NoSuchMethodError': java.lang.Object.lambda$thenComparing$36697e65$1(Ljava/util/Comparator;Ljava/lang/Object;Ljava/lang/Object;)I> (0x000000076feaf650) thrown at [/Users/java_re/workspace/8-2-build-macosx-x86_64/jdk8u31/2394/hotspo
Event: 10.187 Thread 0x00007f8a6181a800 Exception <a 'java/security/PrivilegedActionException'> (0x000000076e160ab0) thrown at [/Users/java_re/workspace/8-2-build-macosx-x86_64/jdk8u31/2394/hotspot/src/share/vm/prims/jvm.cpp, line 1312]
Event: 10.188 Thread 0x00007f8a6181a800 Exception <a 'java/security/PrivilegedActionException'> (0x000000076e16b738) thrown at [/Users/java_re/workspace/8-2-build-macosx-x86_64/jdk8u31/2394/hotspot/src/share/vm/prims/jvm.cpp, line 1312]
Event: 10.189 Thread 0x00007f8a6181a800 Exception <a 'java/security/PrivilegedActionException'> (0x000000076ff33ca0) thrown at [/Users/java_re/workspace/8-2-build-macosx-x86_64/jdk8u31/2394/hotspot/src/share/vm/prims/jvm.cpp, line 1312]
Event: 30.405 Thread 0x00007f8a61c6c800 Exception <a 'java/security/PrivilegedActionException'> (0x000000076e676250) thrown at [/Users/java_re/workspace/8-2-build-macosx-x86_64/jdk8u31/2394/hotspot/src/share/vm/prims/jvm.cpp, line 1312]
Event: 56.264 Thread 0x00007f8a61c6c800 Exception <a 'java/security/PrivilegedActionException'> (0x000000076e67e0f0) thrown at [/Users/java_re/workspace/8-2-build-macosx-x86_64/jdk8u31/2394/hotspot/src/share/vm/prims/jvm.cpp, line 1312]
Event: 56.264 Thread 0x00007f8a61c6c800 Exception <a 'java/lang/IllegalArgumentException': object is not an instance of declaring class> (0x000000076e6854c0) thrown at [/Users/java_re/workspace/8-2-build-macosx-x86_64/jdk8u31/2394/hotspot/src/share/vm/runtime/reflection.cpp, line 925]

Events (10 events):
Event: 68.908 Executing VM operation: ChangeSingleStep done
Event: 69.490 Executing VM operation: GetOrSetLocal
Event: 69.490 Executing VM operation: GetOrSetLocal done
Event: 69.490 Executing VM operation: GetOrSetLocal
Event: 69.490 Executing VM operation: GetOrSetLocal done
Event: 69.490 Executing VM operation: GetOrSetLocal
Event: 69.490 Executing VM operation: GetOrSetLocal done
Event: 69.491 Executing VM operation: GetOrSetLocal
Event: 69.491 Executing VM operation: GetOrSetLocal done
Event: 69.509 Executing VM operation: RevokeBias


Dynamic libraries:
0x000000000b8fc000 	/System/Library/Frameworks/Cocoa.framework/Versions/A/Cocoa
0x000000000b8fc000 	/System/Library/Frameworks/Security.framework/Versions/A/Security
0x000000000b8fc000 	/System/Library/Frameworks/ApplicationServices.framework/Versions/A/ApplicationServices
0x000000000b8fc000 	/usr/lib/libz.1.dylib
0x000000000b8fc000 	/usr/lib/libSystem.B.dylib
0x000000000b8fc000 	/usr/lib/libobjc.A.dylib
0x000000000b8fc000 	/System/Library/Frameworks/CoreFoundation.framework/Versions/A/CoreFoundation
0x000000000b8fc000 	/System/Library/Frameworks/Foundation.framework/Versions/C/Foundation
0x000000000b8fc000 	/System/Library/Frameworks/AppKit.framework/Versions/C/AppKit
0x000000000b8fc000 	/System/Library/Frameworks/CoreData.framework/Versions/A/CoreData
0x000000000b8fc000 	/System/Library/PrivateFrameworks/RemoteViewServices.framework/Versions/A/RemoteViewServices
0x000000000b8fc000 	/System/Library/PrivateFrameworks/UIFoundation.framework/Versions/A/UIFoundation
0x000000000b8fc000 	/System/Library/Frameworks/IOSurface.framework/Versions/A/IOSurface
0x000000000b8fc000 	/System/Library/Frameworks/AudioToolbox.framework/Versions/A/AudioToolbox
0x000000000b8fc000 	/System/Library/Frameworks/AudioUnit.framework/Versions/A/AudioUnit
0x000000000b8fc000 	/System/Library/PrivateFrameworks/DataDetectorsCore.framework/Versions/A/DataDetectorsCore
0x000000000b8fc000 	/System/Library/PrivateFrameworks/DesktopServicesPriv.framework/Versions/A/DesktopServicesPriv
0x000000000b8fc000 	/System/Library/Frameworks/Carbon.framework/Versions/A/Frameworks/HIToolbox.framework/Versions/A/HIToolbox
0x000000000b8fc000 	/System/Library/Frameworks/QuartzCore.framework/Versions/A/QuartzCore
0x000000000b8fc000 	/System/Library/Frameworks/Carbon.framework/Versions/A/Frameworks/SpeechRecognition.framework/Versions/A/SpeechRecognition
0x000000000b8fc000 	/usr/lib/libauto.dylib
0x000000000b8fc000 	/usr/lib/libicucore.A.dylib
0x000000000b8fc000 	/usr/lib/libxml2.2.dylib
0x000000000b8fc000 	/System/Library/PrivateFrameworks/CoreUI.framework/Versions/A/CoreUI
0x000000000b8fc000 	/System/Library/Frameworks/CoreAudio.framework/Versions/A/CoreAudio
0x000000000b8fc000 	/System/Library/Frameworks/DiskArbitration.framework/Versions/A/DiskArbitration
0x000000000b8fc000 	/usr/lib/liblangid.dylib
0x000000000b8fc000 	/System/Library/PrivateFrameworks/MultitouchSupport.framework/Versions/A/MultitouchSupport
0x000000000b8fc000 	/System/Library/Frameworks/IOKit.framework/Versions/A/IOKit
0x000000000b8fc000 	/usr/lib/libDiagnosticMessagesClient.dylib
0x000000000b8fc000 	/System/Library/Frameworks/CoreServices.framework/Versions/A/CoreServices
0x000000000b8fc000 	/System/Library/PrivateFrameworks/PerformanceAnalysis.framework/Versions/A/PerformanceAnalysis
0x000000000b8fc000 	/System/Library/PrivateFrameworks/GenerationalStorage.framework/Versions/A/GenerationalStorage
0x000000000b8fc000 	/System/Library/Frameworks/OpenGL.framework/Versions/A/OpenGL
0x000000000b8fc000 	/System/Library/PrivateFrameworks/Sharing.framework/Versions/A/Sharing
0x000000000b8fc000 	/System/Library/Frameworks/CoreGraphics.framework/Versions/A/CoreGraphics
0x000000000b8fc000 	/System/Library/Frameworks/CoreText.framework/Versions/A/CoreText
0x000000000b8fc000 	/System/Library/Frameworks/ImageIO.framework/Versions/A/ImageIO
0x000000000b8fc000 	/usr/lib/libextension.dylib
0x000000000b8fc000 	/System/Library/PrivateFrameworks/Backup.framework/Versions/A/Backup
0x000000000b8fc000 	/usr/lib/libarchive.2.dylib
0x000000000b8fc000 	/System/Library/Frameworks/CFNetwork.framework/Versions/A/CFNetwork
0x000000000b8fc000 	/System/Library/Frameworks/SystemConfiguration.framework/Versions/A/SystemConfiguration
0x000000000b8fc000 	/usr/lib/libCRFSuite.dylib
0x000000000b8fc000 	/usr/lib/libc++.1.dylib
0x000000000b8fc000 	/usr/lib/libc++abi.dylib
0x000000000b8fc000 	/usr/lib/system/libcache.dylib
0x000000000b8fc000 	/usr/lib/system/libcommonCrypto.dylib
0x000000000b8fc000 	/usr/lib/system/libcompiler_rt.dylib
0x000000000b8fc000 	/usr/lib/system/libcopyfile.dylib
0x000000000b8fc000 	/usr/lib/system/libcorecrypto.dylib
0x000000000b8fc000 	/usr/lib/system/libdispatch.dylib
0x000000000b8fc000 	/usr/lib/system/libdyld.dylib
0x000000000b8fc000 	/usr/lib/system/libkeymgr.dylib
0x000000000b8fc000 	/usr/lib/system/liblaunch.dylib
0x000000000b8fc000 	/usr/lib/system/libmacho.dylib
0x000000000b8fc000 	/usr/lib/system/libquarantine.dylib
0x000000000b8fc000 	/usr/lib/system/libremovefile.dylib
0x000000000b8fc000 	/usr/lib/system/libsystem_asl.dylib
0x000000000b8fc000 	/usr/lib/system/libsystem_blocks.dylib
0x000000000b8fc000 	/usr/lib/system/libsystem_c.dylib
0x000000000b8fc000 	/usr/lib/system/libsystem_configuration.dylib
0x000000000b8fc000 	/usr/lib/system/libsystem_coreservices.dylib
0x000000000b8fc000 	/usr/lib/system/libsystem_coretls.dylib
0x000000000b8fc000 	/usr/lib/system/libsystem_dnssd.dylib
0x000000000b8fc000 	/usr/lib/system/libsystem_info.dylib
0x000000000b8fc000 	/usr/lib/system/libsystem_kernel.dylib
0x000000000b8fc000 	/usr/lib/system/libsystem_m.dylib
0x000000000b8fc000 	/usr/lib/system/libsystem_malloc.dylib
0x000000000b8fc000 	/usr/lib/system/libsystem_network.dylib
0x000000000b8fc000 	/usr/lib/system/libsystem_networkextension.dylib
0x000000000b8fc000 	/usr/lib/system/libsystem_notify.dylib
0x000000000b8fc000 	/usr/lib/system/libsystem_platform.dylib
0x000000000b8fc000 	/usr/lib/system/libsystem_pthread.dylib
0x000000000b8fc000 	/usr/lib/system/libsystem_sandbox.dylib
0x000000000b8fc000 	/usr/lib/system/libsystem_secinit.dylib
0x000000000b8fc000 	/usr/lib/system/libsystem_stats.dylib
0x000000000b8fc000 	/usr/lib/system/libsystem_trace.dylib
0x000000000b8fc000 	/usr/lib/system/libunc.dylib
0x000000000b8fc000 	/usr/lib/system/libunwind.dylib
0x000000000b8fc000 	/usr/lib/system/libxpc.dylib
0x000000000b8fc000 	/usr/lib/libbz2.1.0.dylib
0x000000000b8fc000 	/usr/lib/liblzma.5.dylib
0x000000000b8fc000 	/usr/lib/libbsm.0.dylib
0x000000000b8fc000 	/usr/lib/libsqlite3.dylib
0x000000000b8fc000 	/usr/lib/system/libkxld.dylib
0x000000000b8fc000 	/usr/lib/libxar.1.dylib
0x000000000b8fc000 	/usr/lib/libpam.2.dylib
0x000000000b8fc000 	/usr/lib/libOpenScriptingUtil.dylib
0x000000000b8fc000 	/System/Library/Frameworks/CoreServices.framework/Versions/A/Frameworks/FSEvents.framework/Versions/A/FSEvents
0x000000000b8fc000 	/System/Library/Frameworks/CoreServices.framework/Versions/A/Frameworks/CarbonCore.framework/Versions/A/CarbonCore
0x000000000b8fc000 	/System/Library/Frameworks/CoreServices.framework/Versions/A/Frameworks/Metadata.framework/Versions/A/Metadata
0x000000000b8fc000 	/System/Library/Frameworks/CoreServices.framework/Versions/A/Frameworks/OSServices.framework/Versions/A/OSServices
0x000000000b8fc000 	/System/Library/Frameworks/CoreServices.framework/Versions/A/Frameworks/SearchKit.framework/Versions/A/SearchKit
0x000000000b8fc000 	/System/Library/Frameworks/CoreServices.framework/Versions/A/Frameworks/AE.framework/Versions/A/AE
0x000000000b8fc000 	/System/Library/Frameworks/CoreServices.framework/Versions/A/Frameworks/LaunchServices.framework/Versions/A/LaunchServices
0x000000000b8fc000 	/System/Library/Frameworks/CoreServices.framework/Versions/A/Frameworks/DictionaryServices.framework/Versions/A/DictionaryServices
0x000000000b8fc000 	/System/Library/Frameworks/NetFS.framework/Versions/A/NetFS
0x000000000b8fc000 	/System/Library/PrivateFrameworks/NetAuth.framework/Versions/A/NetAuth
0x000000000b8fc000 	/System/Library/PrivateFrameworks/login.framework/Versions/A/Frameworks/loginsupport.framework/Versions/A/loginsupport
0x000000000b8fc000 	/System/Library/PrivateFrameworks/TCC.framework/Versions/A/TCC
0x000000000b8fc000 	/usr/lib/libmecabra.dylib
0x000000000b8fc000 	/System/Library/Frameworks/ApplicationServices.framework/Versions/A/Frameworks/ATS.framework/Versions/A/ATS
0x000000000b8fc000 	/System/Library/Frameworks/ApplicationServices.framework/Versions/A/Frameworks/ColorSync.framework/Versions/A/ColorSync
0x000000000b8fc000 	/System/Library/Frameworks/ApplicationServices.framework/Versions/A/Frameworks/HIServices.framework/Versions/A/HIServices
0x000000000b8fc000 	/System/Library/Frameworks/ApplicationServices.framework/Versions/A/Frameworks/LangAnalysis.framework/Versions/A/LangAnalysis
0x000000000b8fc000 	/System/Library/Frameworks/ApplicationServices.framework/Versions/A/Frameworks/PrintCore.framework/Versions/A/PrintCore
0x000000000b8fc000 	/System/Library/Frameworks/ApplicationServices.framework/Versions/A/Frameworks/QD.framework/Versions/A/QD
0x000000000b8fc000 	/System/Library/Frameworks/ApplicationServices.framework/Versions/A/Frameworks/SpeechSynthesis.framework/Versions/A/SpeechSynthesis
0x000000000b8fc000 	/System/Library/Frameworks/Accelerate.framework/Versions/A/Accelerate
0x000000000b8fc000 	/System/Library/Frameworks/Accelerate.framework/Versions/A/Frameworks/vImage.framework/Versions/A/vImage
0x000000000b8fc000 	/System/Library/Frameworks/Accelerate.framework/Versions/A/Frameworks/vecLib.framework/Versions/A/vecLib
0x000000000b8fc000 	/System/Library/Frameworks/Accelerate.framework/Versions/A/Frameworks/vecLib.framework/Versions/A/libvDSP.dylib
0x000000000b8fc000 	/System/Library/Frameworks/Accelerate.framework/Versions/A/Frameworks/vecLib.framework/Versions/A/libvMisc.dylib
0x000000000b8fc000 	/System/Library/Frameworks/Accelerate.framework/Versions/A/Frameworks/vecLib.framework/Versions/A/libLAPACK.dylib
0x000000000b8fc000 	/System/Library/Frameworks/Accelerate.framework/Versions/A/Frameworks/vecLib.framework/Versions/A/libBLAS.dylib
0x000000000b8fc000 	/System/Library/Frameworks/Accelerate.framework/Versions/A/Frameworks/vecLib.framework/Versions/A/libLinearAlgebra.dylib
0x000000000b8fc000 	/System/Library/Frameworks/ApplicationServices.framework/Versions/A/Frameworks/ATS.framework/Versions/A/Resources/libFontParser.dylib
0x000000000b8fc000 	/System/Library/Frameworks/ApplicationServices.framework/Versions/A/Frameworks/ATS.framework/Versions/A/Resources/libFontRegistry.dylib
0x000000000b8fc000 	/System/Library/PrivateFrameworks/AppleVPA.framework/Versions/A/AppleVPA
0x000000000b8fc000 	/System/Library/PrivateFrameworks/AppleJPEG.framework/Versions/A/AppleJPEG
0x000000000b8fc000 	/System/Library/Frameworks/ImageIO.framework/Versions/A/Resources/libJPEG.dylib
0x000000000b8fc000 	/System/Library/Frameworks/ImageIO.framework/Versions/A/Resources/libTIFF.dylib
0x000000000b8fc000 	/System/Library/Frameworks/ImageIO.framework/Versions/A/Resources/libPng.dylib
0x000000000b8fc000 	/System/Library/Frameworks/ImageIO.framework/Versions/A/Resources/libGIF.dylib
0x000000000b8fc000 	/System/Library/Frameworks/ImageIO.framework/Versions/A/Resources/libJP2.dylib
0x000000000b8fc000 	/System/Library/Frameworks/ImageIO.framework/Versions/A/Resources/libRadiance.dylib
0x000000000b8fc000 	/System/Library/Frameworks/CoreVideo.framework/Versions/A/CoreVideo
0x000000000b8fc000 	/System/Library/Frameworks/OpenGL.framework/Versions/A/Libraries/libGLU.dylib
0x000000000b8fc000 	/System/Library/Frameworks/OpenGL.framework/Versions/A/Libraries/libGFXShared.dylib
0x000000000b8fc000 	/System/Library/Frameworks/OpenGL.framework/Versions/A/Libraries/libGL.dylib
0x000000000b8fc000 	/System/Library/Frameworks/OpenGL.framework/Versions/A/Libraries/libGLImage.dylib
0x000000000b8fc000 	/System/Library/Frameworks/OpenGL.framework/Versions/A/Libraries/libCVMSPluginSupport.dylib
0x000000000b8fc000 	/System/Library/Frameworks/OpenGL.framework/Versions/A/Libraries/libCoreVMClient.dylib
0x000000000b8fc000 	/usr/lib/libcups.2.dylib
0x000000000b8fc000 	/System/Library/Frameworks/Kerberos.framework/Versions/A/Kerberos
0x000000000b8fc000 	/System/Library/Frameworks/GSS.framework/Versions/A/GSS
0x000000000b8fc000 	/usr/lib/libresolv.9.dylib
0x000000000b8fc000 	/usr/lib/libiconv.2.dylib
0x000000000b8fc000 	/System/Library/PrivateFrameworks/Heimdal.framework/Versions/A/Heimdal
0x000000000b8fc000 	/usr/lib/libheimdal-asn1.dylib
0x000000000b8fc000 	/System/Library/Frameworks/OpenDirectory.framework/Versions/A/OpenDirectory
0x000000000b8fc000 	/System/Library/PrivateFrameworks/CommonAuth.framework/Versions/A/CommonAuth
0x000000000b8fc000 	/System/Library/Frameworks/OpenDirectory.framework/Versions/A/Frameworks/CFOpenDirectory.framework/Versions/A/CFOpenDirectory
0x000000000b8fc000 	/System/Library/Frameworks/SecurityFoundation.framework/Versions/A/SecurityFoundation
0x000000000b8fc000 	/System/Library/PrivateFrameworks/LanguageModeling.framework/Versions/A/LanguageModeling
0x000000000b8fc000 	/usr/lib/libcmph.dylib
0x000000000b8fc000 	/System/Library/Frameworks/ServiceManagement.framework/Versions/A/ServiceManagement
0x000000000b8fc000 	/usr/lib/libxslt.1.dylib
0x000000000b8fc000 	/System/Library/Frameworks/Carbon.framework/Versions/A/Frameworks/Ink.framework/Versions/A/Ink
0x000000000b8fc000 	/System/Library/Frameworks/QuartzCore.framework/Versions/A/Frameworks/CoreImage.framework/Versions/A/CoreImage
0x000000000b8fc000 	/System/Library/PrivateFrameworks/CrashReporterSupport.framework/Versions/A/CrashReporterSupport
0x000000000b8fc000 	/System/Library/Frameworks/OpenCL.framework/Versions/A/OpenCL
0x000000000b8fc000 	/System/Library/PrivateFrameworks/FaceCore.framework/Versions/A/FaceCore
0x000000000b8fc000 	/System/Library/PrivateFrameworks/Ubiquity.framework/Versions/A/Ubiquity
0x000000000b8fc000 	/System/Library/PrivateFrameworks/IconServices.framework/Versions/A/IconServices
0x000000000b8fc000 	/System/Library/PrivateFrameworks/ChunkingLibrary.framework/Versions/A/ChunkingLibrary
0x000000000b8fc000 	/System/Library/PrivateFrameworks/Apple80211.framework/Versions/A/Apple80211
0x000000000b8fc000 	/System/Library/Frameworks/CoreWLAN.framework/Versions/A/CoreWLAN
0x000000000b8fc000 	/System/Library/Frameworks/IOBluetooth.framework/Versions/A/IOBluetooth
0x000000000b8fc000 	/System/Library/PrivateFrameworks/CoreWiFi.framework/Versions/A/CoreWiFi
0x000000000b8fc000 	/System/Library/Frameworks/CoreBluetooth.framework/Versions/A/CoreBluetooth
0x000000000b8fc000 	/System/Library/PrivateFrameworks/DebugSymbols.framework/Versions/A/DebugSymbols
0x000000000b8fc000 	/System/Library/PrivateFrameworks/CoreSymbolication.framework/Versions/A/CoreSymbolication
0x000000000b8fc000 	/System/Library/PrivateFrameworks/Symbolication.framework/Versions/A/Symbolication
0x000000000b8fc000 	/System/Library/PrivateFrameworks/SpeechRecognitionCore.framework/Versions/A/SpeechRecognitionCore
0x0000000106600000 	/Library/Java/JavaVirtualMachines/jdk1.8.0_31.jdk/Contents/Home/jre/lib/server/libjvm.dylib
0x000000000b8fc000 	/usr/lib/libstdc++.6.dylib
0x0000000105505000 	/Library/Java/JavaVirtualMachines/jdk1.8.0_31.jdk/Contents/Home/jre/lib/libverify.dylib
0x0000000105513000 	/Library/Java/JavaVirtualMachines/jdk1.8.0_31.jdk/Contents/Home/jre/lib/libjava.dylib
0x0000000105548000 	/Library/Java/JavaVirtualMachines/jdk1.8.0_31.jdk/Contents/Home/jre/lib/libjdwp.dylib
0x0000000105593000 	/Library/Java/JavaVirtualMachines/jdk1.8.0_31.jdk/Contents/Home/jre/lib/libnpt.dylib
0x00000001055a0000 	/Library/Java/JavaVirtualMachines/jdk1.8.0_31.jdk/Contents/Home/jre/lib/libzip.dylib
0x00000001231a6000 	/System/Library/Frameworks/JavaVM.framework/Frameworks/JavaRuntimeSupport.framework/JavaRuntimeSupport
0x00000001231bc000 	/System/Library/Frameworks/JavaVM.framework/Versions/A/Frameworks/JavaNativeFoundation.framework/Versions/A/JavaNativeFoundation
0x00000001231d0000 	/System/Library/Frameworks/JavaVM.framework/Versions/A/JavaVM
0x000000000b8fc000 	/System/Library/Frameworks/Carbon.framework/Versions/A/Carbon
0x00000001231dc000 	/System/Library/PrivateFrameworks/JavaLaunching.framework/Versions/A/JavaLaunching
0x000000000b8fc000 	/System/Library/Frameworks/Carbon.framework/Versions/A/Frameworks/CommonPanels.framework/Versions/A/CommonPanels
0x000000000b8fc000 	/System/Library/Frameworks/Carbon.framework/Versions/A/Frameworks/Help.framework/Versions/A/Help
0x000000000b8fc000 	/System/Library/Frameworks/Carbon.framework/Versions/A/Frameworks/ImageCapture.framework/Versions/A/ImageCapture
0x000000000b8fc000 	/System/Library/Frameworks/Carbon.framework/Versions/A/Frameworks/OpenScripting.framework/Versions/A/OpenScripting
0x000000000b8fc000 	/System/Library/Frameworks/Carbon.framework/Versions/A/Frameworks/Print.framework/Versions/A/Print
0x000000000b8fc000 	/System/Library/Frameworks/Carbon.framework/Versions/A/Frameworks/SecurityHI.framework/Versions/A/SecurityHI
0x00000001232ed000 	/Library/Java/JavaVirtualMachines/jdk1.8.0_31.jdk/Contents/Home/jre/lib/libdt_socket.dylib
0x00000001259ac000 	/Library/Java/JavaVirtualMachines/jdk1.8.0_31.jdk/Contents/Home/jre/lib/libnet.dylib
0x00000001257e6000 	/Library/Java/JavaVirtualMachines/jdk1.8.0_31.jdk/Contents/Home/jre/lib/libmanagement.dylib
0x00000001257dc000 	/private/var/folders/mf/03qtdmr131j0fstqrhncqmsr0000gp/T/libjansi-64-1-6653708111075067678.11
0x0000000125920000 	/Library/Java/JavaVirtualMachines/jdk1.8.0_31.jdk/Contents/Home/jre/lib/libsunec.dylib
0x00000001257a8000 	/Library/Java/JavaVirtualMachines/jdk1.8.0_31.jdk/Contents/Home/jre/lib/libnio.dylib
0x00000001257b8000 	/private/var/folders/mf/03qtdmr131j0fstqrhncqmsr0000gp/T/jffi1319993175187088900.dylib
0x0000000126018000 	/usr/local/lib/libosxfuse.dylib

VM Arguments:
jvm_args: -agentlib:jdwp=transport=dt_socket,suspend=y,address=localhost:50218 -Dfile.encoding=UTF-8 
java_command: org.icgc.dcc.storage.client.ClientMain mount --mount-point /tmp/icgc --logging.org.icgc=DEBUG --spring.profiles.active=amazon --accessToken=94a5da4a-b919-4919-a1ad-b46aaa94e2e2 --client.ssl.trustStore=file:/Users/btiernay/Workspaces/dcc/dcc-storage/dcc-storage-client/src/main/conf/client.jks
java_class_path (initial): /Users/btiernay/Workspaces/dcc/dcc-storage/dcc-storage-client/target/classes:/Users/btiernay/Workspaces/dcc/dcc-storage/dcc-storage-core/target/classes:/Users/btiernay/.m2/repository/com/sun/jersey/jersey-client/1.17.1/jersey-client-1.17.1.jar:/Users/btiernay/.m2/repository/com/sun/jersey/jersey-core/1.17.1/jersey-core-1.17.1.jar:/Users/btiernay/.m2/repository/com/sun/jersey/jersey-json/1.17.1/jersey-json-1.17.1.jar:/Users/btiernay/.m2/repository/org/codehaus/jettison/jettison/1.1/jettison-1.1.jar:/Users/btiernay/.m2/repository/com/sun/xml/bind/jaxb-impl/2.2.3-1/jaxb-impl-2.2.3-1.jar:/Users/btiernay/.m2/repository/javax/xml/bind/jaxb-api/2.2.2/jaxb-api-2.2.2.jar:/Users/btiernay/.m2/repository/javax/xml/stream/stax-api/1.0-2/stax-api-1.0-2.jar:/Users/btiernay/.m2/repository/javax/activation/activation/1.1/activation-1.1.jar:/Users/btiernay/.m2/repository/org/codehaus/jackson/jackson-core-asl/1.9.2/jackson-core-asl-1.9.2.jar:/Users/btiernay/.m2/repository/org/codehaus/jackson/jackson-mapper-asl/1.9.2/jackson-mapper-asl-1.9.2.jar:/Users/btiernay/.m2/repository/org/codehaus/jackson/jackson-jaxrs/1.9.2/jackson-jaxrs-1.9.2.jar:/Users/btiernay/.m2/repository/org/codehaus/jackson/jackson-xc/1.9.2/jackson-xc-1.9.2.jar:/Users/btiernay/.m2/repository/commons-lang/commons-lang/2.6/commons-lang-2.6.jar:/Users/btiernay/Workspaces/dcc/dcc-storage/dcc-storage-fs/target/classes:/Users/btiernay/.m2/repository/co/paralleluniverse/javafs/0.1.0-SNAPSHOT/javafs-0.1.0-SNAPSHOT.jar:/Users/btiernay/.m2/repository/com/github/jnr/jnr-posix/3.0.17/jnr-posix-3.0.17.jar:/Users/btiernay/.m2/repository/com/github/jnr/jnr-constants/0.8.8/jnr-constants-0.8.8.jar:/Users/btiernay/.m2/repository/com/github/jnr/jnr-ffi/2.0.3/jnr-ffi-2.0.3.jar:/Users/btiernay/.m2/repository/com/github/jnr/jffi/1.2.9/jffi-1.2.9.jar:/Users/btiernay/.m2/repository/com/github/jnr/jffi/1.2.9/jffi-1.2.9-native.jar:/Users/btiernay/.m2/repository/org/ow2/asm/asm/5.0.3/asm-5.0.3.jar:/Users/btiernay/.m
Launcher Type: SUN_STANDARD

Environment Variables:
PATH=/usr/bin:/bin:/usr/sbin:/sbin
SHELL=/bin/zsh
DISPLAY=/private/tmp/com.apple.launchd.swBkMAQZYL/org.macosforge.xquartz:0

Signal Handlers:
SIGSEGV: [libjvm.dylib+0x57a0e7], sa_mask[0]=11111111011111110111111111111111, sa_flags=SA_ONSTACK|SA_RESTART|SA_SIGINFO
SIGBUS: [libjvm.dylib+0x57a0e7], sa_mask[0]=11111111011111110111111111111111, sa_flags=SA_RESTART|SA_SIGINFO
SIGFPE: [libjvm.dylib+0x45af24], sa_mask[0]=11111111011111110111111111111111, sa_flags=SA_RESTART|SA_SIGINFO
SIGPIPE: [libjvm.dylib+0x45af24], sa_mask[0]=11111111011111110111111111111111, sa_flags=SA_RESTART|SA_SIGINFO
SIGXFSZ: [libjvm.dylib+0x45af24], sa_mask[0]=11111111011111110111111111111111, sa_flags=SA_RESTART|SA_SIGINFO
SIGILL: [libjvm.dylib+0x45af24], sa_mask[0]=11111111011111110111111111111111, sa_flags=SA_RESTART|SA_SIGINFO
SIGUSR1: SIG_DFL, sa_mask[0]=00000000000000000000000000000000, sa_flags=none
SIGUSR2: [libjvm.dylib+0x45aa42], sa_mask[0]=00100000000000000000000000000000, sa_flags=SA_RESTART|SA_SIGINFO
SIGHUP: [libjvm.dylib+0x459015], sa_mask[0]=11111111011111110111111111111111, sa_flags=SA_RESTART|SA_SIGINFO
SIGINT: [libjvm.dylib+0x459015], sa_mask[0]=11111111011111110111111111111111, sa_flags=SA_RESTART|SA_SIGINFO
SIGTERM: [libjvm.dylib+0x459015], sa_mask[0]=11111111011111110111111111111111, sa_flags=SA_RESTART|SA_SIGINFO
SIGQUIT: [libjvm.dylib+0x459015], sa_mask[0]=11111111011111110111111111111111, sa_flags=SA_RESTART|SA_SIGINFO


---------------  S Y S T E M  ---------------

OS:Bsduname:Darwin 14.5.0 Darwin Kernel Version 14.5.0: Wed Jul 29 02:26:53 PDT 2015; root:xnu-2782.40.9~1/RELEASE_X86_64 x86_64
rlimit: STACK 8192k, CORE 0k, NPROC 709, NOFILE 10240, AS infinity
load average:1.71 2.01 2.07

CPU:total 8 (4 cores per cpu, 2 threads per core) family 6 model 70 stepping 1, cmov, cx8, fxsr, mmx, sse, sse2, sse3, ssse3, sse4.1, sse4.2, popcnt, avx, avx2, aes, clmul, erms, rtm, lzcnt, ht, tsc, tscinvbit, bmi1, bmi2

Memory: 4k page, physical 16777216k(4119572k free)

/proc/meminfo:


vm_info: Java HotSpot(TM) 64-Bit Server VM (25.31-b07) for bsd-amd64 JRE (1.8.0_31-b13), built on Dec 17 2014 20:45:36 by "java_re" with gcc 4.2.1 (Based on Apple Inc. build 5658) (LLVM build 2336.11.00)

time: Tue Oct  6 22:23:06 2015
elapsed time: 69 seconds (0d 0h 1m 9s)

